
             Lattice Mapping Report File for Design Module 'fuzz'


Design Information
------------------

Command line:   map -a MachXO2 -p LCMXO2-1200HC -t TQFP100 -s 5 -oc Commercial
     fuzz_impl1.ngd -o fuzz_impl1_map.ncd -pr fuzz_impl1.prf -mp fuzz_impl1.mrp
     -lpf /mnt/2tb/git/awto-2000/fpga/diamond/fuzz/targets/pll_feedbk_INT_DIVB/i
     mpl1/fuzz_impl1.lpf -lpf /mnt/2tb/git/awto-2000/fpga/diamond/fuzz/targets/p
     ll_feedbk_INT_DIVB/fuzz.lpf -c 0 
Target Vendor:  LATTICE
Target Device:  LCMXO2-1200HCTQFP100
Target Performance:   5
Mapper:  xo2c00,  version:  Diamond (64-bit) 3.14.0.75.2
Mapped on:  06/30/26  08:57:43




   Number of warnings:  3
   Number of errors:    1
     

Design Errors/Warnings
----------------------

WARNING - map: Input frequency for EHXPLLJ component 'u0' not specified. The
     EHXPLLJ component should have the input frequency defined by the FREQUENCY
     preference. Using the default of 100.00 Mhz in the absence of specified
     value.
WARNING - map: The EHXPLLJ component 'u0' has a new signal
     'u0_CLKINTFB_TO_CLKFB' added as feedback from CLKINTFB port to CLKFB port
     based on FEEDBK_PATH property setting.
ERROR - map: EHXPLLJ 'u0' output CLKOS with -315 degree phase shift should not
     be used as the feedback signal (FEEDBK_PATH = INT_DIVB).
WARNING - map: EHXPLLJ 'u0' cannot obtain FREQUENCY_PIN_CLKOP=-1.000 when
     FREQUENCY_PIN_CLKI=100.000, CLKI_DIV=1, CLKFB_DIV=1, CLKOP_DIV=1.

IO (PIO) Attributes
-------------------

   IO attributes information not available.

Removed logic
-------------

Block GSR_INST undriven or does not drive anything - clipped.

PLL/DLL Summary
---------------

PLL 1:                                     Pin/Node Value
  PLL Instance Name:                                u0
  PLL Type:                                         EHXPLLJ
  Input Clock:                             PIN      clk_c
  Output Clock(P):                         NODE     clkop_w
  Output Clock(S):                                  NONE
  Output Clock(S2):                                 NONE
  Output Clock(S3):                                 NONE
  Feedback Signal:                         NODE     u0_CLKINTFB_TO_CLKFB

                                    Page 1




Design:  fuzz                                          Date:  06/30/26  08:57:43

PLL/DLL Summary (cont)
----------------------
  Reset Signal:                                     NONE
  M Divider Reset Signal:                           NONE
  C Divider Reset Signal:                           NONE
  D Divider Reset Signal:                           NONE
  Standby Signal:                                   NONE
  PLL LOCK signal:                         NODE     lock_w
  PLL Data bus CLK Signal:                          NONE
  PLL Data bus Strobe Signal:                       NONE
  PLL Data bus Reset Signal:                        NONE
  PLL Data bus Write Enable Signal:                 NONE
  PLL Data bus Address0:                            NONE
  PLL Data bus Address1:                            NONE
  PLL Data bus Address2:                            NONE
  PLL Data bus Address3:                            NONE
  PLL Data bus Address4:                            NONE
  PLL Data In bus Data0:                            NONE
  PLL Data In bus Data1:                            NONE
  PLL Data In bus Data2:                            NONE
  PLL Data In bus Data3:                            NONE
  PLL Data In bus Data4:                            NONE
  PLL Data In bus Data5:                            NONE
  PLL Data In bus Data6:                            NONE
  PLL Data In bus Data7:                            NONE
  PLL Data bus Acknowledge:                         NONE
  PLL Data Out bus Data0:                           NONE
  PLL Data Out bus Data1:                           NONE
  PLL Data Out bus Data2:                           NONE
  PLL Data Out bus Data3:                           NONE
  PLL Data Out bus Data4:                           NONE
  PLL Data Out bus Data5:                           NONE
  PLL Data Out bus Data6:                           NONE
  PLL Data Out bus Data7:                           NONE
  Input Clock Frequency (MHz):                      100.0000
  Output Clock(P) Frequency (MHz):                  NA
  Output Clock(S) Frequency (MHz):                  NA
  Output Clock(S2) Frequency (MHz):                 NA
  Output Clock(S3) Frequency (MHz):                 NA
  CLKOP Post Divider A Input:                       DIVA
  CLKOS Post Divider B Input:                       DIVB
  CLKOS2 Post Divider C Input:                      DIVC
  CLKOS3 Post Divider D Input:                      DIVD
  Pre Divider A Input:                              VCO_PHASE
  Pre Divider B Input:                              VCO_PHASE
  Pre Divider C Input:                              VCO_PHASE
  Pre Divider D Input:                              VCO_PHASE
  VCO Bypass A Input:                               VCO_PHASE
  VCO Bypass B Input:                               VCO_PHASE
  VCO Bypass C Input:                               VCO_PHASE
  VCO Bypass D Input:                               VCO_PHASE
  FB_MODE:                                          INT_CLKOS
  CLKI Divider:                                     1
  CLKFB Divider:                                    1
  CLKOP Divider:                                    1
  CLKOS Divider:                                    8
  CLKOS2 Divider:                                   8
  CLKOS3 Divider:                                   8

                                    Page 2




Design:  fuzz                                          Date:  06/30/26  08:57:43

PLL/DLL Summary (cont)
----------------------
  Fractional N Divider:                             0
  CLKOP Desired Phase Shift(degree):                0
  CLKOP Trim Option Rising/Falling:                 RISING
  CLKOP Trim Option Delay:                          0
  CLKOS Desired Phase Shift(degree):                -315
  CLKOS Trim Option Rising/Falling:                 RISING
  CLKOS Trim Option Delay:                          0
  CLKOS2 Desired Phase Shift(degree):               -315
  CLKOS3 Desired Phase Shift(degree):               -315

ASIC Components
---------------

Instance Name: u0
         Type: EHXPLLJ










































                                    Page 3


   Copyright (c) 1991-1994 by NeoCAD Inc. All rights reserved.
        Copyright (c) 1995 AT&T Corp.   All rights reserved.
        Copyright (c) 1995-2001 Lucent Technologies Inc.  All rights reserved.
        Copyright (c) 2001 Agere Systems   All rights reserved.
        Copyright (c) 2002-2024 Lattice Semiconductor Corporation,  All rights
        reserved.
