
             Lattice Mapping Report File for Design Module 'fuzz'


Design Information
------------------

Command line:   map -a MachXO2 -p LCMXO2-1200HC -t TQFP100 -s 5 -oc Commercial
     fuzz_impl1.ngd -o fuzz_impl1_map.ncd -pr fuzz_impl1.prf -mp fuzz_impl1.mrp
     -lpf /mnt/2tb/git/pluribus/diamond-fuzz/targets/re_cfgspi_counting/impl1/fu
     zz_impl1.lpf -lpf
     /mnt/2tb/git/pluribus/diamond-fuzz/targets/re_cfgspi_counting/fuzz.lpf -c 0
     
Target Vendor:  LATTICE
Target Device:  LCMXO2-1200HCTQFP100
Target Performance:   5
Mapper:  xo2c00,  version:  Diamond (64-bit) 3.14.0.75.2
Mapped on:  07/15/26  23:37:43

Design Summary
--------------

   Number of registers:      6 out of  1520 (0%)
      PFU registers:            6 out of  1280 (0%)
      PIO registers:            0 out of   240 (0%)
   Number of SLICEs:         5 out of   640 (1%)
      SLICEs as Logic/ROM:      5 out of   640 (1%)
      SLICEs as RAM:            0 out of   480 (0%)
      SLICEs as Carry:          4 out of   640 (1%)
   Number of LUT4s:         10 out of  1280 (1%)
      Number used as logic LUTs:          2
      Number used as distributed RAM:     0
      Number used as ripple logic:        8
      Number used as shift registers:     0
   Number of PIO sites used: 3 + 4(JTAG) out of 80 (9%)
   Number of block RAMs:  0 out of 7 (0%)
   Number of GSRs:        0 out of 1 (0%)
   EFB used :        No
   JTAG used :       No
   Readback used :   No
   Oscillator used : No
   Startup used :    No
   POR :             On
   Bandgap :         On
   Number of Power Controller:  0 out of 1 (0%)
   Number of Dynamic Bank Controller (BCINRD):  0 out of 4 (0%)
   Number of Dynamic Bank Controller (BCLVDSO):  0 out of 1 (0%)
   Number of DCCA:  0 out of 8 (0%)
   Number of DCMA:  0 out of 2 (0%)
   Number of PLLs:  0 out of 1 (0%)
   Number of DQSDLLs:  0 out of 2 (0%)
   Number of CLKDIVC:  0 out of 4 (0%)
   Number of ECLKSYNCA:  0 out of 4 (0%)
   Number of ECLKBRIDGECS:  0 out of 2 (0%)
   Notes:-
      1. Total number of LUT4s = (Number of logic LUT4s) + 2*(Number of
     distributed RAMs) + 2*(Number of ripple logic)
      2. Number of logic LUT4s does not include count of distributed RAM and
     ripple logic.
   Number of clocks:  1
     Net sck_c: 4 loads, 4 rising, 0 falling (Driver: PIO sck )
   Number of Clock Enables:  0

                                    Page 1




Design:  fuzz                                          Date:  07/15/26  23:37:43

Design Summary (cont)
---------------------
   Number of LSRs:  1
     Net cs_n_c: 4 loads, 4 LSLICEs
   Number of nets driven by tri-state buffers:  0
   Top 10 highest fanout non-clock nets:
     Net cs_n_c: 4 loads
     Net cnt_1: 3 loads
     Net cnt_0: 2 loads
     Net cnt_2: 2 loads
     Net cnt_3: 2 loads
     Net cnt_4: 2 loads
     Net cnt_5: 2 loads
     Net n141: 1 loads
     Net n142: 1 loads
     Net n30: 1 loads




   Number of warnings:  3
   Number of errors:    0
     

Design Errors/Warnings
----------------------

WARNING - map: In "LOCATE COMP "cs_n" SITE "48" ;": Current SYS_CONFIG setting
     prohibits pin "48" to be used as user IO. This preference has been
     disabled.
WARNING - map: In "LOCATE COMP "sck" SITE "31" ;": Current SYS_CONFIG setting
     prohibits pin "31" to be used as user IO. This preference has been
     disabled.
WARNING - map: In "LOCATE COMP "miso" SITE "32" ;": Current SYS_CONFIG setting
     prohibits pin "32" to be used as user IO. This preference has been
     disabled.

IO (PIO) Attributes
-------------------

+---------------------+-----------+-----------+------------+
| IO Name             | Direction | Levelmode | IO         |
|                     |           |  IO_TYPE  | Register   |
+---------------------+-----------+-----------+------------+
| cs_n                | INPUT     | LVCMOS33  |            |
+---------------------+-----------+-----------+------------+
| sck                 | INPUT     | LVCMOS33  |            |
+---------------------+-----------+-----------+------------+
| miso                | OUTPUT    | LVCMOS33  |            |
+---------------------+-----------+-----------+------------+

Removed logic
-------------

Block i2 undriven or does not drive anything - clipped.
Block GSR_INST undriven or does not drive anything - clipped.
Signal GND_net undriven or does not drive anything - clipped.
Signal VCC_net undriven or does not drive anything - clipped.

                                    Page 2




Design:  fuzz                                          Date:  07/15/26  23:37:43

Removed logic (cont)
--------------------
Signal cnt_24_add_4_1/S0 undriven or does not drive anything - clipped.
Signal cnt_24_add_4_1/CI undriven or does not drive anything - clipped.
Signal cnt_24_add_4_7/S1 undriven or does not drive anything - clipped.
Signal cnt_24_add_4_7/CO undriven or does not drive anything - clipped.
Block i1 was optimized away.

     

Run Time and Memory Usage
-------------------------

   Total CPU Time: 0 secs  
   Total REAL Time: 0 secs  
   Peak Memory Usage: 158 MB
        










































                                    Page 3


Copyright (c) 1991-1994 by NeoCAD Inc. All rights reserved.
     Copyright (c) 1995 AT&T Corp.   All rights reserved.
     Copyright (c) 1995-2001 Lucent Technologies Inc.  All rights reserved.
     Copyright (c) 2001 Agere Systems   All rights reserved.
     Copyright (c) 2002-2024 Lattice Semiconductor Corporation,  All rights
     reserved.
