
             Lattice Mapping Report File for Design Module 'fuzz'


Design Information
------------------

Command line:   map -a MachXO2 -p LCMXO2-1200HC -t TQFP100 -s 5 -oc Commercial
     fuzz_impl1.ngd -o fuzz_impl1_map.ncd -pr fuzz_impl1.prf -mp fuzz_impl1.mrp
     -lpf /mnt/2tb/git/awto-2000/fpga/diamond/fuzz/targets/efb_spi_tc_ufm/impl1/
     fuzz_impl1.lpf -lpf
     /mnt/2tb/git/awto-2000/fpga/diamond/fuzz/targets/efb_spi_tc_ufm/fuzz.lpf -c
     0 
Target Vendor:  LATTICE
Target Device:  LCMXO2-1200HCTQFP100
Target Performance:   5
Mapper:  xo2c00,  version:  Diamond (64-bit) 3.14.0.75.2
Mapped on:  06/29/26  22:50:04

Design Summary
--------------

   Number of registers:      1 out of  1520 (0%)
      PFU registers:            1 out of  1280 (0%)
      PIO registers:            0 out of   240 (0%)
   Number of SLICEs:         2 out of   640 (0%)
      SLICEs as Logic/ROM:      2 out of   640 (0%)
      SLICEs as RAM:            0 out of   480 (0%)
      SLICEs as Carry:          0 out of   640 (0%)
   Number of LUT4s:          3 out of  1280 (0%)
      Number used as logic LUTs:          3
      Number used as distributed RAM:     0
      Number used as ripple logic:        0
      Number used as shift registers:     0
   Number of PIO sites used: 2 + 4(JTAG) out of 80 (8%)
   Number of block RAMs:  0 out of 7 (0%)
   Number of GSRs:        0 out of 1 (0%)
   EFB used :        Yes
   JTAG used :       No
   Readback used :   No
   Oscillator used : No
   Startup used :    No
   POR :             On
   Bandgap :         On
   Number of Power Controller:  0 out of 1 (0%)
   Number of Dynamic Bank Controller (BCINRD):  0 out of 4 (0%)
   Number of Dynamic Bank Controller (BCLVDSO):  0 out of 1 (0%)
   Number of DCCA:  0 out of 8 (0%)
   Number of DCMA:  0 out of 2 (0%)
   Number of PLLs:  0 out of 1 (0%)
   Number of DQSDLLs:  0 out of 2 (0%)
   Number of CLKDIVC:  0 out of 4 (0%)
   Number of ECLKSYNCA:  0 out of 4 (0%)
   Number of ECLKBRIDGECS:  0 out of 2 (0%)
   Notes:-
      1. Total number of LUT4s = (Number of logic LUT4s) + 2*(Number of
     distributed RAMs) + 2*(Number of ripple logic)
      2. Number of logic LUT4s does not include count of distributed RAM and
     ripple logic.
   Number of clocks:  1
     Net clk_c: 2 loads, 2 rising, 0 falling (Driver: PIO clk )
   Number of Clock Enables:  0

                                    Page 1




Design:  fuzz                                          Date:  06/29/26  22:50:04

Design Summary (cont)
---------------------
   Number of LSRs:  0
   Number of nets driven by tri-state buffers:  0
   Top 10 highest fanout non-clock nets:
     Net n15: 1 loads
     Net out0_c: 1 loads
     Net wbdato_w_0: 1 loads
     Net wbdato_w_1: 1 loads
     Net wbdato_w_2: 1 loads
     Net wbdato_w_3: 1 loads
     Net wbdato_w_4: 1 loads
     Net wbdato_w_5: 1 loads
     Net wbdato_w_6: 1 loads
     Net wbdato_w_7: 1 loads




   Number of warnings:  2
   Number of errors:    0
     

Design Errors/Warnings
----------------------

WARNING - map: UFM was enabled in EFB: Enabling the configuration interface will
     temporarily disable certain features of the device including Power
     Controller, GSR, Hardened User SPI Port, Hardened Primary User I2C Port.
     Functionality is restored after the Flash Memory (UFM/Configuration)
     Interface is disabled using Disable Configuration Interface command 0x26
     followed by Bypass command 0xFF. 
WARNING - map: u0: TCRSTN pin was grounded, which reset TimerCounter forever.

IO (PIO) Attributes
-------------------

+---------------------+-----------+-----------+------------+
| IO Name             | Direction | Levelmode | IO         |
|                     |           |  IO_TYPE  | Register   |
+---------------------+-----------+-----------+------------+
| out0                | OUTPUT    | LVCMOS33  |            |
+---------------------+-----------+-----------+------------+
| clk                 | INPUT     | LVCMOS33  |            |
+---------------------+-----------+-----------+------------+

Removed logic
-------------

Block i17 undriven or does not drive anything - clipped.
Block GSR_INST undriven or does not drive anything - clipped.
Signal GND_net undriven or does not drive anything - clipped.
Signal VCC_net undriven or does not drive anything - clipped.
Block i1 was optimized away.

     



                                    Page 2




Design:  fuzz                                          Date:  06/29/26  22:50:04

Embedded Functional Block Connection Summary
--------------------------------------------

   Desired WISHBONE clock frequency: 100.0 MHz
   Clock source:                     clk_c
   Reset source:                     NONE
   Functions mode:
      I2C #1 (Primary) Function:     DISABLED
      I2C #2 (Secondary) Function:   DISABLED
      SPI Function:                  ENABLED
      Timer/Counter Function:        ENABLED
      Timer/Counter Mode:            NO_WB
      UFM Connection:                ENABLED
      PLL0 Connection:               DISABLED
      PLL1 Connection:               DISABLED
   I2C Function Summary:
   --------------------
      None
   SPI Function Summary:
   --------------------
      SPI Mode:               SLAVE
      SPI Data Order:         MSB to LSB
      SPI Clock Inversion:    DISABLED
      SPI Phase Adjust:       DISABLED
      SPI Wakeup:             DISABLED
   Timer/Counter Function Summary:
   ------------------------------
      TC_MODE:                CTCM
      TC_SCLK_SEL:            Positive Edge
      TC_CCLK_SEL:            1
      GSR:                    ENABLED
      TC_TOP_SET:             65535
      TC_OCR_SET:             32767
      TC_OC_MODE:             TOGGLE
      TC_RESETN:              ENABLED
      TC_TOP_SEL:             ON
      TC_OV_INT:              OFF
      TC_OCR_INT:             OFF
      TC_ICR_INT:             OFF
      TC_OVERFLOW:            ENABLED
      TC_ICAPTURE:            DISABLED
   UFM Function Summary:
   --------------------
      UFM Utilization:        General Purpose Flash Memory
      Initialized UFM Pages:  0 Pages (0*128 Bits)
      Available General
      Purpose Flash Memory:   511 Pages (511*128 Bits)

           EBR Blocks with Unique
      Initialization Data:    0

           WID		EBR Instance
      ---		------------






                                    Page 3




Design:  fuzz                                          Date:  06/29/26  22:50:04

ASIC Components
---------------

Instance Name: u0
         Type: EFB

Run Time and Memory Usage
-------------------------

   Total CPU Time: 0 secs  
   Total REAL Time: 0 secs  
   Peak Memory Usage: 158 MB
        














































                                    Page 4


Copyright (c) 1991-1994 by NeoCAD Inc. All rights reserved.
     Copyright (c) 1995 AT&T Corp.   All rights reserved.
     Copyright (c) 1995-2001 Lucent Technologies Inc.  All rights reserved.
     Copyright (c) 2001 Agere Systems   All rights reserved.
     Copyright (c) 2002-2024 Lattice Semiconductor Corporation,  All rights
     reserved.
