
Loading design for application trce from file fuzz_impl1.ncd.
Design name: fuzz
NCD version: 3.3
Vendor:      LATTICE
Device:      LCMXO2-1200HC
Package:     TQFP100
Performance: 5
Loading device for application trce from file 'xo2c1200.nph' in environment: /home/dan/lscc/diamond/3.14/ispfpga.
Package Status:                     Final          Version 1.44.
Performance Hardware Data Status:   Final          Version 36.4.
Setup and Hold Report

--------------------------------------------------------------------------------
Lattice TRACE Report - Setup, Version Diamond (64-bit) 3.14.0.75.2
Tue Jun 30 08:20:30 2026

Copyright (c) 1991-1994 by NeoCAD Inc. All rights reserved.
Copyright (c) 1995 AT&T Corp.   All rights reserved.
Copyright (c) 1995-2001 Lucent Technologies Inc.  All rights reserved.
Copyright (c) 2001 Agere Systems   All rights reserved.
Copyright (c) 2002-2024 Lattice Semiconductor Corporation,  All rights reserved.

Report Information
------------------
Command line:    trce -v 10 -gt -sethld -sp 5 -sphld m -o fuzz_impl1.twr fuzz_impl1.ncd fuzz_impl1.prf 
Design file:     fuzz_impl1.ncd
Preference file: fuzz_impl1.prf
Device,speed:    LCMXO2-1200HC,5
Report level:    verbose report, limited to 10 items per preference
--------------------------------------------------------------------------------

BLOCK ASYNCPATHS
BLOCK RESETPATHS
--------------------------------------------------------------------------------



================================================================================
Preference: FREQUENCY NET "osc_w" 2.290000 MHz ;
            1 item scored, 0 timing errors detected.
--------------------------------------------------------------------------------


Passed:  The following path meets requirements by 434.431ns
         The internal maximum frequency of the following component is 444.444 MHz

 Logical Details:  Cell type  Pin name       Component name

   Destination:    SLICE      CLK            SLICE_0

   Delay:               2.250ns -- based on Minimum Pulse Width


Passed: The following path meets requirements by 435.084ns

 Logical Details:  Cell type  Pin type       Cell/ASIC name  (clock net +/-)

   Source:         FF         Q              out0_r_6  (from osc_w +)
   Destination:    FF         Data in        out0_r_6  (to osc_w +)

   Delay:               1.447ns  (59.5% logic, 40.5% route), 2 logic levels.

 Constraint Details:

      1.447ns physical path delay SLICE_0 to SLICE_0 meets
    436.681ns delay constraint less
      0.000ns skew and
      0.150ns DIN_SET requirement (totaling 436.531ns) by 435.084ns

 Physical Path Details:

      Data path SLICE_0 to SLICE_0:

   Name    Fanout   Delay (ns)          Site               Resource
REG_DEL     ---     0.409     R2C15A.CLK to      R2C15A.Q0 SLICE_0 (from osc_w)
ROUTE         2     0.586      R2C15A.Q0 to      R2C15A.A0 out0_c
CTOF_DEL    ---     0.452      R2C15A.A0 to      R2C15A.F0 SLICE_0
ROUTE         1     0.000      R2C15A.F0 to     R2C15A.DI0 out0_N_2 (to osc_w)
                  --------
                    1.447   (59.5% logic, 40.5% route), 2 logic levels.

 Clock Skew Details: 

      Source Clock Path u0 to SLICE_0:

   Name    Fanout   Delay (ns)          Site               Resource
ROUTE         1     1.912        OSC.OSC to     R2C15A.CLK osc_w
                  --------
                    1.912   (0.0% logic, 100.0% route), 0 logic levels.

      Destination Clock Path u0 to SLICE_0:

   Name    Fanout   Delay (ns)          Site               Resource
ROUTE         1     1.912        OSC.OSC to     R2C15A.CLK osc_w
                  --------
                    1.912   (0.0% logic, 100.0% route), 0 logic levels.

Report:  444.444MHz is the maximum frequency for this preference.

Report Summary
--------------
----------------------------------------------------------------------------
Preference                              |   Constraint|       Actual|Levels
----------------------------------------------------------------------------
                                        |             |             |
FREQUENCY NET "osc_w" 2.290000 MHz ;    |    2.290 MHz|  444.444 MHz|   0  
                                        |             |             |
----------------------------------------------------------------------------


All preferences were met.


Clock Domains Analysis
------------------------

Found 1 clocks:

Clock Domain: osc_w   Source: u0.OSC   Loads: 1
   Covered under: FREQUENCY NET "osc_w" 2.290000 MHz ;


Timing summary (Setup):
---------------

Timing errors: 0  Score: 0
Cumulative negative slack: 0

Constraints cover 1 paths, 1 nets, and 4 connections (100.00% coverage)

--------------------------------------------------------------------------------
Lattice TRACE Report - Hold, Version Diamond (64-bit) 3.14.0.75.2
Tue Jun 30 08:20:30 2026

Copyright (c) 1991-1994 by NeoCAD Inc. All rights reserved.
Copyright (c) 1995 AT&T Corp.   All rights reserved.
Copyright (c) 1995-2001 Lucent Technologies Inc.  All rights reserved.
Copyright (c) 2001 Agere Systems   All rights reserved.
Copyright (c) 2002-2024 Lattice Semiconductor Corporation,  All rights reserved.

Report Information
------------------
Command line:    trce -v 10 -gt -sethld -sp 5 -sphld m -o fuzz_impl1.twr fuzz_impl1.ncd fuzz_impl1.prf 
Design file:     fuzz_impl1.ncd
Preference file: fuzz_impl1.prf
Device,speed:    LCMXO2-1200HC,m
Report level:    verbose report, limited to 10 items per preference
--------------------------------------------------------------------------------

BLOCK ASYNCPATHS
BLOCK RESETPATHS
--------------------------------------------------------------------------------



================================================================================
Preference: FREQUENCY NET "osc_w" 2.290000 MHz ;
            1 item scored, 0 timing errors detected.
--------------------------------------------------------------------------------


Passed: The following path meets requirements by 0.379ns

 Logical Details:  Cell type  Pin type       Cell/ASIC name  (clock net +/-)

   Source:         FF         Q              out0_r_6  (from osc_w +)
   Destination:    FF         Data in        out0_r_6  (to osc_w +)

   Delay:               0.366ns  (63.9% logic, 36.1% route), 2 logic levels.

 Constraint Details:

      0.366ns physical path delay SLICE_0 to SLICE_0 meets
     -0.013ns DIN_HLD and
      0.000ns delay constraint less
      0.000ns skew requirement (totaling -0.013ns) by 0.379ns

 Physical Path Details:

      Data path SLICE_0 to SLICE_0:

   Name    Fanout   Delay (ns)          Site               Resource
REG_DEL     ---     0.133     R2C15A.CLK to      R2C15A.Q0 SLICE_0 (from osc_w)
ROUTE         2     0.132      R2C15A.Q0 to      R2C15A.A0 out0_c
CTOF_DEL    ---     0.101      R2C15A.A0 to      R2C15A.F0 SLICE_0
ROUTE         1     0.000      R2C15A.F0 to     R2C15A.DI0 out0_N_2 (to osc_w)
                  --------
                    0.366   (63.9% logic, 36.1% route), 2 logic levels.

 Clock Skew Details: 

      Source Clock Path u0 to SLICE_0:

   Name    Fanout   Delay (ns)          Site               Resource
ROUTE         1     0.681        OSC.OSC to     R2C15A.CLK osc_w
                  --------
                    0.681   (0.0% logic, 100.0% route), 0 logic levels.

      Destination Clock Path u0 to SLICE_0:

   Name    Fanout   Delay (ns)          Site               Resource
ROUTE         1     0.681        OSC.OSC to     R2C15A.CLK osc_w
                  --------
                    0.681   (0.0% logic, 100.0% route), 0 logic levels.

Report Summary
--------------
----------------------------------------------------------------------------
Preference(MIN Delays)                  |   Constraint|       Actual|Levels
----------------------------------------------------------------------------
                                        |             |             |
FREQUENCY NET "osc_w" 2.290000 MHz ;    |     0.000 ns|     0.379 ns|   2  
                                        |             |             |
----------------------------------------------------------------------------


All preferences were met.


Clock Domains Analysis
------------------------

Found 1 clocks:

Clock Domain: osc_w   Source: u0.OSC   Loads: 1
   Covered under: FREQUENCY NET "osc_w" 2.290000 MHz ;


Timing summary (Hold):
---------------

Timing errors: 0  Score: 0
Cumulative negative slack: 0

Constraints cover 1 paths, 1 nets, and 4 connections (100.00% coverage)



Timing summary (Setup and Hold):
---------------

Timing errors: 0 (setup), 0 (hold)
Score: 0 (setup), 0 (hold)
Cumulative negative slack: 0 (0+0)
--------------------------------------------------------------------------------

--------------------------------------------------------------------------------

