--------------------------------------------------------------------------------
Lattice Synthesis Timing Report, Version  
Tue Jun 30 08:36:00 2026

Copyright (c) 1991-1994 by NeoCAD Inc. All rights reserved.
Copyright (c) 1995 AT&T Corp.   All rights reserved.
Copyright (c) 1995-2001 Lucent Technologies Inc.  All rights reserved.
Copyright (c) 2001 Agere Systems   All rights reserved.
Copyright (c) 2002-2024 Lattice Semiconductor Corporation,  All rights reserved.

Report Information
------------------
Design:     fuzz
Constraint file:  
Report level:    verbose report, limited to 3 items per constraint
--------------------------------------------------------------------------------



================================================================================
Constraint: create_clock -period 5.000000 -name clk0 [get_nets clk_c]
            1 item scored, 0 timing errors detected.
--------------------------------------------------------------------------------


Passed:  The following path meets requirements by 3.608ns

 Logical Details:  Cell type  Pin type       Cell name  (clock net +/-)

   Source:         FD1S3AX    CK             d_r_5  (from clk_c +)
   Destination:    OFS1P3DX   D              u0  (to clk_c +)

   Delay:                   1.191ns  (33.8% logic, 66.2% route), 1 logic levels.

 Constraint Details:

      1.191ns data_path d_r_5 to u0 meets
      5.000ns delay constraint less
      0.201ns I_S requirement (totaling 4.799ns) by 3.608ns

 Path Details: d_r_5 to u0

   Name    Fanout   Delay (ns)          Pins               Resource(Cell.Net)
L_CO        ---     0.403             CK to Q              d_r_5 (from clk_c)
Route         1   e 0.788                                  d_r
                  --------
                    1.191  (33.8% logic, 66.2% route), 1 logic levels.

Report: 1.392 ns is the maximum delay for this constraint.


Timing Report Summary
--------------
--------------------------------------------------------------------------------
Constraint                              |   Constraint|       Actual|Levels
--------------------------------------------------------------------------------
                                        |             |             |
create_clock -period 5.000000 -name     |             |             |
clk0 [get_nets clk_c]                   |     5.000 ns|     1.392 ns|     1  
                                        |             |             |
--------------------------------------------------------------------------------


All constraints were met.



Timing summary:
---------------

Timing errors: 0  Score: 0

Constraints cover  1 paths, 2 nets, and 3 connections (60.0% coverage)


Peak memory: 181256192 bytes, TRCE: 851968 bytes, DLYMAN: 0 bytes
CPU_TIME_REPORT: 0 secs 
