
Loading design for application trce from file fuzz_impl1.ncd.
Design name: fuzz
NCD version: 3.3
Vendor:      LATTICE
Device:      LCMXO2-1200HC
Package:     TQFP100
Performance: 5
Loading device for application trce from file 'xo2c1200.nph' in environment: /home/dan/lscc/diamond/3.14/ispfpga.
Package Status:                     Final          Version 1.44.
Performance Hardware Data Status:   Final          Version 36.4.
Setup and Hold Report

--------------------------------------------------------------------------------
Lattice TRACE Report - Setup, Version Diamond (64-bit) 3.14.0.75.2
Mon Jun 29 22:51:03 2026

Copyright (c) 1991-1994 by NeoCAD Inc. All rights reserved.
Copyright (c) 1995 AT&T Corp.   All rights reserved.
Copyright (c) 1995-2001 Lucent Technologies Inc.  All rights reserved.
Copyright (c) 2001 Agere Systems   All rights reserved.
Copyright (c) 2002-2024 Lattice Semiconductor Corporation,  All rights reserved.

Report Information
------------------
Command line:    trce -v 10 -gt -sethld -sp 5 -sphld m -o fuzz_impl1.twr fuzz_impl1.ncd fuzz_impl1.prf 
Design file:     fuzz_impl1.ncd
Preference file: fuzz_impl1.prf
Device,speed:    LCMXO2-1200HC,5
Report level:    verbose report, limited to 10 items per preference
--------------------------------------------------------------------------------

BLOCK ASYNCPATHS
BLOCK RESETPATHS
--------------------------------------------------------------------------------



================================================================================
Preference: FREQUENCY PORT "clk" 100.000000 MHz ;
            4 items scored, 0 timing errors detected.
--------------------------------------------------------------------------------


Passed:  The following path meets requirements by 2.000ns
         The internal maximum frequency of the following component is 125.000 MHz

 Logical Details:  Cell type  Pin name       Component name

   Destination:    IOLOGIC    CLK            d0_MGIOL

   Delay:               8.000ns -- based on Minimum Pulse Width


Passed: The following path meets requirements by 7.956ns

 Logical Details:  Cell type  Pin type       Cell/ASIC name  (clock net +/-)

   Source:         FF         Q              u0  (from clk_c +)
   Destination:    FF         Data in        q_i2  (to clk_c +)

   Delay:               1.588ns  (32.9% logic, 67.1% route), 1 logic levels.

 Constraint Details:

      1.588ns physical path delay d0_MGIOL to SLICE_1 meets
     10.000ns delay constraint less
      0.153ns skew and
      0.303ns M_SET requirement (totaling 9.544ns) by 7.956ns

 Physical Path Details:

      Data path d0_MGIOL to SLICE_1:

   Name    Fanout   Delay (ns)          Site               Resource
C2INP_DEL   ---     0.523    IOL_R5D.CLK to     IOL_R5D.IN d0_MGIOL (from clk_c)
ROUTE         1     1.065     IOL_R5D.IN to      R5C21C.M0 q1a (to clk_c)
                  --------
                    1.588   (32.9% logic, 67.1% route), 1 logic levels.

 Clock Skew Details: 

      Source Clock Path clk to d0_MGIOL:

   Name    Fanout   Delay (ns)          Site               Resource
ROUTE         4     2.225       63.PADDI to    IOL_R5D.CLK clk_c
                  --------
                    2.225   (0.0% logic, 100.0% route), 0 logic levels.

      Destination Clock Path clk to SLICE_1:

   Name    Fanout   Delay (ns)          Site               Resource
ROUTE         4     2.072       63.PADDI to     R5C21C.CLK clk_c
                  --------
                    2.072   (0.0% logic, 100.0% route), 0 logic levels.


Passed: The following path meets requirements by 7.956ns

 Logical Details:  Cell type  Pin type       Cell/ASIC name  (clock net +/-)

   Source:         FF         Q              u1  (from clk_c +)
   Destination:    FF         Data in        q_i4  (to clk_c +)

   Delay:               1.588ns  (32.9% logic, 67.1% route), 1 logic levels.

 Constraint Details:

      1.588ns physical path delay d1_MGIOL to SLICE_3 meets
     10.000ns delay constraint less
      0.153ns skew and
      0.303ns M_SET requirement (totaling 9.544ns) by 7.956ns

 Physical Path Details:

      Data path d1_MGIOL to SLICE_3:

   Name    Fanout   Delay (ns)          Site               Resource
C2INP_DEL   ---     0.523    IOL_R8A.CLK to     IOL_R8A.IN d1_MGIOL (from clk_c)
ROUTE         1     1.065     IOL_R8A.IN to      R8C21C.M0 q1b (to clk_c)
                  --------
                    1.588   (32.9% logic, 67.1% route), 1 logic levels.

 Clock Skew Details: 

      Source Clock Path clk to d1_MGIOL:

   Name    Fanout   Delay (ns)          Site               Resource
ROUTE         4     2.225       63.PADDI to    IOL_R8A.CLK clk_c
                  --------
                    2.225   (0.0% logic, 100.0% route), 0 logic levels.

      Destination Clock Path clk to SLICE_3:

   Name    Fanout   Delay (ns)          Site               Resource
ROUTE         4     2.072       63.PADDI to     R8C21C.CLK clk_c
                  --------
                    2.072   (0.0% logic, 100.0% route), 0 logic levels.


Passed: The following path meets requirements by 8.029ns

 Logical Details:  Cell type  Pin type       Cell/ASIC name  (clock net +/-)

   Source:         FF         Q              u0  (from clk_c +)
   Destination:    FF         Data in        q_i1  (to clk_c +)

   Delay:               1.515ns  (29.7% logic, 70.3% route), 1 logic levels.

 Constraint Details:

      1.515ns physical path delay d0_MGIOL to SLICE_1 meets
     10.000ns delay constraint less
      0.153ns skew and
      0.303ns M_SET requirement (totaling 9.544ns) by 8.029ns

 Physical Path Details:

      Data path d0_MGIOL to SLICE_1:

   Name    Fanout   Delay (ns)          Site               Resource
C2INP_DEL   ---     0.450    IOL_R5D.CLK to     IOL_R5D.IP d0_MGIOL (from clk_c)
ROUTE         1     1.065     IOL_R5D.IP to      R5C21C.M1 q0a (to clk_c)
                  --------
                    1.515   (29.7% logic, 70.3% route), 1 logic levels.

 Clock Skew Details: 

      Source Clock Path clk to d0_MGIOL:

   Name    Fanout   Delay (ns)          Site               Resource
ROUTE         4     2.225       63.PADDI to    IOL_R5D.CLK clk_c
                  --------
                    2.225   (0.0% logic, 100.0% route), 0 logic levels.

      Destination Clock Path clk to SLICE_1:

   Name    Fanout   Delay (ns)          Site               Resource
ROUTE         4     2.072       63.PADDI to     R5C21C.CLK clk_c
                  --------
                    2.072   (0.0% logic, 100.0% route), 0 logic levels.


Passed: The following path meets requirements by 8.379ns

 Logical Details:  Cell type  Pin type       Cell/ASIC name  (clock net +/-)

   Source:         FF         Q              u1  (from clk_c +)
   Destination:    FF         Data in        q_i3  (to clk_c +)

   Delay:               1.165ns  (38.6% logic, 61.4% route), 1 logic levels.

 Constraint Details:

      1.165ns physical path delay d1_MGIOL to SLICE_3 meets
     10.000ns delay constraint less
      0.153ns skew and
      0.303ns M_SET requirement (totaling 9.544ns) by 8.379ns

 Physical Path Details:

      Data path d1_MGIOL to SLICE_3:

   Name    Fanout   Delay (ns)          Site               Resource
C2INP_DEL   ---     0.450    IOL_R8A.CLK to     IOL_R8A.IP d1_MGIOL (from clk_c)
ROUTE         1     0.715     IOL_R8A.IP to      R8C21C.M1 q0b (to clk_c)
                  --------
                    1.165   (38.6% logic, 61.4% route), 1 logic levels.

 Clock Skew Details: 

      Source Clock Path clk to d1_MGIOL:

   Name    Fanout   Delay (ns)          Site               Resource
ROUTE         4     2.225       63.PADDI to    IOL_R8A.CLK clk_c
                  --------
                    2.225   (0.0% logic, 100.0% route), 0 logic levels.

      Destination Clock Path clk to SLICE_3:

   Name    Fanout   Delay (ns)          Site               Resource
ROUTE         4     2.072       63.PADDI to     R8C21C.CLK clk_c
                  --------
                    2.072   (0.0% logic, 100.0% route), 0 logic levels.

Report:  125.000MHz is the maximum frequency for this preference.

Report Summary
--------------
----------------------------------------------------------------------------
Preference                              |   Constraint|       Actual|Levels
----------------------------------------------------------------------------
                                        |             |             |
FREQUENCY PORT "clk" 100.000000 MHz ;   |  100.000 MHz|  125.000 MHz|   0  
                                        |             |             |
----------------------------------------------------------------------------


All preferences were met.


Clock Domains Analysis
------------------------

Found 1 clocks:

Clock Domain: clk_c   Source: clk.PAD   Loads: 4
   Covered under: FREQUENCY PORT "clk" 100.000000 MHz ;


Timing summary (Setup):
---------------

Timing errors: 0  Score: 0
Cumulative negative slack: 0

Constraints cover 4 paths, 1 nets, and 8 connections (57.14% coverage)

--------------------------------------------------------------------------------
Lattice TRACE Report - Hold, Version Diamond (64-bit) 3.14.0.75.2
Mon Jun 29 22:51:03 2026

Copyright (c) 1991-1994 by NeoCAD Inc. All rights reserved.
Copyright (c) 1995 AT&T Corp.   All rights reserved.
Copyright (c) 1995-2001 Lucent Technologies Inc.  All rights reserved.
Copyright (c) 2001 Agere Systems   All rights reserved.
Copyright (c) 2002-2024 Lattice Semiconductor Corporation,  All rights reserved.

Report Information
------------------
Command line:    trce -v 10 -gt -sethld -sp 5 -sphld m -o fuzz_impl1.twr fuzz_impl1.ncd fuzz_impl1.prf 
Design file:     fuzz_impl1.ncd
Preference file: fuzz_impl1.prf
Device,speed:    LCMXO2-1200HC,m
Report level:    verbose report, limited to 10 items per preference
--------------------------------------------------------------------------------

BLOCK ASYNCPATHS
BLOCK RESETPATHS
--------------------------------------------------------------------------------



================================================================================
Preference: FREQUENCY PORT "clk" 100.000000 MHz ;
            4 items scored, 0 timing errors detected.
--------------------------------------------------------------------------------


Passed: The following path meets requirements by 0.474ns

 Logical Details:  Cell type  Pin type       Cell/ASIC name  (clock net +/-)

   Source:         FF         Q              u1  (from clk_c +)
   Destination:    FF         Data in        q_i3  (to clk_c +)

   Delay:               0.401ns  (46.9% logic, 53.1% route), 1 logic levels.

 Constraint Details:

      0.401ns physical path delay d1_MGIOL to SLICE_3 meets
     -0.019ns M_HLD and
      0.000ns delay constraint less
      0.054ns skew requirement (totaling -0.073ns) by 0.474ns

 Physical Path Details:

      Data path d1_MGIOL to SLICE_3:

   Name    Fanout   Delay (ns)          Site               Resource
C2INP_DEL   ---     0.188    IOL_R8A.CLK to     IOL_R8A.IP d1_MGIOL (from clk_c)
ROUTE         1     0.213     IOL_R8A.IP to      R8C21C.M1 q0b (to clk_c)
                  --------
                    0.401   (46.9% logic, 53.1% route), 1 logic levels.

 Clock Skew Details: 

      Source Clock Path clk to d1_MGIOL:

   Name    Fanout   Delay (ns)          Site               Resource
ROUTE         4     0.842       63.PADDI to    IOL_R8A.CLK clk_c
                  --------
                    0.842   (0.0% logic, 100.0% route), 0 logic levels.

      Destination Clock Path clk to SLICE_3:

   Name    Fanout   Delay (ns)          Site               Resource
ROUTE         4     0.788       63.PADDI to     R8C21C.CLK clk_c
                  --------
                    0.788   (0.0% logic, 100.0% route), 0 logic levels.


Passed: The following path meets requirements by 0.585ns

 Logical Details:  Cell type  Pin type       Cell/ASIC name  (clock net +/-)

   Source:         FF         Q              u0  (from clk_c +)
   Destination:    FF         Data in        q_i1  (to clk_c +)

   Delay:               0.512ns  (36.7% logic, 63.3% route), 1 logic levels.

 Constraint Details:

      0.512ns physical path delay d0_MGIOL to SLICE_1 meets
     -0.019ns M_HLD and
      0.000ns delay constraint less
      0.054ns skew requirement (totaling -0.073ns) by 0.585ns

 Physical Path Details:

      Data path d0_MGIOL to SLICE_1:

   Name    Fanout   Delay (ns)          Site               Resource
C2INP_DEL   ---     0.188    IOL_R5D.CLK to     IOL_R5D.IP d0_MGIOL (from clk_c)
ROUTE         1     0.324     IOL_R5D.IP to      R5C21C.M1 q0a (to clk_c)
                  --------
                    0.512   (36.7% logic, 63.3% route), 1 logic levels.

 Clock Skew Details: 

      Source Clock Path clk to d0_MGIOL:

   Name    Fanout   Delay (ns)          Site               Resource
ROUTE         4     0.842       63.PADDI to    IOL_R5D.CLK clk_c
                  --------
                    0.842   (0.0% logic, 100.0% route), 0 logic levels.

      Destination Clock Path clk to SLICE_1:

   Name    Fanout   Delay (ns)          Site               Resource
ROUTE         4     0.788       63.PADDI to     R5C21C.CLK clk_c
                  --------
                    0.788   (0.0% logic, 100.0% route), 0 logic levels.


Passed: The following path meets requirements by 0.612ns

 Logical Details:  Cell type  Pin type       Cell/ASIC name  (clock net +/-)

   Source:         FF         Q              u0  (from clk_c +)
   Destination:    FF         Data in        q_i2  (to clk_c +)

   Delay:               0.539ns  (39.9% logic, 60.1% route), 1 logic levels.

 Constraint Details:

      0.539ns physical path delay d0_MGIOL to SLICE_1 meets
     -0.019ns M_HLD and
      0.000ns delay constraint less
      0.054ns skew requirement (totaling -0.073ns) by 0.612ns

 Physical Path Details:

      Data path d0_MGIOL to SLICE_1:

   Name    Fanout   Delay (ns)          Site               Resource
C2INP_DEL   ---     0.215    IOL_R5D.CLK to     IOL_R5D.IN d0_MGIOL (from clk_c)
ROUTE         1     0.324     IOL_R5D.IN to      R5C21C.M0 q1a (to clk_c)
                  --------
                    0.539   (39.9% logic, 60.1% route), 1 logic levels.

 Clock Skew Details: 

      Source Clock Path clk to d0_MGIOL:

   Name    Fanout   Delay (ns)          Site               Resource
ROUTE         4     0.842       63.PADDI to    IOL_R5D.CLK clk_c
                  --------
                    0.842   (0.0% logic, 100.0% route), 0 logic levels.

      Destination Clock Path clk to SLICE_1:

   Name    Fanout   Delay (ns)          Site               Resource
ROUTE         4     0.788       63.PADDI to     R5C21C.CLK clk_c
                  --------
                    0.788   (0.0% logic, 100.0% route), 0 logic levels.


Passed: The following path meets requirements by 0.612ns

 Logical Details:  Cell type  Pin type       Cell/ASIC name  (clock net +/-)

   Source:         FF         Q              u1  (from clk_c +)
   Destination:    FF         Data in        q_i4  (to clk_c +)

   Delay:               0.539ns  (39.9% logic, 60.1% route), 1 logic levels.

 Constraint Details:

      0.539ns physical path delay d1_MGIOL to SLICE_3 meets
     -0.019ns M_HLD and
      0.000ns delay constraint less
      0.054ns skew requirement (totaling -0.073ns) by 0.612ns

 Physical Path Details:

      Data path d1_MGIOL to SLICE_3:

   Name    Fanout   Delay (ns)          Site               Resource
C2INP_DEL   ---     0.215    IOL_R8A.CLK to     IOL_R8A.IN d1_MGIOL (from clk_c)
ROUTE         1     0.324     IOL_R8A.IN to      R8C21C.M0 q1b (to clk_c)
                  --------
                    0.539   (39.9% logic, 60.1% route), 1 logic levels.

 Clock Skew Details: 

      Source Clock Path clk to d1_MGIOL:

   Name    Fanout   Delay (ns)          Site               Resource
ROUTE         4     0.842       63.PADDI to    IOL_R8A.CLK clk_c
                  --------
                    0.842   (0.0% logic, 100.0% route), 0 logic levels.

      Destination Clock Path clk to SLICE_3:

   Name    Fanout   Delay (ns)          Site               Resource
ROUTE         4     0.788       63.PADDI to     R8C21C.CLK clk_c
                  --------
                    0.788   (0.0% logic, 100.0% route), 0 logic levels.

Report Summary
--------------
----------------------------------------------------------------------------
Preference(MIN Delays)                  |   Constraint|       Actual|Levels
----------------------------------------------------------------------------
                                        |             |             |
FREQUENCY PORT "clk" 100.000000 MHz ;   |            -|            -|   1  
                                        |             |             |
----------------------------------------------------------------------------


All preferences were met.


Clock Domains Analysis
------------------------

Found 1 clocks:

Clock Domain: clk_c   Source: clk.PAD   Loads: 4
   Covered under: FREQUENCY PORT "clk" 100.000000 MHz ;


Timing summary (Hold):
---------------

Timing errors: 0  Score: 0
Cumulative negative slack: 0

Constraints cover 4 paths, 1 nets, and 8 connections (57.14% coverage)



Timing summary (Setup and Hold):
---------------

Timing errors: 0 (setup), 0 (hold)
Score: 0 (setup), 0 (hold)
Cumulative negative slack: 0 (0+0)
--------------------------------------------------------------------------------

--------------------------------------------------------------------------------

