
             Lattice Mapping Report File for Design Module 'fuzz'


Design Information
------------------

Command line:   map -a MachXO2 -p LCMXO2-1200HC -t TQFP100 -s 5 -oc Commercial
     fuzz_impl1.ngd -o fuzz_impl1_map.ncd -pr fuzz_impl1.prf -mp fuzz_impl1.mrp
     -lpf /mnt/2tb/git/pluribus/diamond-fuzz/targets/syscfg_i2c_enable/impl1/fuz
     z_impl1.lpf -lpf
     /mnt/2tb/git/pluribus/diamond-fuzz/targets/syscfg_i2c_enable/fuzz.lpf -c 0
     
Target Vendor:  LATTICE
Target Device:  LCMXO2-1200HCTQFP100
Target Performance:   5
Mapper:  xo2c00,  version:  Diamond (64-bit) 3.14.0.75.2
Mapped on:  07/15/26  23:26:07




   Number of warnings:  0
   Number of errors:    1
     

Design Errors/Warnings
----------------------

ERROR - map: To support I2C port use, the EFB must be instantiated and the
     WISHBONE clock port 'WBCLKI' must be connected to an active clock source.
     The clock source should be 3.0 MHz or greater.

IO (PIO) Attributes
-------------------

   IO attributes information not available.

Removed logic
-------------

Block i14 undriven or does not drive anything - clipped.
Block GSR_INST undriven or does not drive anything - clipped.
Block i18 undriven or does not drive anything - clipped.
Signal VCC_net undriven or does not drive anything - clipped.
Signal GND_net undriven or does not drive anything - clipped.

















                                    Page 1



ASIC Components
---------------

Copyright (c) 1991-1994 by NeoCAD Inc. All rights reserved.
     Copyright (c) 1995 AT&T Corp.   All rights reserved.
     Copyright (c) 1995-2001 Lucent Technologies Inc.  All rights reserved.
     Copyright (c) 2001 Agere Systems   All rights reserved.
     Copyright (c) 2002-2024 Lattice Semiconductor Corporation,  All rights
     reserved.
