
Loading design for application trce from file fuzz_impl1.ncd.
Design name: fuzz
NCD version: 3.3
Vendor:      LATTICE
Device:      LCMXO2-1200HC
Package:     TQFP100
Performance: 5
Loading device for application trce from file 'xo2c1200.nph' in environment: /home/dan/lscc/diamond/3.14/ispfpga.
Package Status:                     Final          Version 1.44.
Performance Hardware Data Status:   Final          Version 36.4.
Setup and Hold Report

--------------------------------------------------------------------------------
Lattice TRACE Report - Setup, Version Diamond (64-bit) 3.14.0.75.2
Mon Jun 29 22:52:40 2026

Copyright (c) 1991-1994 by NeoCAD Inc. All rights reserved.
Copyright (c) 1995 AT&T Corp.   All rights reserved.
Copyright (c) 1995-2001 Lucent Technologies Inc.  All rights reserved.
Copyright (c) 2001 Agere Systems   All rights reserved.
Copyright (c) 2002-2024 Lattice Semiconductor Corporation,  All rights reserved.

Report Information
------------------
Command line:    trce -v 10 -gt -sethld -sp 5 -sphld m -o fuzz_impl1.twr fuzz_impl1.ncd fuzz_impl1.prf 
Design file:     fuzz_impl1.ncd
Preference file: fuzz_impl1.prf
Device,speed:    LCMXO2-1200HC,5
Report level:    verbose report, limited to 10 items per preference
--------------------------------------------------------------------------------

BLOCK ASYNCPATHS
BLOCK RESETPATHS
--------------------------------------------------------------------------------



================================================================================
Preference: Default path enumeration
            1 item scored, 0 timing errors detected.
--------------------------------------------------------------------------------

Report:    6.288ns delay d0 to pad_out

   Name    Fanout   Delay (ns)          Site               Resource
PADI_DEL    ---     1.132         87.PAD to       87.PADDI d0
ROUTE         1     2.359       87.PADDI to       84.PADDO d0_c
DOPAD_DEL   ---     2.797       84.PADDO to         84.PAD pad_out
                  --------
                    6.288   (62.5% logic, 37.5% route), 2 logic levels.

Report:    6.288ns is the maximum delay for this preference.


================================================================================
Preference: Default net enumeration
            1 item scored, 0 timing errors detected.
--------------------------------------------------------------------------------

Report:    2.359ns maximum delay on d0_c

           Delays             Connection(s)
           2.359ns         87.PADDI to 84.PADDO        

Report:    2.359ns is the maximum delay for this preference.

Report Summary
--------------
----------------------------------------------------------------------------
Preference                              |   Constraint|       Actual|Levels
----------------------------------------------------------------------------
                                        |             |             |
Default path enumeration                |     0.000 ns|     6.288 ns|   0  
                                        |             |             |
Default net enumeration                 |     0.000 ns|     2.359 ns|   0  
                                        |             |             |
----------------------------------------------------------------------------


All preferences were met.


Clock Domains Analysis
------------------------

Found 0 clocks:


Timing summary (Setup):
---------------

Timing errors: 0  Score: 0
Cumulative negative slack: 0

Constraints cover 1 paths, 1 nets, and 1 connections (100.00% coverage)

--------------------------------------------------------------------------------

