
synthesis -f "fuzz_impl1_lattice.synproj"
synthesis:  version Diamond (64-bit) 3.14.0.75.2

Copyright (c) 1991-1994 by NeoCAD Inc. All rights reserved.
Copyright (c) 1995 AT&T Corp.   All rights reserved.
Copyright (c) 1995-2001 Lucent Technologies Inc.  All rights reserved.
Copyright (c) 2001 Agere Systems   All rights reserved.
Copyright (c) 2002-2024 Lattice Semiconductor Corporation,  All rights reserved.
Mon Jun 29 23:25:04 2026


Command Line:  synthesis -f fuzz_impl1_lattice.synproj 

INFO - synthesis: Lattice Synthesis Engine Launched.
Synthesis options:
The -a option is MachXO2.
The -s option is 5.
The -t option is TQFP100.
The -d option is LCMXO2-1200HC.
Using package TQFP100.
Using performance grade 5.
                                                          

##########################################################

### Lattice Family : MachXO2

### Device  : LCMXO2-1200HC

### Package : TQFP100

### Speed   : 5

##########################################################

                                                          

INFO - synthesis: User-Selected Strategy Settings
Optimization goal = Balanced
The -top option is not used.
Target frequency = 200.000000 MHz.
Maximum fanout = 1000.
Timing path count = 3
BRAM utilization = 100.000000 %
DSP usage = true
DSP utilization = 100.000000 %
fsm_encoding_style = auto
resolve_mixed_drivers = 0
fix_gated_clocks = 1

Mux style = Auto
Use Carry Chain = true
carry_chain_length = 0
Loop Limit = 1950.
Use IO Insertion = TRUE
Use IO Reg = AUTO

Resource Sharing = TRUE
Propagate Constants = TRUE
Remove Duplicate Registers = TRUE
force_gsr = auto
ROM style = auto
RAM style = auto
The -comp option is FALSE.
The -syn option is FALSE.
-p /mnt/2tb/git/awto-2000/fpga/diamond/fuzz/targets/efb_i2c2_spi_tc_ufm (searchpath added)
-p /home/dan/lscc/diamond/3.14/ispfpga/xo2c00/data (searchpath added)
-p /mnt/2tb/git/awto-2000/fpga/diamond/fuzz/targets/efb_i2c2_spi_tc_ufm/impl1 (searchpath added)
-p /mnt/2tb/git/awto-2000/fpga/diamond/fuzz/targets/efb_i2c2_spi_tc_ufm (searchpath added)
Verilog design file = /mnt/2tb/git/awto-2000/fpga/diamond/fuzz/targets/efb_i2c2_spi_tc_ufm/fuzz.v
NGD file = fuzz_impl1.ngd
-sdc option: SDC file input not used.
-lpf option: Output file option is ON.
Hardtimer checking is enabled (default). The -dt option is not used.
The -r option is OFF. [ Remove LOC Properties is OFF. ]
WARNING - synthesis: Setting fuzz as the top-level module. To specify the top-level module explicitly, use the -top option.
Technology check ok...

Analyzing Verilog file /home/dan/lscc/diamond/3.14/ispfpga/userware/unix/SYNTHESIS_HEADERS/machxo2.v. VERI-1482
Compile design.
Compile Design Begin
Analyzing Verilog file /mnt/2tb/git/awto-2000/fpga/diamond/fuzz/targets/efb_i2c2_spi_tc_ufm/fuzz.v. VERI-1482
Analyzing Verilog file /home/dan/lscc/diamond/3.14/ispfpga/userware/unix/SYNTHESIS_HEADERS/machxo2.v. VERI-1482
Top module name (Verilog): fuzz
INFO - synthesis: /mnt/2tb/git/awto-2000/fpga/diamond/fuzz/targets/efb_i2c2_spi_tc_ufm/fuzz.v(1): compiling module fuzz. VERI-1018
INFO - synthesis: /home/dan/lscc/diamond/3.14/ispfpga/userware/unix/SYNTHESIS_HEADERS/machxo2.v(1800): compiling module EFB(EFB_I2C2="ENABLED",EFB_SPI="ENABLED",EFB_TC="ENABLED",EFB_UFM="ENABLED",EFB_WB_CLK_FREQ="100.0"). VERI-1018
Last elaborated design is fuzz()
Loading NGL library '/home/dan/lscc/diamond/3.14/ispfpga/xo2c00a/data/xo2alib.ngl'...
Loading NGL library '/home/dan/lscc/diamond/3.14/ispfpga/xo2c00/data/xo2clib.ngl'...
Loading NGL library '/home/dan/lscc/diamond/3.14/ispfpga/mg5g00/data/mg5glib.ngl'...
Loading NGL library '/home/dan/lscc/diamond/3.14/ispfpga/or5g00/data/orc5glib.ngl'...
Loading device for application map from file 'xo2c1200.nph' in environment: /home/dan/lscc/diamond/3.14/ispfpga.
Package Status:                     Final          Version 1.44.
Top-level module name = fuzz.



GSR will not be inferred because no asynchronous signal was found in the netlist.
Applying 200.000000 MHz constraint to all clocks

WARNING - synthesis: No user .sdc file.
Results of NGD DRC are available in fuzz_drc.log.
Loading NGL library '/home/dan/lscc/diamond/3.14/ispfpga/xo2c00a/data/xo2alib.ngl'...
Loading NGL library '/home/dan/lscc/diamond/3.14/ispfpga/xo2c00/data/xo2clib.ngl'...
Loading NGL library '/home/dan/lscc/diamond/3.14/ispfpga/mg5g00/data/mg5glib.ngl'...
Loading NGL library '/home/dan/lscc/diamond/3.14/ispfpga/or5g00/data/orc5glib.ngl'...


Running DRC...

DRC complete with no errors or warnings

Design Results:
     13 blocks expanded
completed the first expansion
All blocks are expanded and NGD expansion is successful.
Writing NGD file fuzz_impl1.ngd.

################### Begin Area Report (fuzz)######################
Number of register bits => 1 of 1520 (0 % )
EFB => 1
FD1S3AX => 1
GSR => 1
IB => 3
LUT4 => 3
OB => 1
################### End Area Report ##################

################### Begin BlackBox Report ######################
TSALL => 1
################### End BlackBox Report ##################

################### Begin Clock Report ######################
Clock Nets
Number of Clocks: 2
  Net : clk_c, loads : 2
  Net : i2c2_scl_c, loads : 1
Clock Enable Nets
Number of Clock Enables: 0
Top 0 highest fanout Clock Enables:
Highest fanout non-clock nets
Top 10 highest fanout non-clock nets:
  Net : i2c2_sda_c, loads : 1
  Net : out0_c, loads : 1
  Net : wbacko_w, loads : 1
  Net : wbdato_w_7, loads : 1
  Net : wbdato_w_6, loads : 1
  Net : wbdato_w_5, loads : 1
  Net : wbdato_w_4, loads : 1
  Net : wbdato_w_3, loads : 1
  Net : wbdato_w_2, loads : 1
  Net : wbdato_w_1, loads : 1
################### End Clock Report ##################

Timing Report Summary
--------------
--------------------------------------------------------------------------------
Constraint                              |   Constraint|       Actual|Levels
--------------------------------------------------------------------------------
                                        |             |             |
create_clock -period 5.000000 -name     |             |             |
clk0 [get_nets clk_c]                   |            -|            -|     0  
                                        |             |             |
--------------------------------------------------------------------------------


All constraints were met.


Peak Memory Usage: 175.016  MB

--------------------------------------------------------------
Elapsed CPU time for LSE flow : 0.097  secs
--------------------------------------------------------------

map -a "MachXO2" -p LCMXO2-1200HC -t TQFP100 -s 5 -oc Commercial   "fuzz_impl1.ngd" -o "fuzz_impl1_map.ncd" -pr "fuzz_impl1.prf" -mp "fuzz_impl1.mrp" -lpf "/mnt/2tb/git/awto-2000/fpga/diamond/fuzz/targets/efb_i2c2_spi_tc_ufm/impl1/fuzz_impl1.lpf" -lpf "/mnt/2tb/git/awto-2000/fpga/diamond/fuzz/targets/efb_i2c2_spi_tc_ufm/fuzz.lpf"  -c 0           
map:  version Diamond (64-bit) 3.14.0.75.2

Copyright (c) 1991-1994 by NeoCAD Inc. All rights reserved.
Copyright (c) 1995 AT&T Corp.   All rights reserved.
Copyright (c) 1995-2001 Lucent Technologies Inc.  All rights reserved.
Copyright (c) 2001 Agere Systems   All rights reserved.
Copyright (c) 2002-2024 Lattice Semiconductor Corporation,  All rights reserved.
   Process the file: fuzz_impl1.ngd
   Picdevice="LCMXO2-1200HC"

   Pictype="TQFP100"

   Picspeed=5

   Remove unused logic

   Do not produce over sized NCDs.

Part used: LCMXO2-1200HCTQFP100, Performance used: 5.

Loading device for application map from file 'xo2c1200.nph' in environment: /home/dan/lscc/diamond/3.14/ispfpga.
Package Status:                     Final          Version 1.44.

Running general design DRC...

Removing unused logic...

Optimizing...

WARNING - map: UFM was enabled in EFB: Enabling the configuration interface will temporarily disable certain features of the device including Power Controller, GSR, Hardened User SPI Port, Hardened Primary User I2C Port. Functionality is restored after the Flash Memory (UFM/Configuration) Interface is disabled using Disable Configuration Interface command 0x26 followed by Bypass command 0xFF. 

WARNING - map: u0: TCRSTN pin was grounded, which reset TimerCounter forever.



Design Summary:
   Number of registers:      1 out of  1520 (0%)
      PFU registers:            1 out of  1280 (0%)
      PIO registers:            0 out of   240 (0%)
   Number of SLICEs:         2 out of   640 (0%)
      SLICEs as Logic/ROM:      2 out of   640 (0%)
      SLICEs as RAM:            0 out of   480 (0%)
      SLICEs as Carry:          0 out of   640 (0%)
   Number of LUT4s:          3 out of  1280 (0%)
      Number used as logic LUTs:          3
      Number used as distributed RAM:     0
      Number used as ripple logic:        0
      Number used as shift registers:     0
   Number of PIO sites used: 4 + 4(JTAG) out of 80 (10%)
   Number of block RAMs:  0 out of 7 (0%)
   Number of GSRs:        0 out of 1 (0%)
   EFB used :        Yes
   JTAG used :       No
   Readback used :   No
   Oscillator used : No
   Startup used :    No
   POR :             On
   Bandgap :         On
   Number of Power Controller:  0 out of 1 (0%)
   Number of Dynamic Bank Controller (BCINRD):  0 out of 4 (0%)
   Number of Dynamic Bank Controller (BCLVDSO):  0 out of 1 (0%)
   Number of DCCA:  0 out of 8 (0%)
   Number of DCMA:  0 out of 2 (0%)
   Number of PLLs:  0 out of 1 (0%)
   Number of DQSDLLs:  0 out of 2 (0%)
   Number of CLKDIVC:  0 out of 4 (0%)
   Number of ECLKSYNCA:  0 out of 4 (0%)
   Number of ECLKBRIDGECS:  0 out of 2 (0%)
   Notes:-
      1. Total number of LUT4s = (Number of logic LUT4s) + 2*(Number of distributed RAMs) + 2*(Number of ripple logic)
      2. Number of logic LUT4s does not include count of distributed RAM and ripple logic.
   Number of clocks:  2
     Net clk_c: 2 loads, 2 rising, 0 falling (Driver: PIO clk )
     Net i2c2_scl_c: 1 loads, 1 rising, 0 falling (Driver: PIO i2c2_scl )
   Number of Clock Enables:  0
   Number of LSRs:  0
   Number of nets driven by tri-state buffers:  0
   Top 10 highest fanout non-clock nets:
     Net i2c2_sda_c: 1 loads
     Net n15: 1 loads
     Net out0_c: 1 loads
     Net wbdato_w_0: 1 loads
     Net wbdato_w_1: 1 loads
     Net wbdato_w_2: 1 loads
     Net wbdato_w_3: 1 loads
     Net wbdato_w_4: 1 loads
     Net wbdato_w_5: 1 loads
     Net wbdato_w_7: 1 loads
WARNING - map: Multiple comps assigned to site "84". Only one comp will be assigned to this location.

WARNING - map: Pref conflict: Multi-locate on site. Ignoring LOCATE COMP "out0" SITE "84" ;
   Keeping LOCATE COMP "i2c2_scl" SITE "84" ;
.
 

   Number of warnings:  4
   Number of errors:    0



Total CPU Time: 0 secs  
Total REAL Time: 0 secs  
Peak Memory Usage: 158 MB

Dumping design to file fuzz_impl1_map.ncd.

ncd2vdb "fuzz_impl1_map.ncd" ".vdbs/fuzz_impl1_map.vdb"

Loading device for application ncd2vdb from file 'xo2c1200.nph' in environment: /home/dan/lscc/diamond/3.14/ispfpga.

mpartrce -p "fuzz_impl1.p2t" -f "fuzz_impl1.p3t" -tf "fuzz_impl1.pt" "fuzz_impl1_map.ncd" "fuzz_impl1.ncd"

---- MParTrce Tool ----
Removing old design directory at request of -rem command line option to this program.
Running par. Please wait . . .

Lattice Place and Route Report for Design "fuzz_impl1_map.ncd"
Mon Jun 29 23:25:05 2026

PAR: Place And Route Diamond (64-bit) 3.14.0.75.2.
Command Line: par -w -l 5 -i 6 -t 1 -c 0 -e 0 -exp parUseNBR=1:parCDP=0:parCDR=0:parPathBased=OFF:parASE=1 fuzz_impl1_map.ncd fuzz_impl1.dir/5_1.ncd fuzz_impl1.prf
Preference file: fuzz_impl1.prf.
Placement level-cost: 5-1.
Routing Iterations: 6

Loading design for application par from file fuzz_impl1_map.ncd.
Design name: fuzz
NCD version: 3.3
Vendor:      LATTICE
Device:      LCMXO2-1200HC
Package:     TQFP100
Performance: 5
Loading device for application par from file 'xo2c1200.nph' in environment: /home/dan/lscc/diamond/3.14/ispfpga.
Package Status:                     Final          Version 1.44.
Performance Hardware Data Status:   Final          Version 36.4.
License checked out.


Ignore Preference Error(s):  True
Device utilization summary:

   PIO (prelim)    4+4(JTAG)/108     7% used
                   4+4(JTAG)/80      10% bonded

   SLICE              2/640          <1% used

   EFB                1/1           100% used


Number of Signals: 16
Number of Connections: 17
WARNING - par: The SN pin is not available for use as a general purpose I/O pin when the SLAVE_SPI_PORT attribute is enabled.  The SN pin should be tied high with an external pull-up if you are not using the Slave SPI port for configuration.

Pin Constraint Summary:
   3 out of 4 pins locked (75% locked).

No signal is selected as primary clock.


No signal is selected as secondary clock.

No signal is selected as Global Set/Reset.
.
Starting Placer Phase 0.
........
Finished Placer Phase 0.  REAL time: 0 secs 

Starting Placer Phase 1.
..............
Placer score = 2400.
Finished Placer Phase 1.  REAL time: 0 secs 

Starting Placer Phase 2.
.
Placer score =  2400
Finished Placer Phase 2.  REAL time: 0 secs 


------------------ Clock Report ------------------

Global Clock Resources:
  CLK_PIN    : 0 out of 8 (0%)
  PLL        : 0 out of 1 (0%)
  DCM        : 0 out of 2 (0%)
  DCC        : 0 out of 8 (0%)

Global Clocks:

  PRIMARY  : 0 out of 8 (0%)
  SECONDARY: 0 out of 8 (0%)

Edge Clocks:
  No edge clock selected.

--------------- End of Clock Report ---------------


I/O Usage Summary (final):
   4 + 4(JTAG) out of 108 (7.4%) PIO sites used.
   4 + 4(JTAG) out of 80 (10.0%) bonded PIO sites used.
   Number of PIO comps: 4; differential: 0.
   Number of Vref pins used: 0.

I/O Bank Usage Summary:
+----------+---------------+------------+-----------+
| I/O Bank | Usage         | Bank Vccio | Bank Vref |
+----------+---------------+------------+-----------+
| 0        | 3 / 19 ( 15%) | 3.3V       | -         |
| 1        | 0 / 21 (  0%) | -          | -         |
| 2        | 0 / 20 (  0%) | -          | -         |
| 3        | 1 / 20 (  5%) | 3.3V       | -         |
+----------+---------------+------------+-----------+

Total placer CPU time: 0 secs 

Dumping design to file fuzz_impl1.dir/5_1.ncd.

0 connections routed; 17 unrouted.
Starting router resource preassignment

WARNING - par: The following clock signals will be routed by using generic routing resource and may suffer from excessive delay and/or skew.
   Signal=clk_c loads=2 clock_loads=2
   Signal=i2c2_scl_c loads=1 clock_loads=1

Completed router resource preassignment. Real time: 0 secs 

Start NBR router at Mon Jun 29 23:25:06 AEST 2026

*****************************************************************
Info: NBR allows conflicts(one node used by more than one signal)
      in the earlier iterations. In each iteration, it tries to  
      solve the conflicts while keeping the critical connections 
      routed as short as possible. The routing process is said to
      be completed when no conflicts exist and all connections   
      are routed.                                                
Note: NBR uses a different method to calculate timing slacks. The
      worst slack and total negative slack may not be the same as
      that in TRCE report. You should always run TRCE to verify  
      your design.                                               
*****************************************************************

Start NBR special constraint process at Mon Jun 29 23:25:06 AEST 2026

Start NBR section for initial routing at Mon Jun 29 23:25:06 AEST 2026
Level 1, iteration 1
0(0.00%) conflict; 11(64.71%) untouched conns; 0 (nbr) score; 
Estimated worst slack/total negative slack<setup>: 2.242ns/0.000ns; real time: 0 secs 
Level 2, iteration 1
0(0.00%) conflict; 11(64.71%) untouched conns; 0 (nbr) score; 
Estimated worst slack/total negative slack<setup>: 2.242ns/0.000ns; real time: 0 secs 
Level 3, iteration 1
4(0.00%) conflicts; 3(17.65%) untouched conns; 0 (nbr) score; 
Estimated worst slack/total negative slack<setup>: 2.105ns/0.000ns; real time: 0 secs 
Level 4, iteration 1
1(0.00%) conflict; 0(0.00%) untouched conn; 0 (nbr) score; 
Estimated worst slack/total negative slack<setup>: 2.081ns/0.000ns; real time: 0 secs 

Info: Initial congestion level at 75% usage is 0
Info: Initial congestion area  at 75% usage is 0 (0.00%)

Start NBR section for normal routing at Mon Jun 29 23:25:06 AEST 2026
Level 1, iteration 1
1(0.00%) conflict; 0(0.00%) untouched conn; 0 (nbr) score; 
Estimated worst slack/total negative slack<setup>: 2.081ns/0.000ns; real time: 0 secs 
Level 4, iteration 1
1(0.00%) conflict; 0(0.00%) untouched conn; 0 (nbr) score; 
Estimated worst slack/total negative slack<setup>: 2.081ns/0.000ns; real time: 0 secs 
Level 4, iteration 2
0(0.00%) conflict; 0(0.00%) untouched conn; 0 (nbr) score; 
Estimated worst slack/total negative slack<setup>: 2.081ns/0.000ns; real time: 0 secs 

Start NBR section for setup/hold timing optimization with effort level 3 at Mon Jun 29 23:25:06 AEST 2026

Start NBR section for re-routing at Mon Jun 29 23:25:06 AEST 2026
Level 4, iteration 1
0(0.00%) conflict; 0(0.00%) untouched conn; 0 (nbr) score; 
Estimated worst slack/total negative slack<setup>: 2.081ns/0.000ns; real time: 0 secs 

Start NBR section for post-routing at Mon Jun 29 23:25:06 AEST 2026

End NBR router with 0 unrouted connection

NBR Summary
-----------
  Number of unrouted connections : 0 (0.00%)
  Number of connections with timing violations : 0 (0.00%)
  Estimated worst slack<setup> : 2.081ns
  Timing score<setup> : 0
-----------
Notes: The timing info is calculated for SETUP only and all PAR_ADJs are ignored.



WARNING - par: The following clock signals will be routed by using generic routing resource and may suffer from excessive delay and/or skew.
   Signal=clk_c loads=2 clock_loads=2
   Signal=i2c2_scl_c loads=1 clock_loads=1

Total CPU time 0 secs 
Total REAL time: 0 secs 
Completely routed.
End of route.  17 routed (100.00%); 0 unrouted.

Hold time timing score: 0, hold timing errors: 0

Timing score: 0 

Dumping design to file fuzz_impl1.dir/5_1.ncd.


PAR_SUMMARY::Run status = Completed
PAR_SUMMARY::Number of unrouted conns = 0
PAR_SUMMARY::Worst  slack<setup/<ns>> = 2.081
PAR_SUMMARY::Timing score<setup/<ns>> = 0.000
PAR_SUMMARY::Worst  slack<hold /<ns>> = 0.571
PAR_SUMMARY::Timing score<hold /<ns>> = 0.000
PAR_SUMMARY::Number of errors = 0

Total CPU  time to completion: 0 secs 
Total REAL time to completion: 0 secs 

par done!

Note: user must run 'Trace' for timing closure signoff.

Copyright (c) 1991-1994 by NeoCAD Inc. All rights reserved.
Copyright (c) 1995 AT&T Corp.   All rights reserved.
Copyright (c) 1995-2001 Lucent Technologies Inc.  All rights reserved.
Copyright (c) 2001 Agere Systems   All rights reserved.
Copyright (c) 2002-2024 Lattice Semiconductor Corporation,  All rights reserved.
Exiting par with exit code 0
Exiting mpartrce with exit code 0

trce -f "fuzz_impl1.pt" -o "fuzz_impl1.twr" "fuzz_impl1.ncd" "fuzz_impl1.prf"
trce:  version Diamond (64-bit) 3.14.0.75.2

Copyright (c) 1991-1994 by NeoCAD Inc. All rights reserved.
Copyright (c) 1995 AT&T Corp.   All rights reserved.
Copyright (c) 1995-2001 Lucent Technologies Inc.  All rights reserved.
Copyright (c) 2001 Agere Systems   All rights reserved.
Copyright (c) 2002-2024 Lattice Semiconductor Corporation,  All rights reserved.

Loading design for application trce from file fuzz_impl1.ncd.
Design name: fuzz
NCD version: 3.3
Vendor:      LATTICE
Device:      LCMXO2-1200HC
Package:     TQFP100
Performance: 5
Loading device for application trce from file 'xo2c1200.nph' in environment: /home/dan/lscc/diamond/3.14/ispfpga.
Package Status:                     Final          Version 1.44.
Performance Hardware Data Status:   Final          Version 36.4.
Setup and Hold Report

--------------------------------------------------------------------------------
Lattice TRACE Report - Setup, Version Diamond (64-bit) 3.14.0.75.2
Mon Jun 29 23:25:08 2026

Copyright (c) 1991-1994 by NeoCAD Inc. All rights reserved.
Copyright (c) 1995 AT&T Corp.   All rights reserved.
Copyright (c) 1995-2001 Lucent Technologies Inc.  All rights reserved.
Copyright (c) 2001 Agere Systems   All rights reserved.
Copyright (c) 2002-2024 Lattice Semiconductor Corporation,  All rights reserved.

Report Information
------------------
Command line:    trce -v 10 -gt -sethld -sp 5 -sphld m -o fuzz_impl1.twr fuzz_impl1.ncd fuzz_impl1.prf 
Design file:     fuzz_impl1.ncd
Preference file: fuzz_impl1.prf
Device,speed:    LCMXO2-1200HC,5
Report level:    verbose report, limited to 10 items per preference
--------------------------------------------------------------------------------

BLOCK ASYNCPATHS
BLOCK RESETPATHS
--------------------------------------------------------------------------------



Timing summary (Setup):
---------------

Timing errors: 0  Score: 0
Cumulative negative slack: 0

Constraints cover 9 paths, 1 nets, and 14 connections (82.35% coverage)

--------------------------------------------------------------------------------
Lattice TRACE Report - Hold, Version Diamond (64-bit) 3.14.0.75.2
Mon Jun 29 23:25:08 2026

Copyright (c) 1991-1994 by NeoCAD Inc. All rights reserved.
Copyright (c) 1995 AT&T Corp.   All rights reserved.
Copyright (c) 1995-2001 Lucent Technologies Inc.  All rights reserved.
Copyright (c) 2001 Agere Systems   All rights reserved.
Copyright (c) 2002-2024 Lattice Semiconductor Corporation,  All rights reserved.

Report Information
------------------
Command line:    trce -v 10 -gt -sethld -sp 5 -sphld m -o fuzz_impl1.twr fuzz_impl1.ncd fuzz_impl1.prf 
Design file:     fuzz_impl1.ncd
Preference file: fuzz_impl1.prf
Device,speed:    LCMXO2-1200HC,m
Report level:    verbose report, limited to 10 items per preference
--------------------------------------------------------------------------------

BLOCK ASYNCPATHS
BLOCK RESETPATHS
--------------------------------------------------------------------------------



Timing summary (Hold):
---------------

Timing errors: 0  Score: 0
Cumulative negative slack: 0

Constraints cover 9 paths, 1 nets, and 14 connections (82.35% coverage)



Timing summary (Setup and Hold):
---------------

Timing errors: 0 (setup), 0 (hold)
Score: 0 (setup), 0 (hold)
Cumulative negative slack: 0 (0+0)
--------------------------------------------------------------------------------

--------------------------------------------------------------------------------

Total CPU Time: 0 secs 
Total REAL Time: 0 secs 
Peak Memory Usage: 120 MB


tmcheck -par "fuzz_impl1.par" 

bitgen -f "fuzz_impl1.t2b" -w "fuzz_impl1.ncd"  "fuzz_impl1.prf"


BITGEN: Bitstream Generator Diamond (64-bit) 3.14.0.75.2
Copyright (c) 1991-1994 by NeoCAD Inc. All rights reserved.
Copyright (c) 1995 AT&T Corp.   All rights reserved.
Copyright (c) 1995-2001 Lucent Technologies Inc.  All rights reserved.
Copyright (c) 2001 Agere Systems   All rights reserved.
Copyright (c) 2002-2024 Lattice Semiconductor Corporation,  All rights reserved.


Loading design for application Bitgen from file fuzz_impl1.ncd.
Design name: fuzz
NCD version: 3.3
Vendor:      LATTICE
Device:      LCMXO2-1200HC
Package:     TQFP100
Performance: 5
Loading device for application Bitgen from file 'xo2c1200.nph' in environment: /home/dan/lscc/diamond/3.14/ispfpga.
Package Status:                     Final          Version 1.44.
Performance Hardware Data Status:   Final          Version 36.4.

Running DRC.
DRC detected 0 errors and 0 warnings.
Reading Preference File from fuzz_impl1.prf.
INFO -  SW_XO3D_SECURITY_ENCRYPTION *NOT* controlled by xo2c00.acd ###
INFO -  SW_XO3D_SECURITY_ENCRYPTION license_securityIP OK

Preference Summary:
+---------------------------------+---------------------------------+
|  Preference                     |  Current Setting                |
+---------------------------------+---------------------------------+
|                         RamCfg  |                        Reset**  |
+---------------------------------+---------------------------------+
|                     MCCLK_FREQ  |                         2.08**  |
+---------------------------------+---------------------------------+
|                  CONFIG_SECURE  |                          OFF**  |
+---------------------------------+---------------------------------+
|                          INBUF  |                           ON**  |
+---------------------------------+---------------------------------+
|                      JTAG_PORT  |                       ENABLE**  |
+---------------------------------+---------------------------------+
|                       SDM_PORT  |                      DISABLE**  |
+---------------------------------+---------------------------------+
|                 SLAVE_SPI_PORT  |                         ENABLE  |
+---------------------------------+---------------------------------+
|                MASTER_SPI_PORT  |                      DISABLE**  |
+---------------------------------+---------------------------------+
|                       I2C_PORT  |                      DISABLE**  |
+---------------------------------+---------------------------------+
|        MUX_CONFIGURATION_PORTS  |                      DISABLE**  |
+---------------------------------+---------------------------------+
|                  CONFIGURATION  |                          CFG**  |
+---------------------------------+---------------------------------+
|                COMPRESS_CONFIG  |                           ON**  |
+---------------------------------+---------------------------------+
|                        MY_ASSP  |                          OFF**  |
+---------------------------------+---------------------------------+
|               ONE_TIME_PROGRAM  |                          OFF**  |
+---------------------------------+---------------------------------+
|                 ENABLE_TRANSFR  |                      DISABLE**  |
+---------------------------------+---------------------------------+
|                  SHAREDEBRINIT  |                      DISABLE**  |
+---------------------------------+---------------------------------+
|            BACKGROUND_RECONFIG  |                          OFF**  |
+---------------------------------+---------------------------------+
 *  Default setting.
 ** The specified setting matches the default setting.


Creating bit map...
 
Bitstream Status: Final           Version 1.95.
 
Saving bit stream in "fuzz_impl1.bit".
Total CPU Time: 0 secs 
Total REAL Time: 0 secs 
Peak Memory Usage: 374 MB
