
             Lattice Mapping Report File for Design Module 'fuzz'


Design Information
------------------

Command line:   map -a MachXO2 -p LCMXO2-1200HC -t TQFP100 -s 5 -oc Commercial
     fuzz_impl1.ngd -o fuzz_impl1_map.ncd -pr fuzz_impl1.prf -mp fuzz_impl1.mrp
     -lpf /mnt/2tb/git/pluribus/diamond-fuzz/targets/sedfa_freq_2p08_caen/impl1/
     fuzz_impl1.lpf -lpf
     /mnt/2tb/git/pluribus/diamond-fuzz/targets/sedfa_freq_2p08_caen/fuzz.lpf -c
     0 
Target Vendor:  LATTICE
Target Device:  LCMXO2-1200HCTQFP100
Target Performance:   5
Mapper:  xo2c00,  version:  Diamond (64-bit) 3.14.0.75.2
Mapped on:  07/15/26  23:26:00




   Number of warnings:  0
   Number of errors:    1
     

Design Errors/Warnings
----------------------

ERROR - map: comp. u0: The SED property CHECKALWAYS is not currently supported.
     Please set the HDL attribute to set this to DISABLE

IO (PIO) Attributes
-------------------

   IO attributes information not available.

Removed logic
-------------

Block GSR_INST undriven or does not drive anything - clipped.
Signal GND_net undriven or does not drive anything - clipped.
Block i1 was optimized away.

ASIC Components
---------------

Instance Name: u0
         Type: SEDFA














                                    Page 1


   Copyright (c) 1991-1994 by NeoCAD Inc. All rights reserved.
        Copyright (c) 1995 AT&T Corp.   All rights reserved.
        Copyright (c) 1995-2001 Lucent Technologies Inc.  All rights reserved.
        Copyright (c) 2001 Agere Systems   All rights reserved.
        Copyright (c) 2002-2024 Lattice Semiconductor Corporation,  All rights
        reserved.
