--------------------------------------------------------------------------------
Lattice Synthesis Timing Report, Version  
Mon Jun 29 23:03:45 2026

Copyright (c) 1991-1994 by NeoCAD Inc. All rights reserved.
Copyright (c) 1995 AT&T Corp.   All rights reserved.
Copyright (c) 1995-2001 Lucent Technologies Inc.  All rights reserved.
Copyright (c) 2001 Agere Systems   All rights reserved.
Copyright (c) 2002-2024 Lattice Semiconductor Corporation,  All rights reserved.

Report Information
------------------
Design:     fuzz
Constraint file:  
Report level:    verbose report, limited to 3 items per constraint
--------------------------------------------------------------------------------



================================================================================
Constraint: create_clock -period 5.000000 -name clk0 [get_nets clk_c]
            1 item scored, 1 timing error detected.
--------------------------------------------------------------------------------


Error:  The following path violates requirements by 0.396ns

 Logical Details:  Cell type  Pin type       Cell name  (clock net +/-)

   Source:         DP8KC      CLKA           u0  (from clk_c +)
   Destination:    FD1S3AX    D              out0_r_5  (to clk_c +)

   Delay:                   5.250ns  (85.0% logic, 15.0% route), 1 logic levels.

 Constraint Details:

      5.250ns data_path u0 to out0_r_5 violates
      5.000ns delay constraint less
      0.146ns L_S requirement (totaling 4.854ns) by 0.396ns

 Path Details: u0 to out0_r_5

   Name    Fanout   Delay (ns)          Pins               Resource(Cell.Net)
EBSR_CO     ---     4.462           CLKA to DOA[9]         u0 (from clk_c)
Route         1   e 0.788                                  doa_w[0]
                  --------
                    5.250  (85.0% logic, 15.0% route), 1 logic levels.

Warning: 5.396 ns is the maximum delay for this constraint.


Timing Report Summary
--------------
--------------------------------------------------------------------------------
Constraint                              |   Constraint|       Actual|Levels
--------------------------------------------------------------------------------
                                        |             |             |
create_clock -period 5.000000 -name     |             |             |
clk0 [get_nets clk_c]                   |     5.000 ns|     5.396 ns|     1 *
                                        |             |             |
--------------------------------------------------------------------------------


1 constraints not met.

--------------------------------------------------------------------------------
Critical Nets                           |   Loads|  Errors| % of total
--------------------------------------------------------------------------------
doa_w[0]                                |       1|       1|     99.00%
                                        |        |        |
--------------------------------------------------------------------------------


Timing summary:
---------------

Timing errors: 1  Score: 396

Constraints cover  1 paths, 2 nets, and 4 connections (80.0% coverage)


Peak memory: 181415936 bytes, TRCE: 851968 bytes, DLYMAN: 0 bytes
CPU_TIME_REPORT: 0 secs 
