--------------------------------------------------------------------------------
Lattice Synthesis Timing Report, Version  
Mon Jun 29 23:57:14 2026

Copyright (c) 1991-1994 by NeoCAD Inc. All rights reserved.
Copyright (c) 1995 AT&T Corp.   All rights reserved.
Copyright (c) 1995-2001 Lucent Technologies Inc.  All rights reserved.
Copyright (c) 2001 Agere Systems   All rights reserved.
Copyright (c) 2002-2024 Lattice Semiconductor Corporation,  All rights reserved.

Report Information
------------------
Design:     fuzz
Constraint file:  
Report level:    verbose report, limited to 3 items per constraint
--------------------------------------------------------------------------------



================================================================================
Constraint: create_clock -period 5.000000 -name clk0 [get_nets clk_c]
            15 items scored, 0 timing errors detected.
--------------------------------------------------------------------------------


Passed:  The following path meets requirements by 3.663ns

 Logical Details:  Cell type  Pin type       Cell name  (clock net +/-)

   Source:         FD1S3AX    CK             shreg_i0  (from clk_c +)
   Destination:    FD1S3AX    D              shreg_i1  (to clk_c +)

   Delay:                   1.191ns  (33.8% logic, 66.2% route), 1 logic levels.

 Constraint Details:

      1.191ns data_path shreg_i0 to shreg_i1 meets
      5.000ns delay constraint less
      0.146ns L_S requirement (totaling 4.854ns) by 3.663ns

 Path Details: shreg_i0 to shreg_i1

   Name    Fanout   Delay (ns)          Pins               Resource(Cell.Net)
L_CO        ---     0.403             CK to Q              shreg_i0 (from clk_c)
Route         1   e 0.788                                  shreg[0]
                  --------
                    1.191  (33.8% logic, 66.2% route), 1 logic levels.


Passed:  The following path meets requirements by 3.663ns

 Logical Details:  Cell type  Pin type       Cell name  (clock net +/-)

   Source:         FD1S3AX    CK             shreg_i14  (from clk_c +)
   Destination:    FD1S3AX    D              shreg_i15  (to clk_c +)

   Delay:                   1.191ns  (33.8% logic, 66.2% route), 1 logic levels.

 Constraint Details:

      1.191ns data_path shreg_i14 to shreg_i15 meets
      5.000ns delay constraint less
      0.146ns L_S requirement (totaling 4.854ns) by 3.663ns

 Path Details: shreg_i14 to shreg_i15

   Name    Fanout   Delay (ns)          Pins               Resource(Cell.Net)
L_CO        ---     0.403             CK to Q              shreg_i14 (from clk_c)
Route         1   e 0.788                                  shreg[14]
                  --------
                    1.191  (33.8% logic, 66.2% route), 1 logic levels.


Passed:  The following path meets requirements by 3.663ns

 Logical Details:  Cell type  Pin type       Cell name  (clock net +/-)

   Source:         FD1S3AX    CK             shreg_i13  (from clk_c +)
   Destination:    FD1S3AX    D              shreg_i14  (to clk_c +)

   Delay:                   1.191ns  (33.8% logic, 66.2% route), 1 logic levels.

 Constraint Details:

      1.191ns data_path shreg_i13 to shreg_i14 meets
      5.000ns delay constraint less
      0.146ns L_S requirement (totaling 4.854ns) by 3.663ns

 Path Details: shreg_i13 to shreg_i14

   Name    Fanout   Delay (ns)          Pins               Resource(Cell.Net)
L_CO        ---     0.403             CK to Q              shreg_i13 (from clk_c)
Route         1   e 0.788                                  shreg[13]
                  --------
                    1.191  (33.8% logic, 66.2% route), 1 logic levels.

Report: 1.337 ns is the maximum delay for this constraint.


Timing Report Summary
--------------
--------------------------------------------------------------------------------
Constraint                              |   Constraint|       Actual|Levels
--------------------------------------------------------------------------------
                                        |             |             |
create_clock -period 5.000000 -name     |             |             |
clk0 [get_nets clk_c]                   |     5.000 ns|     1.337 ns|     1  
                                        |             |             |
--------------------------------------------------------------------------------


All constraints were met.



Timing summary:
---------------

Timing errors: 0  Score: 0

Constraints cover  15 paths, 16 nets, and 31 connections (93.9% coverage)


Peak memory: 181342208 bytes, TRCE: 823296 bytes, DLYMAN: 0 bytes
CPU_TIME_REPORT: 0 secs 
