
Loading design for application trce from file fuzz_impl1.ncd.
Design name: fuzz
NCD version: 3.3
Vendor:      LATTICE
Device:      LCMXO2-1200HC
Package:     TQFP100
Performance: 5
Loading device for application trce from file 'xo2c1200.nph' in environment: /home/dan/lscc/diamond/3.14/ispfpga.
Package Status:                     Final          Version 1.44.
Performance Hardware Data Status:   Final          Version 36.4.
Setup and Hold Report

--------------------------------------------------------------------------------
Lattice TRACE Report - Setup, Version Diamond (64-bit) 3.14.0.75.2
Mon Jun 29 23:54:44 2026

Copyright (c) 1991-1994 by NeoCAD Inc. All rights reserved.
Copyright (c) 1995 AT&T Corp.   All rights reserved.
Copyright (c) 1995-2001 Lucent Technologies Inc.  All rights reserved.
Copyright (c) 2001 Agere Systems   All rights reserved.
Copyright (c) 2002-2024 Lattice Semiconductor Corporation,  All rights reserved.

Report Information
------------------
Command line:    trce -v 10 -gt -sethld -sp 5 -sphld m -o fuzz_impl1.twr fuzz_impl1.ncd fuzz_impl1.prf 
Design file:     fuzz_impl1.ncd
Preference file: fuzz_impl1.prf
Device,speed:    LCMXO2-1200HC,5
Report level:    verbose report, limited to 10 items per preference
--------------------------------------------------------------------------------

Based on the preference: FREQUENCY PORT "clk" 100.000000 MHz ;
A new generated preference: FREQUENCY NET "sclk_w" 25.000000 MHz ;
BLOCK ASYNCPATHS
BLOCK RESETPATHS
--------------------------------------------------------------------------------



================================================================================
Preference: FREQUENCY PORT "clk" 100.000000 MHz ;
            0 items scored, 0 timing errors detected.
--------------------------------------------------------------------------------


Passed:  The following path meets requirements by 3.340ns
         The internal maximum frequency of the following component is 150.150 MHz

 Logical Details:  Cell type  Pin name       Component name

   Destination:    PIO        PAD            clk

   Delay:               6.660ns -- based on Minimum Pulse Width

Report:  150.150MHz is the maximum frequency for this preference.


================================================================================
Internal Preference: Timing Rule Check
            1 item scored, 0 timing errors detected.
--------------------------------------------------------------------------------
This section of the Trace report will identify any inherent timing rule violations
in the design. These rules may be affected by other preferences.


Passed: d0_MGIOL meets ECLK to CLK skew range from -15.079ns to 14.868ns

   Max skew of -1.636ns meets timing requirement of 14.868ns by 16.504ns

   Max ECLK:

   Name    Fanout   Delay (ns)          Site               Resource
PADI_DEL    ---     1.007         34.PAD to       34.PADDI clk
ROUTE         1     0.957       34.PADDI to *LKSYNC0.ECLKI clk_c
C2OUT_DEL   ---     0.000 *LKSYNC0.ECLKI to *LKSYNC0.ECLKO u_eclk
ROUTE         2     0.202 *LKSYNC0.ECLKO to   IOL_B6A.ECLK eclk_w (to sclk_w)
                  --------
                    2.166   (46.5% logic, 53.5% route), 2 logic levels.

   Min CLK:

   Name    Fanout   Delay (ns)          Site               Resource
PADI_DEL    ---     1.007         34.PAD to       34.PADDI clk
ROUTE         1     0.957       34.PADDI to *LKSYNC0.ECLKI clk_c
C2OUT_DEL   ---     0.000 *LKSYNC0.ECLKI to *LKSYNC0.ECLKO u_eclk
ROUTE         2     0.000 *LKSYNC0.ECLKO to  BCLKDIV0.CLKI eclk_w
CLKOUT_DEL  ---     0.343  BCLKDIV0.CLKI to BCLKDIV0.CDIVX u_div
ROUTE         5     1.495 BCLKDIV0.CDIVX to    IOL_B6A.CLK sclk_w
                  --------
                    3.802   (35.5% logic, 64.5% route), 3 logic levels.

   Min skew of -1.873ns meets timing requirement of -15.079ns by 13.206ns

   Min ECLK:

   Name    Fanout   Delay (ns)          Site               Resource
PADI_DEL    ---     1.132         34.PAD to       34.PADDI clk
ROUTE         1     0.986       34.PADDI to *LKSYNC0.ECLKI clk_c
C2OUT_DEL   ---     0.000 *LKSYNC0.ECLKI to *LKSYNC0.ECLKO u_eclk
ROUTE         2     0.187 *LKSYNC0.ECLKO to   IOL_B6A.ECLK eclk_w (to sclk_w)
                  --------
                    2.305   (49.1% logic, 50.9% route), 2 logic levels.

   Max CLK:

   Name    Fanout   Delay (ns)          Site               Resource
PADI_DEL    ---     1.132         34.PAD to       34.PADDI clk
ROUTE         1     0.986       34.PADDI to *LKSYNC0.ECLKI clk_c
C2OUT_DEL   ---     0.000 *LKSYNC0.ECLKI to *LKSYNC0.ECLKO u_eclk
ROUTE         2     0.000 *LKSYNC0.ECLKO to  BCLKDIV0.CLKI eclk_w
CLKOUT_DEL  ---     0.357  BCLKDIV0.CLKI to BCLKDIV0.CDIVX u_div
ROUTE         5     1.703 BCLKDIV0.CDIVX to    IOL_B6A.CLK sclk_w
                  --------
                    4.178   (35.6% logic, 64.4% route), 3 logic levels.


================================================================================
Internal Preference: FREQUENCY NET "sclk_w" 25.000000 MHz ;
            7 items scored, 0 timing errors detected.
--------------------------------------------------------------------------------


Passed: The following path meets requirements by 37.204ns

 Logical Details:  Cell type  Pin type       Cell/ASIC name  (clock net +/-)

   Source:         FF         Q              u0  (from sclk_w +)
   Destination:    FF         Data in        q_i5  (to sclk_w +)

   Delay:               2.340ns  (35.2% logic, 64.8% route), 1 logic levels.

 Constraint Details:

      2.340ns physical path delay d0_MGIOL to SLICE_4 meets
     40.000ns delay constraint less
      0.153ns skew and
      0.303ns M_SET requirement (totaling 39.544ns) by 37.204ns

 Physical Path Details:

      Data path d0_MGIOL to SLICE_4:

   Name    Fanout   Delay (ns)          Site               Resource
C2INP_DEL   ---     0.824    IOL_B6A.CLK to  IOL_B6A.RXDA4 d0_MGIOL (from sclk_w)
ROUTE         1     1.516  IOL_B6A.RXDA4 to     R10C12B.M0 q4 (to sclk_w)
                  --------
                    2.340   (35.2% logic, 64.8% route), 1 logic levels.

 Clock Skew Details: 

      Source Clock Path u_div to d0_MGIOL:

   Name    Fanout   Delay (ns)          Site               Resource
ROUTE         5     1.703 BCLKDIV0.CDIVX to    IOL_B6A.CLK sclk_w
                  --------
                    1.703   (0.0% logic, 100.0% route), 0 logic levels.

      Destination Clock Path u_div to SLICE_4:

   Name    Fanout   Delay (ns)          Site               Resource
ROUTE         5     1.550 BCLKDIV0.CDIVX to    R10C12B.CLK sclk_w
                  --------
                    1.550   (0.0% logic, 100.0% route), 0 logic levels.


Passed: The following path meets requirements by 37.204ns

 Logical Details:  Cell type  Pin type       Cell/ASIC name  (clock net +/-)

   Source:         FF         Q              u0  (from sclk_w +)
   Destination:    FF         Data in        q_i4  (to sclk_w +)

   Delay:               2.340ns  (35.2% logic, 64.8% route), 1 logic levels.

 Constraint Details:

      2.340ns physical path delay d0_MGIOL to SLICE_4 meets
     40.000ns delay constraint less
      0.153ns skew and
      0.303ns M_SET requirement (totaling 39.544ns) by 37.204ns

 Physical Path Details:

      Data path d0_MGIOL to SLICE_4:

   Name    Fanout   Delay (ns)          Site               Resource
C2INP_DEL   ---     0.824    IOL_B6A.CLK to  IOL_B6A.RXDA3 d0_MGIOL (from sclk_w)
ROUTE         1     1.516  IOL_B6A.RXDA3 to     R10C12B.M1 q3 (to sclk_w)
                  --------
                    2.340   (35.2% logic, 64.8% route), 1 logic levels.

 Clock Skew Details: 

      Source Clock Path u_div to d0_MGIOL:

   Name    Fanout   Delay (ns)          Site               Resource
ROUTE         5     1.703 BCLKDIV0.CDIVX to    IOL_B6A.CLK sclk_w
                  --------
                    1.703   (0.0% logic, 100.0% route), 0 logic levels.

      Destination Clock Path u_div to SLICE_4:

   Name    Fanout   Delay (ns)          Site               Resource
ROUTE         5     1.550 BCLKDIV0.CDIVX to    R10C12B.CLK sclk_w
                  --------
                    1.550   (0.0% logic, 100.0% route), 0 logic levels.


Passed: The following path meets requirements by 37.554ns

 Logical Details:  Cell type  Pin type       Cell/ASIC name  (clock net +/-)

   Source:         FF         Q              u0  (from sclk_w +)
   Destination:    FF         Data in        q_i6  (to sclk_w +)

   Delay:               1.990ns  (41.4% logic, 58.6% route), 1 logic levels.

 Constraint Details:

      1.990ns physical path delay d0_MGIOL to SLICE_5 meets
     40.000ns delay constraint less
      0.153ns skew and
      0.303ns M_SET requirement (totaling 39.544ns) by 37.554ns

 Physical Path Details:

      Data path d0_MGIOL to SLICE_5:

   Name    Fanout   Delay (ns)          Site               Resource
C2INP_DEL   ---     0.824    IOL_B6A.CLK to  IOL_B6A.RXDA5 d0_MGIOL (from sclk_w)
ROUTE         1     1.166  IOL_B6A.RXDA5 to      R10C9B.M0 q5 (to sclk_w)
                  --------
                    1.990   (41.4% logic, 58.6% route), 1 logic levels.

 Clock Skew Details: 

      Source Clock Path u_div to d0_MGIOL:

   Name    Fanout   Delay (ns)          Site               Resource
ROUTE         5     1.703 BCLKDIV0.CDIVX to    IOL_B6A.CLK sclk_w
                  --------
                    1.703   (0.0% logic, 100.0% route), 0 logic levels.

      Destination Clock Path u_div to SLICE_5:

   Name    Fanout   Delay (ns)          Site               Resource
ROUTE         5     1.550 BCLKDIV0.CDIVX to     R10C9B.CLK sclk_w
                  --------
                    1.550   (0.0% logic, 100.0% route), 0 logic levels.


Passed: The following path meets requirements by 37.655ns

 Logical Details:  Cell type  Pin type       Cell/ASIC name  (clock net +/-)

   Source:         FF         Q              u0  (from sclk_w +)
   Destination:    FF         Data in        q_i2  (to sclk_w +)

   Delay:               1.889ns  (43.6% logic, 56.4% route), 1 logic levels.

 Constraint Details:

      1.889ns physical path delay d0_MGIOL to SLICE_2 meets
     40.000ns delay constraint less
      0.153ns skew and
      0.303ns M_SET requirement (totaling 39.544ns) by 37.655ns

 Physical Path Details:

      Data path d0_MGIOL to SLICE_2:

   Name    Fanout   Delay (ns)          Site               Resource
C2INP_DEL   ---     0.824    IOL_B6A.CLK to  IOL_B6A.RXDA1 d0_MGIOL (from sclk_w)
ROUTE         1     1.065  IOL_B6A.RXDA1 to      R10C6D.M1 q1 (to sclk_w)
                  --------
                    1.889   (43.6% logic, 56.4% route), 1 logic levels.

 Clock Skew Details: 

      Source Clock Path u_div to d0_MGIOL:

   Name    Fanout   Delay (ns)          Site               Resource
ROUTE         5     1.703 BCLKDIV0.CDIVX to    IOL_B6A.CLK sclk_w
                  --------
                    1.703   (0.0% logic, 100.0% route), 0 logic levels.

      Destination Clock Path u_div to SLICE_2:

   Name    Fanout   Delay (ns)          Site               Resource
ROUTE         5     1.550 BCLKDIV0.CDIVX to     R10C6D.CLK sclk_w
                  --------
                    1.550   (0.0% logic, 100.0% route), 0 logic levels.


Passed: The following path meets requirements by 37.655ns

 Logical Details:  Cell type  Pin type       Cell/ASIC name  (clock net +/-)

   Source:         FF         Q              u0  (from sclk_w +)
   Destination:    FF         Data in        q_i7  (to sclk_w +)

   Delay:               1.889ns  (43.6% logic, 56.4% route), 1 logic levels.

 Constraint Details:

      1.889ns physical path delay d0_MGIOL to SLICE_6 meets
     40.000ns delay constraint less
      0.153ns skew and
      0.303ns M_SET requirement (totaling 39.544ns) by 37.655ns

 Physical Path Details:

      Data path d0_MGIOL to SLICE_6:

   Name    Fanout   Delay (ns)          Site               Resource
C2INP_DEL   ---     0.824    IOL_B6A.CLK to  IOL_B6A.RXDA6 d0_MGIOL (from sclk_w)
ROUTE         1     1.065  IOL_B6A.RXDA6 to      R10C6B.M0 q6 (to sclk_w)
                  --------
                    1.889   (43.6% logic, 56.4% route), 1 logic levels.

 Clock Skew Details: 

      Source Clock Path u_div to d0_MGIOL:

   Name    Fanout   Delay (ns)          Site               Resource
ROUTE         5     1.703 BCLKDIV0.CDIVX to    IOL_B6A.CLK sclk_w
                  --------
                    1.703   (0.0% logic, 100.0% route), 0 logic levels.

      Destination Clock Path u_div to SLICE_6:

   Name    Fanout   Delay (ns)          Site               Resource
ROUTE         5     1.550 BCLKDIV0.CDIVX to     R10C6B.CLK sclk_w
                  --------
                    1.550   (0.0% logic, 100.0% route), 0 logic levels.


Passed: The following path meets requirements by 37.655ns

 Logical Details:  Cell type  Pin type       Cell/ASIC name  (clock net +/-)

   Source:         FF         Q              u0  (from sclk_w +)
   Destination:    FF         Data in        q_i1  (to sclk_w +)

   Delay:               1.889ns  (43.6% logic, 56.4% route), 1 logic levels.

 Constraint Details:

      1.889ns physical path delay d0_MGIOL to SLICE_6 meets
     40.000ns delay constraint less
      0.153ns skew and
      0.303ns M_SET requirement (totaling 39.544ns) by 37.655ns

 Physical Path Details:

      Data path d0_MGIOL to SLICE_6:

   Name    Fanout   Delay (ns)          Site               Resource
C2INP_DEL   ---     0.824    IOL_B6A.CLK to  IOL_B6A.RXDA0 d0_MGIOL (from sclk_w)
ROUTE         1     1.065  IOL_B6A.RXDA0 to      R10C6B.M1 q0 (to sclk_w)
                  --------
                    1.889   (43.6% logic, 56.4% route), 1 logic levels.

 Clock Skew Details: 

      Source Clock Path u_div to d0_MGIOL:

   Name    Fanout   Delay (ns)          Site               Resource
ROUTE         5     1.703 BCLKDIV0.CDIVX to    IOL_B6A.CLK sclk_w
                  --------
                    1.703   (0.0% logic, 100.0% route), 0 logic levels.

      Destination Clock Path u_div to SLICE_6:

   Name    Fanout   Delay (ns)          Site               Resource
ROUTE         5     1.550 BCLKDIV0.CDIVX to     R10C6B.CLK sclk_w
                  --------
                    1.550   (0.0% logic, 100.0% route), 0 logic levels.


Passed: The following path meets requirements by 38.005ns

 Logical Details:  Cell type  Pin type       Cell/ASIC name  (clock net +/-)

   Source:         FF         Q              u0  (from sclk_w +)
   Destination:    FF         Data in        q_i3  (to sclk_w +)

   Delay:               1.539ns  (53.5% logic, 46.5% route), 1 logic levels.

 Constraint Details:

      1.539ns physical path delay d0_MGIOL to SLICE_2 meets
     40.000ns delay constraint less
      0.153ns skew and
      0.303ns M_SET requirement (totaling 39.544ns) by 38.005ns

 Physical Path Details:

      Data path d0_MGIOL to SLICE_2:

   Name    Fanout   Delay (ns)          Site               Resource
C2INP_DEL   ---     0.824    IOL_B6A.CLK to  IOL_B6A.RXDA2 d0_MGIOL (from sclk_w)
ROUTE         1     0.715  IOL_B6A.RXDA2 to      R10C6D.M0 q2 (to sclk_w)
                  --------
                    1.539   (53.5% logic, 46.5% route), 1 logic levels.

 Clock Skew Details: 

      Source Clock Path u_div to d0_MGIOL:

   Name    Fanout   Delay (ns)          Site               Resource
ROUTE         5     1.703 BCLKDIV0.CDIVX to    IOL_B6A.CLK sclk_w
                  --------
                    1.703   (0.0% logic, 100.0% route), 0 logic levels.

      Destination Clock Path u_div to SLICE_2:

   Name    Fanout   Delay (ns)          Site               Resource
ROUTE         5     1.550 BCLKDIV0.CDIVX to     R10C6D.CLK sclk_w
                  --------
                    1.550   (0.0% logic, 100.0% route), 0 logic levels.

Report:  357.654MHz is the maximum frequency for this preference.

Report Summary
--------------
----------------------------------------------------------------------------
Preference                              |   Constraint|       Actual|Levels
----------------------------------------------------------------------------
                                        |             |             |
FREQUENCY PORT "clk" 100.000000 MHz ;   |  100.000 MHz|  150.150 MHz|   0  
                                        |             |             |
Timing Rule Check                       |            -|            -|   0  
                                        |             |             |
FREQUENCY NET "sclk_w" 25.000000 MHz ;  |   25.000 MHz|  357.654 MHz|   1  
                                        |             |             |
----------------------------------------------------------------------------


All preferences were met.


Clock Domains Analysis
------------------------

Found 3 clocks:

Clock Domain: sclk_w   Source: u_div.CDIVX   Loads: 5
   Covered under: FREQUENCY NET "sclk_w" 25.000000 MHz ;

   Data transfers from:
   Clock Domain: eclk_w   Source: u_eclk.ECLKO
      Covered under: Timing Rule Check   Transfers: 1

Clock Domain: eclk_w   Source: u_eclk.ECLKO   Loads: 2
   No transfer within this clock domain is found

Clock Domain: clk_c   Source: clk.PAD   Loads: 1
   No transfer within this clock domain is found


Timing summary (Setup):
---------------

Timing errors: 0  Score: 0
Cumulative negative slack: 0

Constraints cover 8 paths, 3 nets, and 16 connections (66.67% coverage)

--------------------------------------------------------------------------------
Lattice TRACE Report - Hold, Version Diamond (64-bit) 3.14.0.75.2
Mon Jun 29 23:54:44 2026

Copyright (c) 1991-1994 by NeoCAD Inc. All rights reserved.
Copyright (c) 1995 AT&T Corp.   All rights reserved.
Copyright (c) 1995-2001 Lucent Technologies Inc.  All rights reserved.
Copyright (c) 2001 Agere Systems   All rights reserved.
Copyright (c) 2002-2024 Lattice Semiconductor Corporation,  All rights reserved.

Report Information
------------------
Command line:    trce -v 10 -gt -sethld -sp 5 -sphld m -o fuzz_impl1.twr fuzz_impl1.ncd fuzz_impl1.prf 
Design file:     fuzz_impl1.ncd
Preference file: fuzz_impl1.prf
Device,speed:    LCMXO2-1200HC,m
Report level:    verbose report, limited to 10 items per preference
--------------------------------------------------------------------------------

BLOCK ASYNCPATHS
BLOCK RESETPATHS
--------------------------------------------------------------------------------



================================================================================
Preference: FREQUENCY PORT "clk" 100.000000 MHz ;
            0 items scored, 0 timing errors detected.
--------------------------------------------------------------------------------


================================================================================
Preference: FREQUENCY NET "sclk_w" 25.000000 MHz ;
            7 items scored, 0 timing errors detected.
--------------------------------------------------------------------------------


Passed: The following path meets requirements by 0.677ns

 Logical Details:  Cell type  Pin type       Cell/ASIC name  (clock net +/-)

   Source:         FF         Q              u0  (from sclk_w +)
   Destination:    FF         Data in        q_i3  (to sclk_w +)

   Delay:               0.604ns  (64.7% logic, 35.3% route), 1 logic levels.

 Constraint Details:

      0.604ns physical path delay d0_MGIOL to SLICE_2 meets
     -0.019ns M_HLD and
      0.000ns delay constraint less
      0.054ns skew requirement (totaling -0.073ns) by 0.677ns

 Physical Path Details:

      Data path d0_MGIOL to SLICE_2:

   Name    Fanout   Delay (ns)          Site               Resource
C2INP_DEL   ---     0.391    IOL_B6A.CLK to  IOL_B6A.RXDA2 d0_MGIOL (from sclk_w)
ROUTE         1     0.213  IOL_B6A.RXDA2 to      R10C6D.M0 q2 (to sclk_w)
                  --------
                    0.604   (64.7% logic, 35.3% route), 1 logic levels.

 Clock Skew Details: 

      Source Clock Path u_div to d0_MGIOL:

   Name    Fanout   Delay (ns)          Site               Resource
ROUTE         5     0.688 BCLKDIV0.CDIVX to    IOL_B6A.CLK sclk_w
                  --------
                    0.688   (0.0% logic, 100.0% route), 0 logic levels.

      Destination Clock Path u_div to SLICE_2:

   Name    Fanout   Delay (ns)          Site               Resource
ROUTE         5     0.634 BCLKDIV0.CDIVX to     R10C6D.CLK sclk_w
                  --------
                    0.634   (0.0% logic, 100.0% route), 0 logic levels.


Passed: The following path meets requirements by 0.788ns

 Logical Details:  Cell type  Pin type       Cell/ASIC name  (clock net +/-)

   Source:         FF         Q              u0  (from sclk_w +)
   Destination:    FF         Data in        q_i2  (to sclk_w +)

   Delay:               0.715ns  (54.7% logic, 45.3% route), 1 logic levels.

 Constraint Details:

      0.715ns physical path delay d0_MGIOL to SLICE_2 meets
     -0.019ns M_HLD and
      0.000ns delay constraint less
      0.054ns skew requirement (totaling -0.073ns) by 0.788ns

 Physical Path Details:

      Data path d0_MGIOL to SLICE_2:

   Name    Fanout   Delay (ns)          Site               Resource
C2INP_DEL   ---     0.391    IOL_B6A.CLK to  IOL_B6A.RXDA1 d0_MGIOL (from sclk_w)
ROUTE         1     0.324  IOL_B6A.RXDA1 to      R10C6D.M1 q1 (to sclk_w)
                  --------
                    0.715   (54.7% logic, 45.3% route), 1 logic levels.

 Clock Skew Details: 

      Source Clock Path u_div to d0_MGIOL:

   Name    Fanout   Delay (ns)          Site               Resource
ROUTE         5     0.688 BCLKDIV0.CDIVX to    IOL_B6A.CLK sclk_w
                  --------
                    0.688   (0.0% logic, 100.0% route), 0 logic levels.

      Destination Clock Path u_div to SLICE_2:

   Name    Fanout   Delay (ns)          Site               Resource
ROUTE         5     0.634 BCLKDIV0.CDIVX to     R10C6D.CLK sclk_w
                  --------
                    0.634   (0.0% logic, 100.0% route), 0 logic levels.


Passed: The following path meets requirements by 0.788ns

 Logical Details:  Cell type  Pin type       Cell/ASIC name  (clock net +/-)

   Source:         FF         Q              u0  (from sclk_w +)
   Destination:    FF         Data in        q_i7  (to sclk_w +)

   Delay:               0.715ns  (54.7% logic, 45.3% route), 1 logic levels.

 Constraint Details:

      0.715ns physical path delay d0_MGIOL to SLICE_6 meets
     -0.019ns M_HLD and
      0.000ns delay constraint less
      0.054ns skew requirement (totaling -0.073ns) by 0.788ns

 Physical Path Details:

      Data path d0_MGIOL to SLICE_6:

   Name    Fanout   Delay (ns)          Site               Resource
C2INP_DEL   ---     0.391    IOL_B6A.CLK to  IOL_B6A.RXDA6 d0_MGIOL (from sclk_w)
ROUTE         1     0.324  IOL_B6A.RXDA6 to      R10C6B.M0 q6 (to sclk_w)
                  --------
                    0.715   (54.7% logic, 45.3% route), 1 logic levels.

 Clock Skew Details: 

      Source Clock Path u_div to d0_MGIOL:

   Name    Fanout   Delay (ns)          Site               Resource
ROUTE         5     0.688 BCLKDIV0.CDIVX to    IOL_B6A.CLK sclk_w
                  --------
                    0.688   (0.0% logic, 100.0% route), 0 logic levels.

      Destination Clock Path u_div to SLICE_6:

   Name    Fanout   Delay (ns)          Site               Resource
ROUTE         5     0.634 BCLKDIV0.CDIVX to     R10C6B.CLK sclk_w
                  --------
                    0.634   (0.0% logic, 100.0% route), 0 logic levels.


Passed: The following path meets requirements by 0.788ns

 Logical Details:  Cell type  Pin type       Cell/ASIC name  (clock net +/-)

   Source:         FF         Q              u0  (from sclk_w +)
   Destination:    FF         Data in        q_i1  (to sclk_w +)

   Delay:               0.715ns  (54.7% logic, 45.3% route), 1 logic levels.

 Constraint Details:

      0.715ns physical path delay d0_MGIOL to SLICE_6 meets
     -0.019ns M_HLD and
      0.000ns delay constraint less
      0.054ns skew requirement (totaling -0.073ns) by 0.788ns

 Physical Path Details:

      Data path d0_MGIOL to SLICE_6:

   Name    Fanout   Delay (ns)          Site               Resource
C2INP_DEL   ---     0.391    IOL_B6A.CLK to  IOL_B6A.RXDA0 d0_MGIOL (from sclk_w)
ROUTE         1     0.324  IOL_B6A.RXDA0 to      R10C6B.M1 q0 (to sclk_w)
                  --------
                    0.715   (54.7% logic, 45.3% route), 1 logic levels.

 Clock Skew Details: 

      Source Clock Path u_div to d0_MGIOL:

   Name    Fanout   Delay (ns)          Site               Resource
ROUTE         5     0.688 BCLKDIV0.CDIVX to    IOL_B6A.CLK sclk_w
                  --------
                    0.688   (0.0% logic, 100.0% route), 0 logic levels.

      Destination Clock Path u_div to SLICE_6:

   Name    Fanout   Delay (ns)          Site               Resource
ROUTE         5     0.634 BCLKDIV0.CDIVX to     R10C6B.CLK sclk_w
                  --------
                    0.634   (0.0% logic, 100.0% route), 0 logic levels.


Passed: The following path meets requirements by 0.814ns

 Logical Details:  Cell type  Pin type       Cell/ASIC name  (clock net +/-)

   Source:         FF         Q              u0  (from sclk_w +)
   Destination:    FF         Data in        q_i6  (to sclk_w +)

   Delay:               0.741ns  (52.8% logic, 47.2% route), 1 logic levels.

 Constraint Details:

      0.741ns physical path delay d0_MGIOL to SLICE_5 meets
     -0.019ns M_HLD and
      0.000ns delay constraint less
      0.054ns skew requirement (totaling -0.073ns) by 0.814ns

 Physical Path Details:

      Data path d0_MGIOL to SLICE_5:

   Name    Fanout   Delay (ns)          Site               Resource
C2INP_DEL   ---     0.391    IOL_B6A.CLK to  IOL_B6A.RXDA5 d0_MGIOL (from sclk_w)
ROUTE         1     0.350  IOL_B6A.RXDA5 to      R10C9B.M0 q5 (to sclk_w)
                  --------
                    0.741   (52.8% logic, 47.2% route), 1 logic levels.

 Clock Skew Details: 

      Source Clock Path u_div to d0_MGIOL:

   Name    Fanout   Delay (ns)          Site               Resource
ROUTE         5     0.688 BCLKDIV0.CDIVX to    IOL_B6A.CLK sclk_w
                  --------
                    0.688   (0.0% logic, 100.0% route), 0 logic levels.

      Destination Clock Path u_div to SLICE_5:

   Name    Fanout   Delay (ns)          Site               Resource
ROUTE         5     0.634 BCLKDIV0.CDIVX to     R10C9B.CLK sclk_w
                  --------
                    0.634   (0.0% logic, 100.0% route), 0 logic levels.


Passed: The following path meets requirements by 0.925ns

 Logical Details:  Cell type  Pin type       Cell/ASIC name  (clock net +/-)

   Source:         FF         Q              u0  (from sclk_w +)
   Destination:    FF         Data in        q_i4  (to sclk_w +)

   Delay:               0.852ns  (45.9% logic, 54.1% route), 1 logic levels.

 Constraint Details:

      0.852ns physical path delay d0_MGIOL to SLICE_4 meets
     -0.019ns M_HLD and
      0.000ns delay constraint less
      0.054ns skew requirement (totaling -0.073ns) by 0.925ns

 Physical Path Details:

      Data path d0_MGIOL to SLICE_4:

   Name    Fanout   Delay (ns)          Site               Resource
C2INP_DEL   ---     0.391    IOL_B6A.CLK to  IOL_B6A.RXDA3 d0_MGIOL (from sclk_w)
ROUTE         1     0.461  IOL_B6A.RXDA3 to     R10C12B.M1 q3 (to sclk_w)
                  --------
                    0.852   (45.9% logic, 54.1% route), 1 logic levels.

 Clock Skew Details: 

      Source Clock Path u_div to d0_MGIOL:

   Name    Fanout   Delay (ns)          Site               Resource
ROUTE         5     0.688 BCLKDIV0.CDIVX to    IOL_B6A.CLK sclk_w
                  --------
                    0.688   (0.0% logic, 100.0% route), 0 logic levels.

      Destination Clock Path u_div to SLICE_4:

   Name    Fanout   Delay (ns)          Site               Resource
ROUTE         5     0.634 BCLKDIV0.CDIVX to    R10C12B.CLK sclk_w
                  --------
                    0.634   (0.0% logic, 100.0% route), 0 logic levels.


Passed: The following path meets requirements by 0.925ns

 Logical Details:  Cell type  Pin type       Cell/ASIC name  (clock net +/-)

   Source:         FF         Q              u0  (from sclk_w +)
   Destination:    FF         Data in        q_i5  (to sclk_w +)

   Delay:               0.852ns  (45.9% logic, 54.1% route), 1 logic levels.

 Constraint Details:

      0.852ns physical path delay d0_MGIOL to SLICE_4 meets
     -0.019ns M_HLD and
      0.000ns delay constraint less
      0.054ns skew requirement (totaling -0.073ns) by 0.925ns

 Physical Path Details:

      Data path d0_MGIOL to SLICE_4:

   Name    Fanout   Delay (ns)          Site               Resource
C2INP_DEL   ---     0.391    IOL_B6A.CLK to  IOL_B6A.RXDA4 d0_MGIOL (from sclk_w)
ROUTE         1     0.461  IOL_B6A.RXDA4 to     R10C12B.M0 q4 (to sclk_w)
                  --------
                    0.852   (45.9% logic, 54.1% route), 1 logic levels.

 Clock Skew Details: 

      Source Clock Path u_div to d0_MGIOL:

   Name    Fanout   Delay (ns)          Site               Resource
ROUTE         5     0.688 BCLKDIV0.CDIVX to    IOL_B6A.CLK sclk_w
                  --------
                    0.688   (0.0% logic, 100.0% route), 0 logic levels.

      Destination Clock Path u_div to SLICE_4:

   Name    Fanout   Delay (ns)          Site               Resource
ROUTE         5     0.634 BCLKDIV0.CDIVX to    R10C12B.CLK sclk_w
                  --------
                    0.634   (0.0% logic, 100.0% route), 0 logic levels.


================================================================================
Internal Preference: Timing Rule Check
            1 item scored, 0 timing errors detected.
--------------------------------------------------------------------------------


Passed: d0_MGIOL meets ECLK to CLK skew range from -15.023ns to 14.955ns

   Max skew of -0.603ns meets timing requirement of 14.955ns by 15.558ns

   Max ECLK:

   Name    Fanout   Delay (ns)          Site               Resource
PADI_DEL    ---     0.428         34.PAD to       34.PADDI clk
ROUTE         1     0.353       34.PADDI to *LKSYNC0.ECLKI clk_c
C2OUT_DEL   ---     0.000 *LKSYNC0.ECLKI to *LKSYNC0.ECLKO u_eclk
ROUTE         2     0.080 *LKSYNC0.ECLKO to   IOL_B6A.ECLK eclk_w (to sclk_w)
                  --------
                    0.861   (49.7% logic, 50.3% route), 2 logic levels.

   Min CLK:

   Name    Fanout   Delay (ns)          Site               Resource
PADI_DEL    ---     0.428         34.PAD to       34.PADDI clk
ROUTE         1     0.353       34.PADDI to *LKSYNC0.ECLKI clk_c
C2OUT_DEL   ---     0.000 *LKSYNC0.ECLKI to *LKSYNC0.ECLKO u_eclk
ROUTE         2     0.000 *LKSYNC0.ECLKO to  BCLKDIV0.CLKI eclk_w
CLKOUT_DEL  ---     0.122  BCLKDIV0.CLKI to BCLKDIV0.CDIVX u_div
ROUTE         5     0.561 BCLKDIV0.CDIVX to    IOL_B6A.CLK sclk_w
                  --------
                    1.464   (37.6% logic, 62.4% route), 3 logic levels.

   Min skew of -0.740ns meets timing requirement of -15.023ns by 14.283ns

   Min ECLK:

   Name    Fanout   Delay (ns)          Site               Resource
PADI_DEL    ---     0.449         34.PAD to       34.PADDI clk
ROUTE         1     0.362       34.PADDI to *LKSYNC0.ECLKI clk_c
C2OUT_DEL   ---     0.000 *LKSYNC0.ECLKI to *LKSYNC0.ECLKO u_eclk
ROUTE         2     0.078 *LKSYNC0.ECLKO to   IOL_B6A.ECLK eclk_w (to sclk_w)
                  --------
                    0.889   (50.5% logic, 49.5% route), 2 logic levels.

   Max CLK:

   Name    Fanout   Delay (ns)          Site               Resource
PADI_DEL    ---     0.449         34.PAD to       34.PADDI clk
ROUTE         1     0.362       34.PADDI to *LKSYNC0.ECLKI clk_c
C2OUT_DEL   ---     0.000 *LKSYNC0.ECLKI to *LKSYNC0.ECLKO u_eclk
ROUTE         2     0.000 *LKSYNC0.ECLKO to  BCLKDIV0.CLKI eclk_w
CLKOUT_DEL  ---     0.130  BCLKDIV0.CLKI to BCLKDIV0.CDIVX u_div
ROUTE         5     0.688 BCLKDIV0.CDIVX to    IOL_B6A.CLK sclk_w
                  --------
                    1.629   (35.5% logic, 64.5% route), 3 logic levels.

Report Summary
--------------
----------------------------------------------------------------------------
Preference(MIN Delays)                  |   Constraint|       Actual|Levels
----------------------------------------------------------------------------
                                        |             |             |
FREQUENCY PORT "clk" 100.000000 MHz ;   |            -|            -|   0  
                                        |             |             |
FREQUENCY NET "sclk_w" 25.000000 MHz ;  |     0.000 ns|     0.677 ns|   1  
                                        |             |             |
Timing Rule Check                       |            -|            -|   0  
                                        |             |             |
----------------------------------------------------------------------------


All preferences were met.


Clock Domains Analysis
------------------------

Found 3 clocks:

Clock Domain: sclk_w   Source: u_div.CDIVX   Loads: 5
   Covered under: FREQUENCY NET "sclk_w" 25.000000 MHz ;

   Data transfers from:
   Clock Domain: eclk_w   Source: u_eclk.ECLKO
      Covered under: Timing Rule Check   Transfers: 1

Clock Domain: eclk_w   Source: u_eclk.ECLKO   Loads: 2
   No transfer within this clock domain is found

Clock Domain: clk_c   Source: clk.PAD   Loads: 1
   No transfer within this clock domain is found


Timing summary (Hold):
---------------

Timing errors: 0  Score: 0
Cumulative negative slack: 0

Constraints cover 8 paths, 3 nets, and 16 connections (66.67% coverage)



Timing summary (Setup and Hold):
---------------

Timing errors: 0 (setup), 0 (hold)
Score: 0 (setup), 0 (hold)
Cumulative negative slack: 0 (0+0)
--------------------------------------------------------------------------------

--------------------------------------------------------------------------------

