
synthesis -f "v07_impl1_lattice.synproj"
synthesis:  version Diamond (64-bit) 3.14.0.75.2

Copyright (c) 1991-1994 by NeoCAD Inc. All rights reserved.
Copyright (c) 1995 AT&T Corp.   All rights reserved.
Copyright (c) 1995-2001 Lucent Technologies Inc.  All rights reserved.
Copyright (c) 2001 Agere Systems   All rights reserved.
Copyright (c) 2002-2024 Lattice Semiconductor Corporation,  All rights reserved.
Fri Jul 17 19:16:33 2026


Command Line:  synthesis -f v07_impl1_lattice.synproj 

INFO - synthesis: Lattice Synthesis Engine Launched.
Synthesis options:
The -a option is MachXO2.
The -s option is 5.
The -t option is TQFP100.
The -d option is LCMXO2-1200HC.
Using package TQFP100.
Using performance grade 5.
                                                          

##########################################################

### Lattice Family : MachXO2

### Device  : LCMXO2-1200HC

### Package : TQFP100

### Speed   : 5

##########################################################

                                                          

INFO - synthesis: User-Selected Strategy Settings
Optimization goal = Balanced
The -top option is not used.
Target frequency = 200.000000 MHz.
Maximum fanout = 1000.
Timing path count = 3
BRAM utilization = 100.000000 %
DSP usage = true
DSP utilization = 100.000000 %
fsm_encoding_style = auto
resolve_mixed_drivers = 0
fix_gated_clocks = 1

Mux style = Auto
Use Carry Chain = true
carry_chain_length = 0
Loop Limit = 1950.
Use IO Insertion = TRUE
Use IO Reg = AUTO

Resource Sharing = TRUE
Propagate Constants = TRUE
Remove Duplicate Registers = TRUE
force_gsr = auto
ROM style = auto
RAM style = auto
The -comp option is FALSE.
The -syn option is FALSE.
-p /mnt/2tb/git/pluribus/diamond-fuzz/targets/v07_roundtrip (searchpath added)
-p /home/dan/lscc/diamond/3.14/ispfpga/xo2c00/data (searchpath added)
-p /mnt/2tb/git/pluribus/diamond-fuzz/targets/v07_roundtrip/impl1 (searchpath added)
-p /mnt/2tb/git/pluribus/diamond-fuzz/targets/v07_roundtrip (searchpath added)
Verilog design file = /mnt/2tb/git/pluribus/diamond-fuzz/targets/v07_roundtrip/v07.v
NGD file = v07_impl1.ngd
-sdc option: SDC file input not used.
-lpf option: Output file option is ON.
Hardtimer checking is enabled (default). The -dt option is not used.
The -r option is OFF. [ Remove LOC Properties is OFF. ]
WARNING - synthesis: Setting efb_spi_slave as the top-level module. To specify the top-level module explicitly, use the -top option.
Technology check ok...

Analyzing Verilog file /home/dan/lscc/diamond/3.14/ispfpga/userware/unix/SYNTHESIS_HEADERS/machxo2.v. VERI-1482
Compile design.
Compile Design Begin
Analyzing Verilog file /mnt/2tb/git/pluribus/diamond-fuzz/targets/v07_roundtrip/v07.v. VERI-1482
WARNING - synthesis: /mnt/2tb/git/pluribus/diamond-fuzz/targets/v07_roundtrip/v07.v(9320): assignment to input ADC_D4AVERI-1214
Analyzing Verilog file /home/dan/lscc/diamond/3.14/ispfpga/userware/unix/SYNTHESIS_HEADERS/machxo2.v. VERI-1482
Top module name (Verilog): efb_spi_slave
INFO - synthesis: /mnt/2tb/git/pluribus/diamond-fuzz/targets/v07_roundtrip/v07.v(10378): compiling module efb_spi_slave. VERI-1018
Last elaborated design is efb_spi_slave()
Loading NGL library '/home/dan/lscc/diamond/3.14/ispfpga/xo2c00a/data/xo2alib.ngl'...
Loading NGL library '/home/dan/lscc/diamond/3.14/ispfpga/xo2c00/data/xo2clib.ngl'...
Loading NGL library '/home/dan/lscc/diamond/3.14/ispfpga/mg5g00/data/mg5glib.ngl'...
Loading NGL library '/home/dan/lscc/diamond/3.14/ispfpga/or5g00/data/orc5glib.ngl'...
Loading device for application map from file 'xo2c1200.nph' in environment: /home/dan/lscc/diamond/3.14/ispfpga.
Package Status:                     Final          Version 1.44.
Top-level module name = efb_spi_slave.
WARNING - synthesis: I/O Port spi_sck 's net has no driver and is unused.
WARNING - synthesis: I/O Port spi_cs_n 's net has no driver and is unused.
WARNING - synthesis: I/O Port spi_mosi 's net has no driver and is unused.
WARNING - synthesis: I/O Port spi_miso 's net has no driver and is unused.
WARNING - synthesis: I/O Port wb_dato[7] 's net has no driver and is unused.
WARNING - synthesis: I/O Port wb_dato[6] 's net has no driver and is unused.
WARNING - synthesis: I/O Port wb_dato[5] 's net has no driver and is unused.
WARNING - synthesis: I/O Port wb_dato[4] 's net has no driver and is unused.
WARNING - synthesis: I/O Port wb_dato[3] 's net has no driver and is unused.
WARNING - synthesis: I/O Port wb_dato[2] 's net has no driver and is unused.
WARNING - synthesis: I/O Port wb_dato[1] 's net has no driver and is unused.
WARNING - synthesis: I/O Port wb_dato[0] 's net has no driver and is unused.
WARNING - synthesis: I/O Port wb_ack 's net has no driver and is unused.
######## Missing driver on net spi_miso. Patching with GND.
######## Missing driver on net wb_dato[7]. Patching with GND.
######## Missing driver on net wb_dato[6]. Patching with GND.
######## Missing driver on net wb_dato[5]. Patching with GND.
######## Missing driver on net wb_dato[4]. Patching with GND.
######## Missing driver on net wb_dato[3]. Patching with GND.
######## Missing driver on net wb_dato[2]. Patching with GND.
######## Missing driver on net wb_dato[1]. Patching with GND.
######## Missing driver on net wb_dato[0]. Patching with GND.
######## Missing driver on net wb_ack. Patching with GND.



WARNING - synthesis: I/O Port spi_sck 's net has no driver and is unused.
WARNING - synthesis: I/O Port spi_cs_n 's net has no driver and is unused.
WARNING - synthesis: I/O Port spi_mosi 's net has no driver and is unused.
GSR will not be inferred because no asynchronous signal was found in the netlist.
Applying 200.000000 MHz constraint to all clocks

WARNING - synthesis: No user .sdc file.
Results of NGD DRC are available in efb_spi_slave_drc.log.
Loading NGL library '/home/dan/lscc/diamond/3.14/ispfpga/xo2c00a/data/xo2alib.ngl'...
Loading NGL library '/home/dan/lscc/diamond/3.14/ispfpga/xo2c00/data/xo2clib.ngl'...
Loading NGL library '/home/dan/lscc/diamond/3.14/ispfpga/mg5g00/data/mg5glib.ngl'...
Loading NGL library '/home/dan/lscc/diamond/3.14/ispfpga/or5g00/data/orc5glib.ngl'...


Running DRC...

WARNING - synthesis: logical net 'spi_sck' has no load.
WARNING - synthesis: input pad net 'spi_sck' has no legal load.
WARNING - synthesis: logical net 'spi_cs_n' has no load.
WARNING - synthesis: input pad net 'spi_cs_n' has no legal load.
WARNING - synthesis: logical net 'spi_mosi' has no load.
WARNING - synthesis: input pad net 'spi_mosi' has no legal load.
WARNING - synthesis: DRC complete with 6 warnings.

Design Results:
     14 blocks expanded
completed the first expansion
All blocks are expanded and NGD expansion is successful.
Writing NGD file v07_impl1.ngd.

################### Begin Area Report (efb_spi_slave)######################
Number of register bits => 0 of 1520 (0 % )
GSR => 1
OB => 10
################### End Area Report ##################

################### Begin BlackBox Report ######################
TSALL => 1
################### End BlackBox Report ##################

################### Begin Clock Report ######################
Clock Nets
Number of Clocks: 0
Clock Enable Nets
Number of Clock Enables: 0
Top 0 highest fanout Clock Enables:
Highest fanout non-clock nets
Top 10 highest fanout non-clock nets:
  Net : wb_ack, loads : 0
  Net : wb_dato[0], loads : 0
  Net : wb_dato[1], loads : 0
  Net : wb_dato[2], loads : 0
  Net : wb_dato[3], loads : 0
  Net : wb_dato[4], loads : 0
  Net : wb_dato[5], loads : 0
  Net : wb_dato[6], loads : 0
  Net : wb_dato[7], loads : 0
  Net : spi_miso, loads : 0
################### End Clock Report ##################

Peak Memory Usage: 176.641  MB

--------------------------------------------------------------
Elapsed CPU time for LSE flow : 0.134  secs
--------------------------------------------------------------
