
             Lattice Mapping Report File for Design Module 'fuzz'


Design Information
------------------

Command line:   map -a MachXO2 -p LCMXO2-1200HC -t TQFP100 -s 5 -oc Commercial
     fuzz_impl1.ngd -o fuzz_impl1_map.ncd -pr fuzz_impl1.prf -mp fuzz_impl1.mrp
     -lpf /mnt/2tb/git/awto-2000/fpga/diamond/fuzz/targets/efb_i2c1_tc/impl1/fuz
     z_impl1.lpf -lpf
     /mnt/2tb/git/awto-2000/fpga/diamond/fuzz/targets/efb_i2c1_tc/fuzz.lpf -c 0
     
Target Vendor:  LATTICE
Target Device:  LCMXO2-1200HCTQFP100
Target Performance:   5
Mapper:  xo2c00,  version:  Diamond (64-bit) 3.14.0.75.2
Mapped on:  06/29/26  23:24:37

Design Summary
--------------

   Number of registers:      1 out of  1520 (0%)
      PFU registers:            1 out of  1280 (0%)
      PIO registers:            0 out of   240 (0%)
   Number of SLICEs:         2 out of   640 (0%)
      SLICEs as Logic/ROM:      2 out of   640 (0%)
      SLICEs as RAM:            0 out of   480 (0%)
      SLICEs as Carry:          0 out of   640 (0%)
   Number of LUT4s:          3 out of  1280 (0%)
      Number used as logic LUTs:          3
      Number used as distributed RAM:     0
      Number used as ripple logic:        0
      Number used as shift registers:     0
   Number of PIO sites used: 4 + 4(JTAG) out of 80 (10%)
   Number of block RAMs:  0 out of 7 (0%)
   Number of GSRs:        0 out of 1 (0%)
   EFB used :        Yes
   JTAG used :       No
   Readback used :   No
   Oscillator used : No
   Startup used :    No
   POR :             On
   Bandgap :         On
   Number of Power Controller:  0 out of 1 (0%)
   Number of Dynamic Bank Controller (BCINRD):  0 out of 4 (0%)
   Number of Dynamic Bank Controller (BCLVDSO):  0 out of 1 (0%)
   Number of DCCA:  0 out of 8 (0%)
   Number of DCMA:  0 out of 2 (0%)
   Number of PLLs:  0 out of 1 (0%)
   Number of DQSDLLs:  0 out of 2 (0%)
   Number of CLKDIVC:  0 out of 4 (0%)
   Number of ECLKSYNCA:  0 out of 4 (0%)
   Number of ECLKBRIDGECS:  0 out of 2 (0%)
   Notes:-
      1. Total number of LUT4s = (Number of logic LUT4s) + 2*(Number of
     distributed RAMs) + 2*(Number of ripple logic)
      2. Number of logic LUT4s does not include count of distributed RAM and
     ripple logic.
   Number of clocks:  2
     Net clk_c: 2 loads, 2 rising, 0 falling (Driver: PIO clk )
     Net i2c1_scl_c: 1 loads, 1 rising, 0 falling (Driver: PIO i2c1_scl )

                                    Page 1




Design:  fuzz                                          Date:  06/29/26  23:24:37

Design Summary (cont)
---------------------
   Number of Clock Enables:  0
   Number of LSRs:  0
   Number of nets driven by tri-state buffers:  0
   Top 10 highest fanout non-clock nets:
     Net i2c1_sda_c: 1 loads
     Net n15: 1 loads
     Net out0_c: 1 loads
     Net wbdato_w_0: 1 loads
     Net wbdato_w_1: 1 loads
     Net wbdato_w_2: 1 loads
     Net wbdato_w_3: 1 loads
     Net wbdato_w_4: 1 loads
     Net wbdato_w_5: 1 loads
     Net wbdato_w_7: 1 loads




   Number of warnings:  3
   Number of errors:    0
     

Design Errors/Warnings
----------------------

WARNING - map: u0: TCRSTN pin was grounded, which reset TimerCounter forever.
WARNING - map: In "LOCATE COMP "i2c1_scl" SITE "86" ;": Current SYS_CONFIG
     setting prohibits pin "86" to be used as user IO. This preference has been
     disabled.
WARNING - map: In "LOCATE COMP "i2c1_sda" SITE "85" ;": Current SYS_CONFIG
     setting prohibits pin "85" to be used as user IO. This preference has been
     disabled.

IO (PIO) Attributes
-------------------

+---------------------+-----------+-----------+------------+
| IO Name             | Direction | Levelmode | IO         |
|                     |           |  IO_TYPE  | Register   |
+---------------------+-----------+-----------+------------+
| out0                | OUTPUT    | LVCMOS33  |            |
+---------------------+-----------+-----------+------------+
| clk                 | INPUT     | LVCMOS33  |            |
+---------------------+-----------+-----------+------------+
| i2c1_scl            | INPUT     | LVCMOS33  |            |
+---------------------+-----------+-----------+------------+
| i2c1_sda            | INPUT     | LVCMOS33  |            |
+---------------------+-----------+-----------+------------+

Removed logic
-------------

Block i17 undriven or does not drive anything - clipped.
Block GSR_INST undriven or does not drive anything - clipped.
Signal GND_net undriven or does not drive anything - clipped.
Signal VCC_net undriven or does not drive anything - clipped.

                                    Page 2




Design:  fuzz                                          Date:  06/29/26  23:24:37

Removed logic (cont)
--------------------
Block i1 was optimized away.

     

Embedded Functional Block Connection Summary
--------------------------------------------

   Desired WISHBONE clock frequency: 100.0 MHz
   Clock source:                     clk_c
   Reset source:                     NONE
   Functions mode:
      I2C #1 (Primary) Function:     ENABLED
      I2C #2 (Secondary) Function:   DISABLED
      SPI Function:                  DISABLED
      Timer/Counter Function:        ENABLED
      Timer/Counter Mode:            NO_WB
      UFM Connection:                DISABLED
      PLL0 Connection:               DISABLED
      PLL1 Connection:               DISABLED
   I2C Function Summary:
   --------------------
      I2C Component:          PRIMARY
      I2C Addressing:         7BIT
      I2C Performance:        100kHz
      Slave Address:          0b1000001
      General Call:           DISABLED
      I2C Wake Up:            DISABLED
      I2C Component:          UFM/Configuration
      I2C Addressing:         7BIT
      I2C Performance:        100kHz
      Slave Address:          0b1000000
   SPI Function Summary:
   --------------------
      None
   Timer/Counter Function Summary:
   ------------------------------
      TC_MODE:                CTCM
      TC_SCLK_SEL:            Positive Edge
      TC_CCLK_SEL:            1
      GSR:                    ENABLED
      TC_TOP_SET:             65535
      TC_OCR_SET:             32767
      TC_OC_MODE:             TOGGLE
      TC_RESETN:              ENABLED
      TC_TOP_SEL:             ON
      TC_OV_INT:              OFF
      TC_OCR_INT:             OFF
      TC_ICR_INT:             OFF
      TC_OVERFLOW:            ENABLED
      TC_ICAPTURE:            DISABLED
   UFM Function Summary:
   --------------------
      UFM Utilization:        General Purpose Flash Memory
      Available General
      Purpose Flash Memory:   511 Pages (511*128 Bits)


                                    Page 3




Design:  fuzz                                          Date:  06/29/26  23:24:37

Embedded Functional Block Connection Summary (cont)
---------------------------------------------------
           EBR Blocks with Unique
      Initialization Data:    0

           WID		EBR Instance
      ---		------------


ASIC Components
---------------

Instance Name: u0
         Type: EFB

Run Time and Memory Usage
-------------------------

   Total CPU Time: 0 secs  
   Total REAL Time: 0 secs  
   Peak Memory Usage: 158 MB
        





































                                    Page 4


Copyright (c) 1991-1994 by NeoCAD Inc. All rights reserved.
     Copyright (c) 1995 AT&T Corp.   All rights reserved.
     Copyright (c) 1995-2001 Lucent Technologies Inc.  All rights reserved.
     Copyright (c) 2001 Agere Systems   All rights reserved.
     Copyright (c) 2002-2024 Lattice Semiconductor Corporation,  All rights
     reserved.
