
             Lattice Mapping Report File for Design Module 'fuzz'


Design Information
------------------

Command line:   map -a MachXO2 -p LCMXO2-1200HC -t TQFP100 -s 5 -oc Commercial
     fuzz_impl1.ngd -o fuzz_impl1_map.ncd -pr fuzz_impl1.prf -mp fuzz_impl1.mrp
     -lpf /mnt/2tb/git/awto-2000/fpga/diamond/fuzz/targets/oddrx71a_bank0/impl1/
     fuzz_impl1.lpf -lpf
     /mnt/2tb/git/awto-2000/fpga/diamond/fuzz/targets/oddrx71a_bank0/fuzz.lpf -c
     0 
Target Vendor:  LATTICE
Target Device:  LCMXO2-1200HCTQFP100
Target Performance:   5
Mapper:  xo2c00,  version:  Diamond (64-bit) 3.14.0.75.2
Mapped on:  06/29/26  23:53:53

Design Summary
--------------

   Number of registers:      0 out of  1520 (0%)
      PFU registers:            0 out of  1280 (0%)
      PIO registers:            0 out of   240 (0%)
   Number of SLICEs:         1 out of   640 (0%)
      SLICEs as Logic/ROM:      1 out of   640 (0%)
      SLICEs as RAM:            0 out of   480 (0%)
      SLICEs as Carry:          0 out of   640 (0%)
   Number of LUT4s:          1 out of  1280 (0%)
      Number used as logic LUTs:          1
      Number used as distributed RAM:     0
      Number used as ripple logic:        0
      Number used as shift registers:     0
   Number of PIO sites used: 4 + 4(JTAG) out of 80 (10%)
   Number of IDDR/ODDR/TDDR cells used: 1 out of 240 (0%)
      Number of IDDR cells:   0
      Number of ODDR cells:   1
      Number of TDDR cells:   0
   Number of PIO using at least one IDDR/ODDR/TDDR: 1 (0 differential)
      Number of PIO using IDDR only:        0 (0 differential)
      Number of PIO using ODDR only:        1 (0 differential)
      Number of PIO using TDDR only:        0 (0 differential)
      Number of PIO using IDDR/ODDR:        0 (0 differential)
      Number of PIO using IDDR/TDDR:        0 (0 differential)
      Number of PIO using ODDR/TDDR:        0 (0 differential)
      Number of PIO using IDDR/ODDR/TDDR:   0 (0 differential)
   Number of block RAMs:  0 out of 7 (0%)
   Number of GSRs:        0 out of 1 (0%)
   EFB used :        No
   JTAG used :       No
   Readback used :   No
   Oscillator used : No
   Startup used :    No
   POR :             On
   Bandgap :         On
   Number of Power Controller:  0 out of 1 (0%)
   Number of Dynamic Bank Controller (BCINRD):  0 out of 4 (0%)
   Number of Dynamic Bank Controller (BCLVDSO):  0 out of 1 (0%)
   Number of DCCA:  0 out of 8 (0%)
   Number of DCMA:  0 out of 2 (0%)
   Number of PLLs:  0 out of 1 (0%)

                                    Page 1




Design:  fuzz                                          Date:  06/29/26  23:53:53

Design Summary (cont)
---------------------
   Number of DQSDLLs:  0 out of 2 (0%)
   Number of CLKDIVC:  1 out of 4 (25%)
   Number of ECLKSYNCA:  1 out of 4 (25%)
   Number of ECLKBRIDGECS:  0 out of 2 (0%)
   Notes:-
      1. Total number of LUT4s = (Number of logic LUT4s) + 2*(Number of
     distributed RAMs) + 2*(Number of ripple logic)
      2. Number of logic LUT4s does not include count of distributed RAM and
     ripple logic.
   Number of clocks:  3
     Net eclk_w: 2 loads, 2 rising, 0 falling (Driver: u_eclk )
     Net sclk_w: 1 loads, 1 rising, 0 falling (Driver: u_div )
     Net clk_c: 1 loads, 1 rising, 0 falling (Driver: PIO clk )
   Number of Clock Enables:  0
   Number of LSRs:  0
   Number of nets driven by tri-state buffers:  0
   Top 10 highest fanout non-clock nets:
     Net d0_c: 4 loads
     Net d1_c: 3 loads
     Net out0_c: 1 loads




   Number of warnings:  0
   Number of errors:    0
     

Design Errors/Warnings
----------------------

   No errors or warnings present.

IO (PIO) Attributes
-------------------

+---------------------+-----------+-----------+------------+
| IO Name             | Direction | Levelmode | IO         |
|                     |           |  IO_TYPE  | Register   |
+---------------------+-----------+-----------+------------+
| out0                | OUTPUT    | LVCMOS33  |            |
+---------------------+-----------+-----------+------------+
| clk                 | INPUT     | LVCMOS33  |            |
+---------------------+-----------+-----------+------------+
| d0                  | INPUT     | LVCMOS33  |            |
+---------------------+-----------+-----------+------------+
| d1                  | INPUT     | LVCMOS33  |            |
+---------------------+-----------+-----------+------------+

Removed logic
-------------

Block i12 undriven or does not drive anything - clipped.
Block GSR_INST undriven or does not drive anything - clipped.
Signal VCC_net undriven or does not drive anything - clipped.


                                    Page 2




Design:  fuzz                                          Date:  06/29/26  23:53:53

Removed logic (cont)
--------------------
     

CLKDIV Summary
--------------

CLKDIV 1:                                     Pin/Node Value
  CLKDIV Instance Name:                                u_div
  CLKDIV Type:                                         CLKDIVC
  GSR:                                              DISABLED
  CLK DIVIDER:                                      4.0

ECLKSYNC Summary
----------------

ECLKSYNC 1:                                     Pin/Node Value
  ECLKSYNC Instance Name:                                u_eclk
  ECLKSYNC Type:                                         ECLKSYNCA
  ECLKI Input:                             PIN      clk_c
  STOP Input:                                       NONE
  ECLKO Output:                            NODE     eclk_w

ASIC Components
---------------

Instance Name: u_div
         Type: CLKDIVC
Instance Name: u_eclk
         Type: ECLKSYNCA

Run Time and Memory Usage
-------------------------

   Total CPU Time: 0 secs  
   Total REAL Time: 0 secs  
   Peak Memory Usage: 158 MB
        





















                                    Page 3


Copyright (c) 1991-1994 by NeoCAD Inc. All rights reserved.
     Copyright (c) 1995 AT&T Corp.   All rights reserved.
     Copyright (c) 1995-2001 Lucent Technologies Inc.  All rights reserved.
     Copyright (c) 2001 Agere Systems   All rights reserved.
     Copyright (c) 2002-2024 Lattice Semiconductor Corporation,  All rights
     reserved.
