--------------------------------------------------------------------------------
Lattice Synthesis Timing Report, Version  
Wed Jul 15 23:37:43 2026

Copyright (c) 1991-1994 by NeoCAD Inc. All rights reserved.
Copyright (c) 1995 AT&T Corp.   All rights reserved.
Copyright (c) 1995-2001 Lucent Technologies Inc.  All rights reserved.
Copyright (c) 2001 Agere Systems   All rights reserved.
Copyright (c) 2002-2024 Lattice Semiconductor Corporation,  All rights reserved.

Report Information
------------------
Design:     fuzz
Constraint file:  
Report level:    verbose report, limited to 3 items per constraint
--------------------------------------------------------------------------------



================================================================================
Constraint: create_clock -period 5.000000 -name clk0 [get_nets sck_c]
            11 items scored, 0 timing errors detected.
--------------------------------------------------------------------------------


Passed:  The following path meets requirements by 1.396ns

 Logical Details:  Cell type  Pin type       Cell name  (clock net +/-)

   Source:         FD1S3IX    CK             cnt_14_51__i1  (from sck_c +)
   Destination:    FD1S3IX    D              cnt_14_51__i4  (to sck_c +)

   Delay:                   3.458ns  (53.3% logic, 46.7% route), 4 logic levels.

 Constraint Details:

      3.458ns data_path cnt_14_51__i1 to cnt_14_51__i4 meets
      5.000ns delay constraint less
      0.146ns L_S requirement (totaling 4.854ns) by 1.396ns

 Path Details: cnt_14_51__i1 to cnt_14_51__i4

   Name    Fanout   Delay (ns)          Pins               Resource(Cell.Net)
L_CO        ---     0.403             CK to Q              cnt_14_51__i1 (from sck_c)
Route         1   e 0.788                                  cnt[0]
A1_TO_FCO   ---     0.752           A[2] to COUT           cnt_14_51_add_4_1
Route         1   e 0.020                                  n83
FCI_TO_FCO  ---     0.143            CIN to COUT           cnt_14_51_add_4_3
Route         1   e 0.020                                  n84
FCI_TO_F    ---     0.544            CIN to S[2]           cnt_14_51_add_4_5
Route         1   e 0.788                                  n22
                  --------
                    3.458  (53.3% logic, 46.7% route), 4 logic levels.


Passed:  The following path meets requirements by 1.559ns

 Logical Details:  Cell type  Pin type       Cell name  (clock net +/-)

   Source:         FD1S3IX    CK             cnt_14_51__i2  (from sck_c +)
   Destination:    FD1S3IX    D              cnt_14_51__i4  (to sck_c +)

   Delay:                   3.295ns  (51.6% logic, 48.4% route), 3 logic levels.

 Constraint Details:

      3.295ns data_path cnt_14_51__i2 to cnt_14_51__i4 meets
      5.000ns delay constraint less
      0.146ns L_S requirement (totaling 4.854ns) by 1.559ns

 Path Details: cnt_14_51__i2 to cnt_14_51__i4

   Name    Fanout   Delay (ns)          Pins               Resource(Cell.Net)
L_CO        ---     0.403             CK to Q              cnt_14_51__i2 (from sck_c)
Route         1   e 0.788                                  cnt[1]
A1_TO_FCO   ---     0.752           A[2] to COUT           cnt_14_51_add_4_3
Route         1   e 0.020                                  n84
FCI_TO_F    ---     0.544            CIN to S[2]           cnt_14_51_add_4_5
Route         1   e 0.788                                  n22
                  --------
                    3.295  (51.6% logic, 48.4% route), 3 logic levels.


Passed:  The following path meets requirements by 1.559ns

 Logical Details:  Cell type  Pin type       Cell name  (clock net +/-)

   Source:         FD1S3IX    CK             cnt_14_51__i3  (from sck_c +)
   Destination:    FD1S3IX    D              cnt_14_51__i4  (to sck_c +)

   Delay:                   3.295ns  (51.6% logic, 48.4% route), 3 logic levels.

 Constraint Details:

      3.295ns data_path cnt_14_51__i3 to cnt_14_51__i4 meets
      5.000ns delay constraint less
      0.146ns L_S requirement (totaling 4.854ns) by 1.559ns

 Path Details: cnt_14_51__i3 to cnt_14_51__i4

   Name    Fanout   Delay (ns)          Pins               Resource(Cell.Net)
L_CO        ---     0.403             CK to Q              cnt_14_51__i3 (from sck_c)
Route         1   e 0.788                                  cnt[2]
A1_TO_FCO   ---     0.752           A[2] to COUT           cnt_14_51_add_4_3
Route         1   e 0.020                                  n84
FCI_TO_F    ---     0.544            CIN to S[2]           cnt_14_51_add_4_5
Route         1   e 0.788                                  n22
                  --------
                    3.295  (51.6% logic, 48.4% route), 3 logic levels.

Report: 3.604 ns is the maximum delay for this constraint.


Timing Report Summary
--------------
--------------------------------------------------------------------------------
Constraint                              |   Constraint|       Actual|Levels
--------------------------------------------------------------------------------
                                        |             |             |
create_clock -period 5.000000 -name     |             |             |
clk0 [get_nets sck_c]                   |     5.000 ns|     3.604 ns|     4  
                                        |             |             |
--------------------------------------------------------------------------------


All constraints were met.



Timing summary:
---------------

Timing errors: 0  Score: 0

Constraints cover  11 paths, 11 nets, and 14 connections (70.0% coverage)


Peak memory: 181374976 bytes, TRCE: 692224 bytes, DLYMAN: 0 bytes
CPU_TIME_REPORT: 0 secs 
