--------------------------------------------------------------------------------
Lattice Synthesis Timing Report, Version  
Mon Jun 29 22:52:15 2026

Copyright (c) 1991-1994 by NeoCAD Inc. All rights reserved.
Copyright (c) 1995 AT&T Corp.   All rights reserved.
Copyright (c) 1995-2001 Lucent Technologies Inc.  All rights reserved.
Copyright (c) 2001 Agere Systems   All rights reserved.
Copyright (c) 2002-2024 Lattice Semiconductor Corporation,  All rights reserved.

Report Information
------------------
Design:     fuzz
Constraint file:  
Report level:    verbose report, limited to 3 items per constraint
--------------------------------------------------------------------------------



================================================================================
Constraint: create_clock -period 5.000000 -name clk0 [get_nets clk_c]
            1 item scored, 0 timing errors detected.
--------------------------------------------------------------------------------


Passed:  The following path meets requirements by 3.551ns

 Logical Details:  Cell type  Pin type       Cell name  (clock net +/-)

   Source:         IFS1S1J    SCLK           u0  (from clk_c +)
   Destination:    FD1S3AX    D              out0_r_5  (to clk_c +)

   Delay:                   1.303ns  (39.5% logic, 60.5% route), 1 logic levels.

 Constraint Details:

      1.303ns data_path u0 to out0_r_5 meets
      5.000ns delay constraint less
      0.146ns L_S requirement (totaling 4.854ns) by 3.551ns

 Path Details: u0 to out0_r_5

   Name    Fanout   Delay (ns)          Pins               Resource(Cell.Net)
I_CO        ---     0.515           SCLK to Q              u0 (from clk_c)
Route         1   e 0.788                                  qw
                  --------
                    1.303  (39.5% logic, 60.5% route), 1 logic levels.

Report: 1.449 ns is the maximum delay for this constraint.


Timing Report Summary
--------------
--------------------------------------------------------------------------------
Constraint                              |   Constraint|       Actual|Levels
--------------------------------------------------------------------------------
                                        |             |             |
create_clock -period 5.000000 -name     |             |             |
clk0 [get_nets clk_c]                   |     5.000 ns|     1.449 ns|     1  
                                        |             |             |
--------------------------------------------------------------------------------


All constraints were met.



Timing summary:
---------------

Timing errors: 0  Score: 0

Constraints cover  1 paths, 2 nets, and 3 connections (60.0% coverage)


Peak memory: 181252096 bytes, TRCE: 851968 bytes, DLYMAN: 0 bytes
CPU_TIME_REPORT: 0 secs 
