synthesis:  version Diamond (64-bit) 3.14.0.75.2

Copyright (c) 1991-1994 by NeoCAD Inc. All rights reserved.
Copyright (c) 1995 AT&T Corp.   All rights reserved.
Copyright (c) 1995-2001 Lucent Technologies Inc.  All rights reserved.
Copyright (c) 2001 Agere Systems   All rights reserved.
Copyright (c) 2002-2024 Lattice Semiconductor Corporation,  All rights reserved.
Thu Jul 16 00:32:11 2026


Command Line:  synthesis -f fuzz_impl1_lattice.synproj 

Synthesis options:
The -a option is MachXO2.
The -s option is 5.
The -t option is TQFP100.
The -d option is LCMXO2-1200HC.
Using package TQFP100.
Using performance grade 5.
                                                          

##########################################################

### Lattice Family : MachXO2

### Device  : LCMXO2-1200HC

### Package : TQFP100

### Speed   : 5

##########################################################

                                                          

INFO - synthesis: User-Selected Strategy Settings
Optimization goal = Balanced
The -top option is not used.
Target frequency = 200.000000 MHz.
Maximum fanout = 1000.
Timing path count = 3
BRAM utilization = 100.000000 %
DSP usage = true
DSP utilization = 100.000000 %
fsm_encoding_style = auto
resolve_mixed_drivers = 0
fix_gated_clocks = 1

Mux style = Auto
Use Carry Chain = true
carry_chain_length = 0
Loop Limit = 1950.
Use IO Insertion = TRUE
Use IO Reg = AUTO

Resource Sharing = TRUE
Propagate Constants = TRUE
Remove Duplicate Registers = TRUE
force_gsr = auto
ROM style = auto
RAM style = auto
The -comp option is FALSE.
The -syn option is FALSE.
-p /mnt/2tb/git/pluribus/diamond-fuzz/targets/re_ebr_dp8kc_wa9_wb9_NOREG_NOREG_NONO (searchpath added)
-p /home/dan/lscc/diamond/3.14/ispfpga/xo2c00/data (searchpath added)
-p /mnt/2tb/git/pluribus/diamond-fuzz/targets/re_ebr_dp8kc_wa9_wb9_NOREG_NOREG_NONO/impl1 (searchpath added)
-p /mnt/2tb/git/pluribus/diamond-fuzz/targets/re_ebr_dp8kc_wa9_wb9_NOREG_NOREG_NONO (searchpath added)
Verilog design file = /mnt/2tb/git/pluribus/diamond-fuzz/targets/re_ebr_dp8kc_wa9_wb9_NOREG_NOREG_NONO/fuzz.v
NGD file = fuzz_impl1.ngd
-sdc option: SDC file input not used.
-lpf option: Output file option is ON.
Hardtimer checking is enabled (default). The -dt option is not used.
The -r option is OFF. [ Remove LOC Properties is OFF. ]
WARNING - synthesis: Setting fuzz as the top-level module. To specify the top-level module explicitly, use the -top option.
Technology check ok...

Analyzing Verilog file /home/dan/lscc/diamond/3.14/ispfpga/userware/unix/SYNTHESIS_HEADERS/machxo2.v. VERI-1482
Compile design.
Compile Design Begin
Analyzing Verilog file /mnt/2tb/git/pluribus/diamond-fuzz/targets/re_ebr_dp8kc_wa9_wb9_NOREG_NOREG_NONO/fuzz.v. VERI-1482
Analyzing Verilog file /home/dan/lscc/diamond/3.14/ispfpga/userware/unix/SYNTHESIS_HEADERS/machxo2.v. VERI-1482
Top module name (Verilog): fuzz
INFO - synthesis: /mnt/2tb/git/pluribus/diamond-fuzz/targets/re_ebr_dp8kc_wa9_wb9_NOREG_NOREG_NONO/fuzz.v(1): compiling module fuzz. VERI-1018
INFO - synthesis: /home/dan/lscc/diamond/3.14/ispfpga/userware/unix/SYNTHESIS_HEADERS/machxo2.v(1291): compiling module DP8KC. VERI-1018
WARNING - synthesis: /mnt/2tb/git/pluribus/diamond-fuzz/targets/re_ebr_dp8kc_wa9_wb9_NOREG_NOREG_NONO/fuzz.v(12): input port DIA8 is not connected on this instance. VDB-1013
Loading NGL library '/home/dan/lscc/diamond/3.14/ispfpga/xo2c00a/data/xo2alib.ngl'...
Loading NGL library '/home/dan/lscc/diamond/3.14/ispfpga/xo2c00/data/xo2clib.ngl'...
Loading NGL library '/home/dan/lscc/diamond/3.14/ispfpga/mg5g00/data/mg5glib.ngl'...
Loading NGL library '/home/dan/lscc/diamond/3.14/ispfpga/or5g00/data/orc5glib.ngl'...
Loading device for application map from file 'xo2c1200.nph' in environment: /home/dan/lscc/diamond/3.14/ispfpga.
Package Status:                     Final          Version 1.44.
Top-level module name = fuzz.
WARNING - synthesis: /mnt/2tb/git/pluribus/diamond-fuzz/targets/re_ebr_dp8kc_wa9_wb9_NOREG_NOREG_NONO/fuzz.v(12): Removing unused instance . VDB-5034
######## Missing driver on net n14. Patching with GND.
######## Missing driver on net n15. Patching with GND.
######## Missing driver on net n16. Patching with GND.
######## Missing driver on net n17. Patching with GND.
######## Missing driver on net n18. Patching with GND.
######## Missing driver on net n19. Patching with GND.
######## Missing driver on net n20. Patching with GND.
######## Missing driver on net n21. Patching with GND.



GSR will not be inferred because no asynchronous signal was found in the netlist.
Applying 200.000000 MHz constraint to all clocks

WARNING - synthesis: No user .sdc file.
Results of NGD DRC are available in fuzz_drc.log.
Loading NGL library '/home/dan/lscc/diamond/3.14/ispfpga/xo2c00a/data/xo2alib.ngl'...
Loading NGL library '/home/dan/lscc/diamond/3.14/ispfpga/xo2c00/data/xo2clib.ngl'...
Loading NGL library '/home/dan/lscc/diamond/3.14/ispfpga/mg5g00/data/mg5glib.ngl'...
Loading NGL library '/home/dan/lscc/diamond/3.14/ispfpga/or5g00/data/orc5glib.ngl'...
All blocks are expanded and NGD expansion is successful.
Writing NGD file fuzz_impl1.ngd.

################### Begin Area Report (fuzz)######################
Number of register bits => 1 of 1520 (0 % )
DP8KC => 1
FD1S3AX => 1
GSR => 1
IB => 1
LUT4 => 3
OB => 1
################### End Area Report ##################

################### Begin BlackBox Report ######################
TSALL => 1
################### End BlackBox Report ##################

################### Begin Clock Report ######################
Clock Nets
Number of Clocks: 1
  Net : clk_c, loads : 3
Clock Enable Nets
Number of Clock Enables: 0
Top 0 highest fanout Clock Enables:
Highest fanout non-clock nets
Top 10 highest fanout non-clock nets:
  Net : out0_c, loads : 1
  Net : o_7, loads : 1
  Net : o_6, loads : 1
  Net : o_5, loads : 1
  Net : o_4, loads : 1
  Net : o_3, loads : 1
  Net : o_2, loads : 1
  Net : o_1, loads : 1
  Net : o_0, loads : 1
  Net : out0_N_1, loads : 1
################### End Clock Report ##################

Timing Report Summary
--------------
--------------------------------------------------------------------------------
Constraint                              |   Constraint|       Actual|Levels
--------------------------------------------------------------------------------
                                        |             |             |
create_clock -period 5.000000 -name     |             |             |
clk0 [get_nets clk_c]                   |  200.000 MHz|  127.097 MHz|     3 *
                                        |             |             |
--------------------------------------------------------------------------------


1 constraints not met.


Peak Memory Usage: 175.016  MB

--------------------------------------------------------------
Elapsed CPU time for LSE flow : 0.101  secs
--------------------------------------------------------------
