
             Lattice Mapping Report File for Design Module 'fuzz'


Design Information
------------------

Command line:   map -a MachXO2 -p LCMXO2-1200HC -t TQFP100 -s 5 -oc Commercial
     fuzz_impl1.ngd -o fuzz_impl1_map.ncd -pr fuzz_impl1.prf -mp fuzz_impl1.mrp
     -lpf /mnt/2tb/git/awto-2000/fpga/diamond/fuzz/targets/gsr_inst/impl1/fuzz_i
     mpl1.lpf -lpf
     /mnt/2tb/git/awto-2000/fpga/diamond/fuzz/targets/gsr_inst/fuzz.lpf -c 0 
Target Vendor:  LATTICE
Target Device:  LCMXO2-1200HCTQFP100
Target Performance:   5
Mapper:  xo2c00,  version:  Diamond (64-bit) 3.14.0.75.2
Mapped on:  06/30/26  08:33:09

Design Summary
--------------

   Number of registers:      1 out of  1520 (0%)
      PFU registers:            1 out of  1280 (0%)
      PIO registers:            0 out of   240 (0%)
   Number of SLICEs:         1 out of   640 (0%)
      SLICEs as Logic/ROM:      1 out of   640 (0%)
      SLICEs as RAM:            0 out of   480 (0%)
      SLICEs as Carry:          0 out of   640 (0%)
   Number of LUT4s:          2 out of  1280 (0%)
      Number used as logic LUTs:          2
      Number used as distributed RAM:     0
      Number used as ripple logic:        0
      Number used as shift registers:     0
   Number of PIO sites used: 2 + 4(JTAG) out of 80 (8%)
   Number of block RAMs:  0 out of 7 (0%)
   Number of GSRs:        1 out of 1 (100%)
   EFB used :        No
   JTAG used :       No
   Readback used :   No
   Oscillator used : No
   Startup used :    No
   POR :             On
   Bandgap :         On
   Number of Power Controller:  0 out of 1 (0%)
   Number of Dynamic Bank Controller (BCINRD):  0 out of 4 (0%)
   Number of Dynamic Bank Controller (BCLVDSO):  0 out of 1 (0%)
   Number of DCCA:  0 out of 8 (0%)
   Number of DCMA:  0 out of 2 (0%)
   Number of PLLs:  0 out of 1 (0%)
   Number of DQSDLLs:  0 out of 2 (0%)
   Number of CLKDIVC:  0 out of 4 (0%)
   Number of ECLKSYNCA:  0 out of 4 (0%)
   Number of ECLKBRIDGECS:  0 out of 2 (0%)
   Notes:-
      1. Total number of LUT4s = (Number of logic LUT4s) + 2*(Number of
     distributed RAMs) + 2*(Number of ripple logic)
      2. Number of logic LUT4s does not include count of distributed RAM and
     ripple logic.
   Number of clocks:  1
     Net clk_c: 1 loads, 1 rising, 0 falling (Driver: PIO clk )
   Number of Clock Enables:  0
   Number of LSRs:  0

                                    Page 1




Design:  fuzz                                          Date:  06/30/26  08:33:09

Design Summary (cont)
---------------------
   Number of nets driven by tri-state buffers:  0
   Top 10 highest fanout non-clock nets:
     Net out0_c: 2 loads
     Net out0_N_2: 1 loads




   Number of warnings:  0
   Number of errors:    0
     

Design Errors/Warnings
----------------------

   No errors or warnings present.

IO (PIO) Attributes
-------------------

+---------------------+-----------+-----------+------------+
| IO Name             | Direction | Levelmode | IO         |
|                     |           |  IO_TYPE  | Register   |
+---------------------+-----------+-----------+------------+
| out0                | OUTPUT    | LVCMOS33  |            |
+---------------------+-----------+-----------+------------+
| clk                 | INPUT     | LVCMOS33  |            |
+---------------------+-----------+-----------+------------+

Removed logic
-------------

Block i20 undriven or does not drive anything - clipped.
Signal VCC_net undriven or does not drive anything - clipped.

     

GSR Usage
---------

GSR Component:
   The Global Set Reset (GSR) resource has been used to implement a global reset
        of the design. The reset signal used for GSR control is 'GND_net'.
        

     GSR Property:
   The design components with GSR property set to ENABLED will respond to global
        set reset while the components with GSR property set to DISABLED will
        not.
        

     Components with disabled GSR Property
-------------------------------------

     These components have the GSR property set to DISABLED. The components will
     not respond to the reset signal 'GND_net' via the GSR component.

                                    Page 2




Design:  fuzz                                          Date:  06/30/26  08:33:09

GSR Usage (cont)
----------------

     Type and number of components of the type: 
   Register = 1 

     Type and instance name of component: 
   Register : out0_r_6

Run Time and Memory Usage
-------------------------

   Total CPU Time: 0 secs  
   Total REAL Time: 0 secs  
   Peak Memory Usage: 158 MB
        











































                                    Page 3


Copyright (c) 1991-1994 by NeoCAD Inc. All rights reserved.
     Copyright (c) 1995 AT&T Corp.   All rights reserved.
     Copyright (c) 1995-2001 Lucent Technologies Inc.  All rights reserved.
     Copyright (c) 2001 Agere Systems   All rights reserved.
     Copyright (c) 2002-2024 Lattice Semiconductor Corporation,  All rights
     reserved.
