
Loading design for application trce from file fuzz_impl1.ncd.
Design name: fuzz
NCD version: 3.3
Vendor:      LATTICE
Device:      LCMXO2-1200HC
Package:     TQFP100
Performance: 5
Loading device for application trce from file 'xo2c1200.nph' in environment: /home/dan/lscc/diamond/3.14/ispfpga.
Package Status:                     Final          Version 1.44.
Performance Hardware Data Status:   Final          Version 36.4.
Setup and Hold Report

--------------------------------------------------------------------------------
Lattice TRACE Report - Setup, Version Diamond (64-bit) 3.14.0.75.2
Mon Jun 29 23:57:18 2026

Copyright (c) 1991-1994 by NeoCAD Inc. All rights reserved.
Copyright (c) 1995 AT&T Corp.   All rights reserved.
Copyright (c) 1995-2001 Lucent Technologies Inc.  All rights reserved.
Copyright (c) 2001 Agere Systems   All rights reserved.
Copyright (c) 2002-2024 Lattice Semiconductor Corporation,  All rights reserved.

Report Information
------------------
Command line:    trce -v 10 -gt -sethld -sp 5 -sphld m -o fuzz_impl1.twr fuzz_impl1.ncd fuzz_impl1.prf 
Design file:     fuzz_impl1.ncd
Preference file: fuzz_impl1.prf
Device,speed:    LCMXO2-1200HC,5
Report level:    verbose report, limited to 10 items per preference
--------------------------------------------------------------------------------

BLOCK ASYNCPATHS
BLOCK RESETPATHS
--------------------------------------------------------------------------------



================================================================================
Preference: FREQUENCY PORT "clk" 100.000000 MHz ;
            7 items scored, 0 timing errors detected.
--------------------------------------------------------------------------------


Passed:  The following path meets requirements by 3.340ns
         The internal maximum frequency of the following component is 150.150 MHz

 Logical Details:  Cell type  Pin name       Component name

   Destination:    PIO        PAD            clk

   Delay:               6.660ns -- based on Minimum Pulse Width


Passed: The following path meets requirements by 8.785ns

 Logical Details:  Cell type  Pin type       Cell/ASIC name  (clock net +/-)

   Source:         FF         Q              shreg_i0  (from clk_c +)
   Destination:    FF         Data in        shreg_i1  (to clk_c +)

   Delay:               0.912ns  (44.8% logic, 55.2% route), 1 logic levels.

 Constraint Details:

      0.912ns physical path delay SLICE_5 to SLICE_5 meets
     10.000ns delay constraint less
      0.000ns skew and
      0.303ns M_SET requirement (totaling 9.697ns) by 8.785ns

 Physical Path Details:

      Data path SLICE_5 to SLICE_5:

   Name    Fanout   Delay (ns)          Site               Resource
REG_DEL     ---     0.409     R2C12C.CLK to      R2C12C.Q1 SLICE_5 (from clk_c)
ROUTE         1     0.503      R2C12C.Q1 to      R2C12C.M0 shreg_0 (to clk_c)
                  --------
                    0.912   (44.8% logic, 55.2% route), 1 logic levels.

 Clock Skew Details: 

      Source Clock Path clk to SLICE_5:

   Name    Fanout   Delay (ns)          Site               Resource
ROUTE         4     1.680       88.PADDI to     R2C12C.CLK clk_c
                  --------
                    1.680   (0.0% logic, 100.0% route), 0 logic levels.

      Destination Clock Path clk to SLICE_5:

   Name    Fanout   Delay (ns)          Site               Resource
ROUTE         4     1.680       88.PADDI to     R2C12C.CLK clk_c
                  --------
                    1.680   (0.0% logic, 100.0% route), 0 logic levels.


Passed: The following path meets requirements by 8.785ns

 Logical Details:  Cell type  Pin type       Cell/ASIC name  (clock net +/-)

   Source:         FF         Q              shreg_i1  (from clk_c +)
   Destination:    FF         Data in        shreg_i2  (to clk_c +)

   Delay:               0.912ns  (44.8% logic, 55.2% route), 1 logic levels.

 Constraint Details:

      0.912ns physical path delay SLICE_5 to SLICE_6 meets
     10.000ns delay constraint less
      0.000ns skew and
      0.303ns M_SET requirement (totaling 9.697ns) by 8.785ns

 Physical Path Details:

      Data path SLICE_5 to SLICE_6:

   Name    Fanout   Delay (ns)          Site               Resource
REG_DEL     ---     0.409     R2C12C.CLK to      R2C12C.Q0 SLICE_5 (from clk_c)
ROUTE         1     0.503      R2C12C.Q0 to      R2C12D.M1 shreg_1 (to clk_c)
                  --------
                    0.912   (44.8% logic, 55.2% route), 1 logic levels.

 Clock Skew Details: 

      Source Clock Path clk to SLICE_5:

   Name    Fanout   Delay (ns)          Site               Resource
ROUTE         4     1.680       88.PADDI to     R2C12C.CLK clk_c
                  --------
                    1.680   (0.0% logic, 100.0% route), 0 logic levels.

      Destination Clock Path clk to SLICE_6:

   Name    Fanout   Delay (ns)          Site               Resource
ROUTE         4     1.680       88.PADDI to     R2C12D.CLK clk_c
                  --------
                    1.680   (0.0% logic, 100.0% route), 0 logic levels.


Passed: The following path meets requirements by 8.785ns

 Logical Details:  Cell type  Pin type       Cell/ASIC name  (clock net +/-)

   Source:         FF         Q              shreg_i2  (from clk_c +)
   Destination:    FF         Data in        shreg_i3  (to clk_c +)

   Delay:               0.912ns  (44.8% logic, 55.2% route), 1 logic levels.

 Constraint Details:

      0.912ns physical path delay SLICE_6 to SLICE_6 meets
     10.000ns delay constraint less
      0.000ns skew and
      0.303ns M_SET requirement (totaling 9.697ns) by 8.785ns

 Physical Path Details:

      Data path SLICE_6 to SLICE_6:

   Name    Fanout   Delay (ns)          Site               Resource
REG_DEL     ---     0.409     R2C12D.CLK to      R2C12D.Q1 SLICE_6 (from clk_c)
ROUTE         1     0.503      R2C12D.Q1 to      R2C12D.M0 shreg_2 (to clk_c)
                  --------
                    0.912   (44.8% logic, 55.2% route), 1 logic levels.

 Clock Skew Details: 

      Source Clock Path clk to SLICE_6:

   Name    Fanout   Delay (ns)          Site               Resource
ROUTE         4     1.680       88.PADDI to     R2C12D.CLK clk_c
                  --------
                    1.680   (0.0% logic, 100.0% route), 0 logic levels.

      Destination Clock Path clk to SLICE_6:

   Name    Fanout   Delay (ns)          Site               Resource
ROUTE         4     1.680       88.PADDI to     R2C12D.CLK clk_c
                  --------
                    1.680   (0.0% logic, 100.0% route), 0 logic levels.


Passed: The following path meets requirements by 8.785ns

 Logical Details:  Cell type  Pin type       Cell/ASIC name  (clock net +/-)

   Source:         FF         Q              shreg_i3  (from clk_c +)
   Destination:    FF         Data in        shreg_i4  (to clk_c +)

   Delay:               0.912ns  (44.8% logic, 55.2% route), 1 logic levels.

 Constraint Details:

      0.912ns physical path delay SLICE_6 to SLICE_7 meets
     10.000ns delay constraint less
      0.000ns skew and
      0.303ns M_SET requirement (totaling 9.697ns) by 8.785ns

 Physical Path Details:

      Data path SLICE_6 to SLICE_7:

   Name    Fanout   Delay (ns)          Site               Resource
REG_DEL     ---     0.409     R2C12D.CLK to      R2C12D.Q0 SLICE_6 (from clk_c)
ROUTE         1     0.503      R2C12D.Q0 to      R2C12A.M1 shreg_3 (to clk_c)
                  --------
                    0.912   (44.8% logic, 55.2% route), 1 logic levels.

 Clock Skew Details: 

      Source Clock Path clk to SLICE_6:

   Name    Fanout   Delay (ns)          Site               Resource
ROUTE         4     1.680       88.PADDI to     R2C12D.CLK clk_c
                  --------
                    1.680   (0.0% logic, 100.0% route), 0 logic levels.

      Destination Clock Path clk to SLICE_7:

   Name    Fanout   Delay (ns)          Site               Resource
ROUTE         4     1.680       88.PADDI to     R2C12A.CLK clk_c
                  --------
                    1.680   (0.0% logic, 100.0% route), 0 logic levels.


Passed: The following path meets requirements by 8.785ns

 Logical Details:  Cell type  Pin type       Cell/ASIC name  (clock net +/-)

   Source:         FF         Q              shreg_i4  (from clk_c +)
   Destination:    FF         Data in        shreg_i5  (to clk_c +)

   Delay:               0.912ns  (44.8% logic, 55.2% route), 1 logic levels.

 Constraint Details:

      0.912ns physical path delay SLICE_7 to SLICE_7 meets
     10.000ns delay constraint less
      0.000ns skew and
      0.303ns M_SET requirement (totaling 9.697ns) by 8.785ns

 Physical Path Details:

      Data path SLICE_7 to SLICE_7:

   Name    Fanout   Delay (ns)          Site               Resource
REG_DEL     ---     0.409     R2C12A.CLK to      R2C12A.Q1 SLICE_7 (from clk_c)
ROUTE         1     0.503      R2C12A.Q1 to      R2C12A.M0 shreg_4 (to clk_c)
                  --------
                    0.912   (44.8% logic, 55.2% route), 1 logic levels.

 Clock Skew Details: 

      Source Clock Path clk to SLICE_7:

   Name    Fanout   Delay (ns)          Site               Resource
ROUTE         4     1.680       88.PADDI to     R2C12A.CLK clk_c
                  --------
                    1.680   (0.0% logic, 100.0% route), 0 logic levels.

      Destination Clock Path clk to SLICE_7:

   Name    Fanout   Delay (ns)          Site               Resource
ROUTE         4     1.680       88.PADDI to     R2C12A.CLK clk_c
                  --------
                    1.680   (0.0% logic, 100.0% route), 0 logic levels.


Passed: The following path meets requirements by 8.785ns

 Logical Details:  Cell type  Pin type       Cell/ASIC name  (clock net +/-)

   Source:         FF         Q              shreg_i5  (from clk_c +)
   Destination:    FF         Data in        shreg_i6  (to clk_c +)

   Delay:               0.912ns  (44.8% logic, 55.2% route), 1 logic levels.

 Constraint Details:

      0.912ns physical path delay SLICE_7 to SLICE_8 meets
     10.000ns delay constraint less
      0.000ns skew and
      0.303ns M_SET requirement (totaling 9.697ns) by 8.785ns

 Physical Path Details:

      Data path SLICE_7 to SLICE_8:

   Name    Fanout   Delay (ns)          Site               Resource
REG_DEL     ---     0.409     R2C12A.CLK to      R2C12A.Q0 SLICE_7 (from clk_c)
ROUTE         1     0.503      R2C12A.Q0 to      R2C12B.M1 shreg_5 (to clk_c)
                  --------
                    0.912   (44.8% logic, 55.2% route), 1 logic levels.

 Clock Skew Details: 

      Source Clock Path clk to SLICE_7:

   Name    Fanout   Delay (ns)          Site               Resource
ROUTE         4     1.680       88.PADDI to     R2C12A.CLK clk_c
                  --------
                    1.680   (0.0% logic, 100.0% route), 0 logic levels.

      Destination Clock Path clk to SLICE_8:

   Name    Fanout   Delay (ns)          Site               Resource
ROUTE         4     1.680       88.PADDI to     R2C12B.CLK clk_c
                  --------
                    1.680   (0.0% logic, 100.0% route), 0 logic levels.


Passed: The following path meets requirements by 8.785ns

 Logical Details:  Cell type  Pin type       Cell/ASIC name  (clock net +/-)

   Source:         FF         Q              shreg_i6  (from clk_c +)
   Destination:    FF         Data in        shreg_i7  (to clk_c +)

   Delay:               0.912ns  (44.8% logic, 55.2% route), 1 logic levels.

 Constraint Details:

      0.912ns physical path delay SLICE_8 to SLICE_8 meets
     10.000ns delay constraint less
      0.000ns skew and
      0.303ns M_SET requirement (totaling 9.697ns) by 8.785ns

 Physical Path Details:

      Data path SLICE_8 to SLICE_8:

   Name    Fanout   Delay (ns)          Site               Resource
REG_DEL     ---     0.409     R2C12B.CLK to      R2C12B.Q1 SLICE_8 (from clk_c)
ROUTE         1     0.503      R2C12B.Q1 to      R2C12B.M0 shreg_6 (to clk_c)
                  --------
                    0.912   (44.8% logic, 55.2% route), 1 logic levels.

 Clock Skew Details: 

      Source Clock Path clk to SLICE_8:

   Name    Fanout   Delay (ns)          Site               Resource
ROUTE         4     1.680       88.PADDI to     R2C12B.CLK clk_c
                  --------
                    1.680   (0.0% logic, 100.0% route), 0 logic levels.

      Destination Clock Path clk to SLICE_8:

   Name    Fanout   Delay (ns)          Site               Resource
ROUTE         4     1.680       88.PADDI to     R2C12B.CLK clk_c
                  --------
                    1.680   (0.0% logic, 100.0% route), 0 logic levels.

Report:  150.150MHz is the maximum frequency for this preference.

Report Summary
--------------
----------------------------------------------------------------------------
Preference                              |   Constraint|       Actual|Levels
----------------------------------------------------------------------------
                                        |             |             |
FREQUENCY PORT "clk" 100.000000 MHz ;   |  100.000 MHz|  150.150 MHz|   0  
                                        |             |             |
----------------------------------------------------------------------------


All preferences were met.


Clock Domains Analysis
------------------------

Found 1 clocks:

Clock Domain: clk_c   Source: clk.PAD   Loads: 4
   Covered under: FREQUENCY PORT "clk" 100.000000 MHz ;


Timing summary (Setup):
---------------

Timing errors: 0  Score: 0
Cumulative negative slack: 0

Constraints cover 7 paths, 1 nets, and 11 connections (84.62% coverage)

--------------------------------------------------------------------------------
Lattice TRACE Report - Hold, Version Diamond (64-bit) 3.14.0.75.2
Mon Jun 29 23:57:18 2026

Copyright (c) 1991-1994 by NeoCAD Inc. All rights reserved.
Copyright (c) 1995 AT&T Corp.   All rights reserved.
Copyright (c) 1995-2001 Lucent Technologies Inc.  All rights reserved.
Copyright (c) 2001 Agere Systems   All rights reserved.
Copyright (c) 2002-2024 Lattice Semiconductor Corporation,  All rights reserved.

Report Information
------------------
Command line:    trce -v 10 -gt -sethld -sp 5 -sphld m -o fuzz_impl1.twr fuzz_impl1.ncd fuzz_impl1.prf 
Design file:     fuzz_impl1.ncd
Preference file: fuzz_impl1.prf
Device,speed:    LCMXO2-1200HC,m
Report level:    verbose report, limited to 10 items per preference
--------------------------------------------------------------------------------

BLOCK ASYNCPATHS
BLOCK RESETPATHS
--------------------------------------------------------------------------------



================================================================================
Preference: FREQUENCY PORT "clk" 100.000000 MHz ;
            7 items scored, 0 timing errors detected.
--------------------------------------------------------------------------------


Passed: The following path meets requirements by 0.304ns

 Logical Details:  Cell type  Pin type       Cell/ASIC name  (clock net +/-)

   Source:         FF         Q              shreg_i0  (from clk_c +)
   Destination:    FF         Data in        shreg_i1  (to clk_c +)

   Delay:               0.285ns  (46.7% logic, 53.3% route), 1 logic levels.

 Constraint Details:

      0.285ns physical path delay SLICE_5 to SLICE_5 meets
     -0.019ns M_HLD and
      0.000ns delay constraint less
      0.000ns skew requirement (totaling -0.019ns) by 0.304ns

 Physical Path Details:

      Data path SLICE_5 to SLICE_5:

   Name    Fanout   Delay (ns)          Site               Resource
REG_DEL     ---     0.133     R2C12C.CLK to      R2C12C.Q1 SLICE_5 (from clk_c)
ROUTE         1     0.152      R2C12C.Q1 to      R2C12C.M0 shreg_0 (to clk_c)
                  --------
                    0.285   (46.7% logic, 53.3% route), 1 logic levels.

 Clock Skew Details: 

      Source Clock Path clk to SLICE_5:

   Name    Fanout   Delay (ns)          Site               Resource
ROUTE         4     0.624       88.PADDI to     R2C12C.CLK clk_c
                  --------
                    0.624   (0.0% logic, 100.0% route), 0 logic levels.

      Destination Clock Path clk to SLICE_5:

   Name    Fanout   Delay (ns)          Site               Resource
ROUTE         4     0.624       88.PADDI to     R2C12C.CLK clk_c
                  --------
                    0.624   (0.0% logic, 100.0% route), 0 logic levels.


Passed: The following path meets requirements by 0.304ns

 Logical Details:  Cell type  Pin type       Cell/ASIC name  (clock net +/-)

   Source:         FF         Q              shreg_i1  (from clk_c +)
   Destination:    FF         Data in        shreg_i2  (to clk_c +)

   Delay:               0.285ns  (46.7% logic, 53.3% route), 1 logic levels.

 Constraint Details:

      0.285ns physical path delay SLICE_5 to SLICE_6 meets
     -0.019ns M_HLD and
      0.000ns delay constraint less
      0.000ns skew requirement (totaling -0.019ns) by 0.304ns

 Physical Path Details:

      Data path SLICE_5 to SLICE_6:

   Name    Fanout   Delay (ns)          Site               Resource
REG_DEL     ---     0.133     R2C12C.CLK to      R2C12C.Q0 SLICE_5 (from clk_c)
ROUTE         1     0.152      R2C12C.Q0 to      R2C12D.M1 shreg_1 (to clk_c)
                  --------
                    0.285   (46.7% logic, 53.3% route), 1 logic levels.

 Clock Skew Details: 

      Source Clock Path clk to SLICE_5:

   Name    Fanout   Delay (ns)          Site               Resource
ROUTE         4     0.624       88.PADDI to     R2C12C.CLK clk_c
                  --------
                    0.624   (0.0% logic, 100.0% route), 0 logic levels.

      Destination Clock Path clk to SLICE_6:

   Name    Fanout   Delay (ns)          Site               Resource
ROUTE         4     0.624       88.PADDI to     R2C12D.CLK clk_c
                  --------
                    0.624   (0.0% logic, 100.0% route), 0 logic levels.


Passed: The following path meets requirements by 0.304ns

 Logical Details:  Cell type  Pin type       Cell/ASIC name  (clock net +/-)

   Source:         FF         Q              shreg_i2  (from clk_c +)
   Destination:    FF         Data in        shreg_i3  (to clk_c +)

   Delay:               0.285ns  (46.7% logic, 53.3% route), 1 logic levels.

 Constraint Details:

      0.285ns physical path delay SLICE_6 to SLICE_6 meets
     -0.019ns M_HLD and
      0.000ns delay constraint less
      0.000ns skew requirement (totaling -0.019ns) by 0.304ns

 Physical Path Details:

      Data path SLICE_6 to SLICE_6:

   Name    Fanout   Delay (ns)          Site               Resource
REG_DEL     ---     0.133     R2C12D.CLK to      R2C12D.Q1 SLICE_6 (from clk_c)
ROUTE         1     0.152      R2C12D.Q1 to      R2C12D.M0 shreg_2 (to clk_c)
                  --------
                    0.285   (46.7% logic, 53.3% route), 1 logic levels.

 Clock Skew Details: 

      Source Clock Path clk to SLICE_6:

   Name    Fanout   Delay (ns)          Site               Resource
ROUTE         4     0.624       88.PADDI to     R2C12D.CLK clk_c
                  --------
                    0.624   (0.0% logic, 100.0% route), 0 logic levels.

      Destination Clock Path clk to SLICE_6:

   Name    Fanout   Delay (ns)          Site               Resource
ROUTE         4     0.624       88.PADDI to     R2C12D.CLK clk_c
                  --------
                    0.624   (0.0% logic, 100.0% route), 0 logic levels.


Passed: The following path meets requirements by 0.304ns

 Logical Details:  Cell type  Pin type       Cell/ASIC name  (clock net +/-)

   Source:         FF         Q              shreg_i3  (from clk_c +)
   Destination:    FF         Data in        shreg_i4  (to clk_c +)

   Delay:               0.285ns  (46.7% logic, 53.3% route), 1 logic levels.

 Constraint Details:

      0.285ns physical path delay SLICE_6 to SLICE_7 meets
     -0.019ns M_HLD and
      0.000ns delay constraint less
      0.000ns skew requirement (totaling -0.019ns) by 0.304ns

 Physical Path Details:

      Data path SLICE_6 to SLICE_7:

   Name    Fanout   Delay (ns)          Site               Resource
REG_DEL     ---     0.133     R2C12D.CLK to      R2C12D.Q0 SLICE_6 (from clk_c)
ROUTE         1     0.152      R2C12D.Q0 to      R2C12A.M1 shreg_3 (to clk_c)
                  --------
                    0.285   (46.7% logic, 53.3% route), 1 logic levels.

 Clock Skew Details: 

      Source Clock Path clk to SLICE_6:

   Name    Fanout   Delay (ns)          Site               Resource
ROUTE         4     0.624       88.PADDI to     R2C12D.CLK clk_c
                  --------
                    0.624   (0.0% logic, 100.0% route), 0 logic levels.

      Destination Clock Path clk to SLICE_7:

   Name    Fanout   Delay (ns)          Site               Resource
ROUTE         4     0.624       88.PADDI to     R2C12A.CLK clk_c
                  --------
                    0.624   (0.0% logic, 100.0% route), 0 logic levels.


Passed: The following path meets requirements by 0.304ns

 Logical Details:  Cell type  Pin type       Cell/ASIC name  (clock net +/-)

   Source:         FF         Q              shreg_i4  (from clk_c +)
   Destination:    FF         Data in        shreg_i5  (to clk_c +)

   Delay:               0.285ns  (46.7% logic, 53.3% route), 1 logic levels.

 Constraint Details:

      0.285ns physical path delay SLICE_7 to SLICE_7 meets
     -0.019ns M_HLD and
      0.000ns delay constraint less
      0.000ns skew requirement (totaling -0.019ns) by 0.304ns

 Physical Path Details:

      Data path SLICE_7 to SLICE_7:

   Name    Fanout   Delay (ns)          Site               Resource
REG_DEL     ---     0.133     R2C12A.CLK to      R2C12A.Q1 SLICE_7 (from clk_c)
ROUTE         1     0.152      R2C12A.Q1 to      R2C12A.M0 shreg_4 (to clk_c)
                  --------
                    0.285   (46.7% logic, 53.3% route), 1 logic levels.

 Clock Skew Details: 

      Source Clock Path clk to SLICE_7:

   Name    Fanout   Delay (ns)          Site               Resource
ROUTE         4     0.624       88.PADDI to     R2C12A.CLK clk_c
                  --------
                    0.624   (0.0% logic, 100.0% route), 0 logic levels.

      Destination Clock Path clk to SLICE_7:

   Name    Fanout   Delay (ns)          Site               Resource
ROUTE         4     0.624       88.PADDI to     R2C12A.CLK clk_c
                  --------
                    0.624   (0.0% logic, 100.0% route), 0 logic levels.


Passed: The following path meets requirements by 0.304ns

 Logical Details:  Cell type  Pin type       Cell/ASIC name  (clock net +/-)

   Source:         FF         Q              shreg_i5  (from clk_c +)
   Destination:    FF         Data in        shreg_i6  (to clk_c +)

   Delay:               0.285ns  (46.7% logic, 53.3% route), 1 logic levels.

 Constraint Details:

      0.285ns physical path delay SLICE_7 to SLICE_8 meets
     -0.019ns M_HLD and
      0.000ns delay constraint less
      0.000ns skew requirement (totaling -0.019ns) by 0.304ns

 Physical Path Details:

      Data path SLICE_7 to SLICE_8:

   Name    Fanout   Delay (ns)          Site               Resource
REG_DEL     ---     0.133     R2C12A.CLK to      R2C12A.Q0 SLICE_7 (from clk_c)
ROUTE         1     0.152      R2C12A.Q0 to      R2C12B.M1 shreg_5 (to clk_c)
                  --------
                    0.285   (46.7% logic, 53.3% route), 1 logic levels.

 Clock Skew Details: 

      Source Clock Path clk to SLICE_7:

   Name    Fanout   Delay (ns)          Site               Resource
ROUTE         4     0.624       88.PADDI to     R2C12A.CLK clk_c
                  --------
                    0.624   (0.0% logic, 100.0% route), 0 logic levels.

      Destination Clock Path clk to SLICE_8:

   Name    Fanout   Delay (ns)          Site               Resource
ROUTE         4     0.624       88.PADDI to     R2C12B.CLK clk_c
                  --------
                    0.624   (0.0% logic, 100.0% route), 0 logic levels.


Passed: The following path meets requirements by 0.304ns

 Logical Details:  Cell type  Pin type       Cell/ASIC name  (clock net +/-)

   Source:         FF         Q              shreg_i6  (from clk_c +)
   Destination:    FF         Data in        shreg_i7  (to clk_c +)

   Delay:               0.285ns  (46.7% logic, 53.3% route), 1 logic levels.

 Constraint Details:

      0.285ns physical path delay SLICE_8 to SLICE_8 meets
     -0.019ns M_HLD and
      0.000ns delay constraint less
      0.000ns skew requirement (totaling -0.019ns) by 0.304ns

 Physical Path Details:

      Data path SLICE_8 to SLICE_8:

   Name    Fanout   Delay (ns)          Site               Resource
REG_DEL     ---     0.133     R2C12B.CLK to      R2C12B.Q1 SLICE_8 (from clk_c)
ROUTE         1     0.152      R2C12B.Q1 to      R2C12B.M0 shreg_6 (to clk_c)
                  --------
                    0.285   (46.7% logic, 53.3% route), 1 logic levels.

 Clock Skew Details: 

      Source Clock Path clk to SLICE_8:

   Name    Fanout   Delay (ns)          Site               Resource
ROUTE         4     0.624       88.PADDI to     R2C12B.CLK clk_c
                  --------
                    0.624   (0.0% logic, 100.0% route), 0 logic levels.

      Destination Clock Path clk to SLICE_8:

   Name    Fanout   Delay (ns)          Site               Resource
ROUTE         4     0.624       88.PADDI to     R2C12B.CLK clk_c
                  --------
                    0.624   (0.0% logic, 100.0% route), 0 logic levels.

Report Summary
--------------
----------------------------------------------------------------------------
Preference(MIN Delays)                  |   Constraint|       Actual|Levels
----------------------------------------------------------------------------
                                        |             |             |
FREQUENCY PORT "clk" 100.000000 MHz ;   |            -|            -|   1  
                                        |             |             |
----------------------------------------------------------------------------


All preferences were met.


Clock Domains Analysis
------------------------

Found 1 clocks:

Clock Domain: clk_c   Source: clk.PAD   Loads: 4
   Covered under: FREQUENCY PORT "clk" 100.000000 MHz ;


Timing summary (Hold):
---------------

Timing errors: 0  Score: 0
Cumulative negative slack: 0

Constraints cover 7 paths, 1 nets, and 11 connections (84.62% coverage)



Timing summary (Setup and Hold):
---------------

Timing errors: 0 (setup), 0 (hold)
Score: 0 (setup), 0 (hold)
Cumulative negative slack: 0 (0+0)
--------------------------------------------------------------------------------

--------------------------------------------------------------------------------

