
synthesis -f "fuzz_impl1_lattice.synproj"
synthesis:  version Diamond (64-bit) 3.14.0.75.2

Copyright (c) 1991-1994 by NeoCAD Inc. All rights reserved.
Copyright (c) 1995 AT&T Corp.   All rights reserved.
Copyright (c) 1995-2001 Lucent Technologies Inc.  All rights reserved.
Copyright (c) 2001 Agere Systems   All rights reserved.
Copyright (c) 2002-2024 Lattice Semiconductor Corporation,  All rights reserved.
Wed Jul 15 23:25:58 2026


Command Line:  synthesis -f fuzz_impl1_lattice.synproj 

INFO - synthesis: Lattice Synthesis Engine Launched.
Synthesis options:
The -a option is MachXO2.
The -s option is 5.
The -t option is TQFP100.
The -d option is LCMXO2-1200HC.
Using package TQFP100.
Using performance grade 5.
                                                          

##########################################################

### Lattice Family : MachXO2

### Device  : LCMXO2-1200HC

### Package : TQFP100

### Speed   : 5

##########################################################

                                                          

INFO - synthesis: User-Selected Strategy Settings
Optimization goal = Balanced
The -top option is not used.
Target frequency = 200.000000 MHz.
Maximum fanout = 1000.
Timing path count = 3
BRAM utilization = 100.000000 %
DSP usage = true
DSP utilization = 100.000000 %
fsm_encoding_style = auto
resolve_mixed_drivers = 0
fix_gated_clocks = 1

Mux style = Auto
Use Carry Chain = true
carry_chain_length = 0
Loop Limit = 1950.
Use IO Insertion = TRUE
Use IO Reg = AUTO

Resource Sharing = TRUE
Propagate Constants = TRUE
Remove Duplicate Registers = TRUE
force_gsr = auto
ROM style = auto
RAM style = auto
The -comp option is FALSE.
The -syn option is FALSE.
-p /mnt/2tb/git/pluribus/diamond-fuzz/targets/pll_pll_use_wb_enabled (searchpath added)
-p /home/dan/lscc/diamond/3.14/ispfpga/xo2c00/data (searchpath added)
-p /mnt/2tb/git/pluribus/diamond-fuzz/targets/pll_pll_use_wb_enabled/impl1 (searchpath added)
-p /mnt/2tb/git/pluribus/diamond-fuzz/targets/pll_pll_use_wb_enabled (searchpath added)
Verilog design file = /mnt/2tb/git/pluribus/diamond-fuzz/targets/pll_pll_use_wb_enabled/fuzz.v
NGD file = fuzz_impl1.ngd
-sdc option: SDC file input not used.
-lpf option: Output file option is ON.
Hardtimer checking is enabled (default). The -dt option is not used.
The -r option is OFF. [ Remove LOC Properties is OFF. ]
WARNING - synthesis: Setting fuzz as the top-level module. To specify the top-level module explicitly, use the -top option.
Technology check ok...

Analyzing Verilog file /home/dan/lscc/diamond/3.14/ispfpga/userware/unix/SYNTHESIS_HEADERS/machxo2.v. VERI-1482
Compile design.
Compile Design Begin
Analyzing Verilog file /mnt/2tb/git/pluribus/diamond-fuzz/targets/pll_pll_use_wb_enabled/fuzz.v. VERI-1482
Analyzing Verilog file /home/dan/lscc/diamond/3.14/ispfpga/userware/unix/SYNTHESIS_HEADERS/machxo2.v. VERI-1482
Top module name (Verilog): fuzz
INFO - synthesis: /mnt/2tb/git/pluribus/diamond-fuzz/targets/pll_pll_use_wb_enabled/fuzz.v(1): compiling module fuzz. VERI-1018
INFO - synthesis: /home/dan/lscc/diamond/3.14/ispfpga/userware/unix/SYNTHESIS_HEADERS/machxo2.v(1730): compiling module EHXPLLJ(CLKOP_DIV=1,FEEDBK_PATH="INT_DIVA",PLL_USE_WB="ENABLED"). VERI-1018
Last elaborated design is fuzz()
Loading NGL library '/home/dan/lscc/diamond/3.14/ispfpga/xo2c00a/data/xo2alib.ngl'...
Loading NGL library '/home/dan/lscc/diamond/3.14/ispfpga/xo2c00/data/xo2clib.ngl'...
Loading NGL library '/home/dan/lscc/diamond/3.14/ispfpga/mg5g00/data/mg5glib.ngl'...
Loading NGL library '/home/dan/lscc/diamond/3.14/ispfpga/or5g00/data/orc5glib.ngl'...
Loading device for application map from file 'xo2c1200.nph' in environment: /home/dan/lscc/diamond/3.14/ispfpga.
Package Status:                     Final          Version 1.44.
Top-level module name = fuzz.



GSR will not be inferred because no asynchronous signal was found in the netlist.
Applying 200.000000 MHz constraint to all clocks

WARNING - synthesis: No user .sdc file.
Results of NGD DRC are available in fuzz_drc.log.
Loading NGL library '/home/dan/lscc/diamond/3.14/ispfpga/xo2c00a/data/xo2alib.ngl'...
Loading NGL library '/home/dan/lscc/diamond/3.14/ispfpga/xo2c00/data/xo2clib.ngl'...
Loading NGL library '/home/dan/lscc/diamond/3.14/ispfpga/mg5g00/data/mg5glib.ngl'...
Loading NGL library '/home/dan/lscc/diamond/3.14/ispfpga/or5g00/data/orc5glib.ngl'...


Running DRC...

DRC complete with no errors or warnings

Design Results:
      8 blocks expanded
completed the first expansion
All blocks are expanded and NGD expansion is successful.
Writing NGD file fuzz_impl1.ngd.

################### Begin Area Report (fuzz)######################
Number of register bits => 1 of 1520 (0 % )
EHXPLLJ => 1
FD1S3AX => 1
GSR => 1
IB => 1
OB => 1
################### End Area Report ##################

################### Begin BlackBox Report ######################
TSALL => 1
################### End BlackBox Report ##################

################### Begin Clock Report ######################
Clock Nets
Number of Clocks: 2
  Net : clk_c, loads : 1
  Net : clkop_w, loads : 1
Clock Enable Nets
Number of Clock Enables: 0
Top 0 highest fanout Clock Enables:
Highest fanout non-clock nets
Top 10 highest fanout non-clock nets:
  Net : out0_c, loads : 1
  Net : lock_w, loads : 1
  Net : out0, loads : 0
################### End Clock Report ##################

Timing Report Summary
--------------
--------------------------------------------------------------------------------
Constraint                              |   Constraint|       Actual|Levels
--------------------------------------------------------------------------------
                                        |             |             |
create_clock -period 5.000000 -name     |             |             |
clk0 [get_nets clkop_w]                 |            -|            -|     0  
                                        |             |             |
--------------------------------------------------------------------------------


All constraints were met.


Peak Memory Usage: 174.914  MB

--------------------------------------------------------------
Elapsed CPU time for LSE flow : 0.092  secs
--------------------------------------------------------------

map -a "MachXO2" -p LCMXO2-1200HC -t TQFP100 -s 5 -oc Commercial   "fuzz_impl1.ngd" -o "fuzz_impl1_map.ncd" -pr "fuzz_impl1.prf" -mp "fuzz_impl1.mrp" -lpf "/mnt/2tb/git/pluribus/diamond-fuzz/targets/pll_pll_use_wb_enabled/impl1/fuzz_impl1.lpf" -lpf "/mnt/2tb/git/pluribus/diamond-fuzz/targets/pll_pll_use_wb_enabled/fuzz.lpf"  -c 0           
map:  version Diamond (64-bit) 3.14.0.75.2

Copyright (c) 1991-1994 by NeoCAD Inc. All rights reserved.
Copyright (c) 1995 AT&T Corp.   All rights reserved.
Copyright (c) 1995-2001 Lucent Technologies Inc.  All rights reserved.
Copyright (c) 2001 Agere Systems   All rights reserved.
Copyright (c) 2002-2024 Lattice Semiconductor Corporation,  All rights reserved.
   Process the file: fuzz_impl1.ngd
   Picdevice="LCMXO2-1200HC"

   Pictype="TQFP100"

   Picspeed=5

   Remove unused logic

   Do not produce over sized NCDs.

Part used: LCMXO2-1200HCTQFP100, Performance used: 5.

Loading device for application map from file 'xo2c1200.nph' in environment: /home/dan/lscc/diamond/3.14/ispfpga.
Package Status:                     Final          Version 1.44.

Running general design DRC...

Removing unused logic...

Optimizing...

WARNING - map: Input frequency for EHXPLLJ component 'u0' not specified. The EHXPLLJ component should have the input frequency defined by the FREQUENCY preference. Using the default of 100.00 Mhz in the absence of specified value.

WARNING - map: The EHXPLLJ component 'u0' has a new signal 'u0_CLKINTFB_TO_CLKFB' added as feedback from CLKINTFB port to CLKFB port based on FEEDBK_PATH property setting.
ERROR - map: The EHXPLLJ component 'u0' has port(s) connected for wishbone related operation. The following port(s) also need to be connected for wishbone related operation: PLLCLK,PLLRST,PLLSTB,PLLWE,PLLDATI0,PLLDATI1,PLLDATI2,PLLDATI3,PLLDATI4,PLLDATI5,PLLDATI6,PLLDATI7,PLLADDR0,PLLADDR1,PLLADDR2,PLLADDR3,PLLADDR4,PLLDATO0,PLLDATO1,PLLDATO2,PLLDATO3,PLLDATO4,PLLDATO5,PLLDATO6,PLLDATO7,PLLACK.
WARNING - map: EHXPLLJ 'u0' cannot obtain FREQUENCY_PIN_CLKOP=-1.000 when FREQUENCY_PIN_CLKI=100.000, CLKI_DIV=1, CLKFB_DIV=1, CLKOP_DIV=1.
INFO - map: Errors found in user's design.  Output files not written. Check map report for more details.
 

   Number of warnings:  3
   Number of errors:    1

Running milestone "PAR" failed
    while executing
"prj_run PAR    -impl impl1"
    (file "/mnt/2tb/git/pluribus/diamond-fuzz/targets/pll_pll_use_wb_enabled/run.tcl" line 2)
