--------------------------------------------------------------------------------
Lattice Synthesis Timing Report, Version  
Mon Jun 29 22:54:35 2026

Copyright (c) 1991-1994 by NeoCAD Inc. All rights reserved.
Copyright (c) 1995 AT&T Corp.   All rights reserved.
Copyright (c) 1995-2001 Lucent Technologies Inc.  All rights reserved.
Copyright (c) 2001 Agere Systems   All rights reserved.
Copyright (c) 2002-2024 Lattice Semiconductor Corporation,  All rights reserved.

Report Information
------------------
Design:     fuzz
Constraint file:  
Report level:    verbose report, limited to 3 items per constraint
--------------------------------------------------------------------------------



================================================================================
Constraint: create_clock -period 5.000000 -name clk0 [get_nets clk_c]
            9 items scored, 9 timing errors detected.
--------------------------------------------------------------------------------


Error:  The following path violates requirements by 2.868ns

 Logical Details:  Cell type  Pin type       Cell name  (clock net +/-)

   Source:         SP8KC      CLK            u0  (from clk_c +)
   Destination:    FD1S3AX    D              out0_r_6  (to clk_c +)

   Delay:                   7.722ns  (69.4% logic, 30.6% route), 3 logic levels.

 Constraint Details:

      7.722ns data_path u0 to out0_r_6 violates
      5.000ns delay constraint less
      0.146ns L_S requirement (totaling 4.854ns) by 2.868ns

 Path Details: u0 to out0_r_6

   Name    Fanout   Delay (ns)          Pins               Resource(Cell.Net)
EBSR_CO     ---     4.462            CLK to DO[9]          u0 (from clk_c)
Route         1   e 0.788                                  do_w[7]
LUT4        ---     0.448              D to Z              i6_4_lut
Route         1   e 0.788                                  n15
LUT4        ---     0.448              A to Z              i8_4_lut
Route         1   e 0.788                                  out0_N_1
                  --------
                    7.722  (69.4% logic, 30.6% route), 3 logic levels.


Error:  The following path violates requirements by 2.868ns

 Logical Details:  Cell type  Pin type       Cell name  (clock net +/-)

   Source:         SP8KC      CLK            u0  (from clk_c +)
   Destination:    FD1S3AX    D              out0_r_6  (to clk_c +)

   Delay:                   7.722ns  (69.4% logic, 30.6% route), 3 logic levels.

 Constraint Details:

      7.722ns data_path u0 to out0_r_6 violates
      5.000ns delay constraint less
      0.146ns L_S requirement (totaling 4.854ns) by 2.868ns

 Path Details: u0 to out0_r_6

   Name    Fanout   Delay (ns)          Pins               Resource(Cell.Net)
EBSR_CO     ---     4.462            CLK to DO[9]          u0 (from clk_c)
Route         1   e 0.788                                  do_w[6]
LUT4        ---     0.448              A to Z              i6_4_lut
Route         1   e 0.788                                  n15
LUT4        ---     0.448              A to Z              i8_4_lut
Route         1   e 0.788                                  out0_N_1
                  --------
                    7.722  (69.4% logic, 30.6% route), 3 logic levels.


Error:  The following path violates requirements by 2.868ns

 Logical Details:  Cell type  Pin type       Cell name  (clock net +/-)

   Source:         SP8KC      CLK            u0  (from clk_c +)
   Destination:    FD1S3AX    D              out0_r_6  (to clk_c +)

   Delay:                   7.722ns  (69.4% logic, 30.6% route), 3 logic levels.

 Constraint Details:

      7.722ns data_path u0 to out0_r_6 violates
      5.000ns delay constraint less
      0.146ns L_S requirement (totaling 4.854ns) by 2.868ns

 Path Details: u0 to out0_r_6

   Name    Fanout   Delay (ns)          Pins               Resource(Cell.Net)
EBSR_CO     ---     4.462            CLK to DO[9]          u0 (from clk_c)
Route         1   e 0.788                                  do_w[8]
LUT4        ---     0.448              B to Z              i6_4_lut
Route         1   e 0.788                                  n15
LUT4        ---     0.448              A to Z              i8_4_lut
Route         1   e 0.788                                  out0_N_1
                  --------
                    7.722  (69.4% logic, 30.6% route), 3 logic levels.

Warning: 7.868 ns is the maximum delay for this constraint.


Timing Report Summary
--------------
--------------------------------------------------------------------------------
Constraint                              |   Constraint|       Actual|Levels
--------------------------------------------------------------------------------
                                        |             |             |
create_clock -period 5.000000 -name     |             |             |
clk0 [get_nets clk_c]                   |     5.000 ns|     7.868 ns|     3 *
                                        |             |             |
--------------------------------------------------------------------------------


1 constraints not met.

--------------------------------------------------------------------------------
Critical Nets                           |   Loads|  Errors| % of total
--------------------------------------------------------------------------------
out0_N_1                                |       1|       9|     99.00%
                                        |        |        |
n15                                     |       1|       4|     44.44%
                                        |        |        |
n14                                     |       1|       3|     33.33%
                                        |        |        |
do_w[0]                                 |       1|       1|     11.11%
                                        |        |        |
do_w[1]                                 |       1|       1|     11.11%
                                        |        |        |
do_w[2]                                 |       1|       1|     11.11%
                                        |        |        |
do_w[3]                                 |       1|       1|     11.11%
                                        |        |        |
do_w[4]                                 |       1|       1|     11.11%
                                        |        |        |
do_w[5]                                 |       1|       1|     11.11%
                                        |        |        |
do_w[6]                                 |       1|       1|     11.11%
                                        |        |        |
do_w[7]                                 |       1|       1|     11.11%
                                        |        |        |
do_w[8]                                 |       1|       1|     11.11%
                                        |        |        |
--------------------------------------------------------------------------------


Timing summary:
---------------

Timing errors: 9  Score: 23340

Constraints cover  9 paths, 13 nets, and 14 connections (93.3% coverage)


Peak memory: 181374976 bytes, TRCE: 540672 bytes, DLYMAN: 0 bytes
CPU_TIME_REPORT: 0 secs 
