
Loading design for application trce from file fuzz_impl1.ncd.
Design name: fuzz
NCD version: 3.3
Vendor:      LATTICE
Device:      LCMXO2-1200HC
Package:     TQFP100
Performance: 5
Loading device for application trce from file 'xo2c1200.nph' in environment: /home/dan/lscc/diamond/3.14/ispfpga.
Package Status:                     Final          Version 1.44.
Performance Hardware Data Status:   Final          Version 36.4.
Setup and Hold Report

--------------------------------------------------------------------------------
Lattice TRACE Report - Setup, Version Diamond (64-bit) 3.14.0.75.2
Tue Jun 30 09:08:56 2026

Copyright (c) 1991-1994 by NeoCAD Inc. All rights reserved.
Copyright (c) 1995 AT&T Corp.   All rights reserved.
Copyright (c) 1995-2001 Lucent Technologies Inc.  All rights reserved.
Copyright (c) 2001 Agere Systems   All rights reserved.
Copyright (c) 2002-2024 Lattice Semiconductor Corporation,  All rights reserved.

Report Information
------------------
Command line:    trce -v 10 -gt -sethld -sp 5 -sphld m -o fuzz_impl1.twr fuzz_impl1.ncd fuzz_impl1.prf 
Design file:     fuzz_impl1.ncd
Preference file: fuzz_impl1.prf
Device,speed:    LCMXO2-1200HC,5
Report level:    verbose report, limited to 10 items per preference
--------------------------------------------------------------------------------

BLOCK ASYNCPATHS
BLOCK RESETPATHS
--------------------------------------------------------------------------------



================================================================================
Preference: FREQUENCY PORT "clk" 100.000000 MHz ;
            1 item scored, 0 timing errors detected.
--------------------------------------------------------------------------------


Passed:  The following path meets requirements by 3.340ns
         The internal maximum frequency of the following component is 150.150 MHz

 Logical Details:  Cell type  Pin name       Component name

   Destination:    PIO        PAD            clk

   Delay:               6.660ns -- based on Minimum Pulse Width


Passed: The following path meets requirements by 8.785ns

 Logical Details:  Cell type  Pin type       Cell/ASIC name  (clock net +/-)

   Source:         FF         Q              u0  (from clk_c +)
   Destination:    FF         Data in        out0_r_5  (to clk_c +)

   Delay:               0.912ns  (44.8% logic, 55.2% route), 1 logic levels.

 Constraint Details:

      0.912ns physical path delay SLICE_1 to SLICE_1 meets
     10.000ns delay constraint less
      0.000ns skew and
      0.303ns M_SET requirement (totaling 9.697ns) by 8.785ns

 Physical Path Details:

      Data path SLICE_1 to SLICE_1:

   Name    Fanout   Delay (ns)          Site               Resource
REG_DEL     ---     0.409     R2C12A.CLK to      R2C12A.Q0 SLICE_1 (from clk_c)
ROUTE         1     0.503      R2C12A.Q0 to      R2C12A.M1 q_w (to clk_c)
                  --------
                    0.912   (44.8% logic, 55.2% route), 1 logic levels.

 Clock Skew Details: 

      Source Clock Path clk to SLICE_1:

   Name    Fanout   Delay (ns)          Site               Resource
ROUTE         1     1.640       88.PADDI to     R2C12A.CLK clk_c
                  --------
                    1.640   (0.0% logic, 100.0% route), 0 logic levels.

      Destination Clock Path clk to SLICE_1:

   Name    Fanout   Delay (ns)          Site               Resource
ROUTE         1     1.640       88.PADDI to     R2C12A.CLK clk_c
                  --------
                    1.640   (0.0% logic, 100.0% route), 0 logic levels.

Report:  150.150MHz is the maximum frequency for this preference.

Report Summary
--------------
----------------------------------------------------------------------------
Preference                              |   Constraint|       Actual|Levels
----------------------------------------------------------------------------
                                        |             |             |
FREQUENCY PORT "clk" 100.000000 MHz ;   |  100.000 MHz|  150.150 MHz|   0  
                                        |             |             |
----------------------------------------------------------------------------


All preferences were met.


Clock Domains Analysis
------------------------

Found 1 clocks:

Clock Domain: clk_c   Source: clk.PAD   Loads: 1
   Covered under: FREQUENCY PORT "clk" 100.000000 MHz ;


Timing summary (Setup):
---------------

Timing errors: 0  Score: 0
Cumulative negative slack: 0

Constraints cover 1 paths, 1 nets, and 2 connections (50.00% coverage)

--------------------------------------------------------------------------------
Lattice TRACE Report - Hold, Version Diamond (64-bit) 3.14.0.75.2
Tue Jun 30 09:08:56 2026

Copyright (c) 1991-1994 by NeoCAD Inc. All rights reserved.
Copyright (c) 1995 AT&T Corp.   All rights reserved.
Copyright (c) 1995-2001 Lucent Technologies Inc.  All rights reserved.
Copyright (c) 2001 Agere Systems   All rights reserved.
Copyright (c) 2002-2024 Lattice Semiconductor Corporation,  All rights reserved.

Report Information
------------------
Command line:    trce -v 10 -gt -sethld -sp 5 -sphld m -o fuzz_impl1.twr fuzz_impl1.ncd fuzz_impl1.prf 
Design file:     fuzz_impl1.ncd
Preference file: fuzz_impl1.prf
Device,speed:    LCMXO2-1200HC,m
Report level:    verbose report, limited to 10 items per preference
--------------------------------------------------------------------------------

BLOCK ASYNCPATHS
BLOCK RESETPATHS
--------------------------------------------------------------------------------



================================================================================
Preference: FREQUENCY PORT "clk" 100.000000 MHz ;
            1 item scored, 0 timing errors detected.
--------------------------------------------------------------------------------


Passed: The following path meets requirements by 0.304ns

 Logical Details:  Cell type  Pin type       Cell/ASIC name  (clock net +/-)

   Source:         FF         Q              u0  (from clk_c +)
   Destination:    FF         Data in        out0_r_5  (to clk_c +)

   Delay:               0.285ns  (46.7% logic, 53.3% route), 1 logic levels.

 Constraint Details:

      0.285ns physical path delay SLICE_1 to SLICE_1 meets
     -0.019ns M_HLD and
      0.000ns delay constraint less
      0.000ns skew requirement (totaling -0.019ns) by 0.304ns

 Physical Path Details:

      Data path SLICE_1 to SLICE_1:

   Name    Fanout   Delay (ns)          Site               Resource
REG_DEL     ---     0.133     R2C12A.CLK to      R2C12A.Q0 SLICE_1 (from clk_c)
ROUTE         1     0.152      R2C12A.Q0 to      R2C12A.M1 q_w (to clk_c)
                  --------
                    0.285   (46.7% logic, 53.3% route), 1 logic levels.

 Clock Skew Details: 

      Source Clock Path clk to SLICE_1:

   Name    Fanout   Delay (ns)          Site               Resource
ROUTE         1     0.596       88.PADDI to     R2C12A.CLK clk_c
                  --------
                    0.596   (0.0% logic, 100.0% route), 0 logic levels.

      Destination Clock Path clk to SLICE_1:

   Name    Fanout   Delay (ns)          Site               Resource
ROUTE         1     0.596       88.PADDI to     R2C12A.CLK clk_c
                  --------
                    0.596   (0.0% logic, 100.0% route), 0 logic levels.

Report Summary
--------------
----------------------------------------------------------------------------
Preference(MIN Delays)                  |   Constraint|       Actual|Levels
----------------------------------------------------------------------------
                                        |             |             |
FREQUENCY PORT "clk" 100.000000 MHz ;   |            -|            -|   1  
                                        |             |             |
----------------------------------------------------------------------------


All preferences were met.


Clock Domains Analysis
------------------------

Found 1 clocks:

Clock Domain: clk_c   Source: clk.PAD   Loads: 1
   Covered under: FREQUENCY PORT "clk" 100.000000 MHz ;


Timing summary (Hold):
---------------

Timing errors: 0  Score: 0
Cumulative negative slack: 0

Constraints cover 1 paths, 1 nets, and 2 connections (50.00% coverage)



Timing summary (Setup and Hold):
---------------

Timing errors: 0 (setup), 0 (hold)
Score: 0 (setup), 0 (hold)
Cumulative negative slack: 0 (0+0)
--------------------------------------------------------------------------------

--------------------------------------------------------------------------------

