
             Lattice Mapping Report File for Design Module 'fuzz'


Design Information
------------------

Command line:   map -a MachXO2 -p LCMXO2-1200HC -t TQFP100 -s 5 -oc Commercial
     fuzz_impl1.ngd -o fuzz_impl1_map.ncd -pr fuzz_impl1.prf -mp fuzz_impl1.mrp
     -lpf /mnt/2tb/git/awto-2000/fpga/diamond/fuzz/targets/osch_freq_48_00mhz/im
     pl1/fuzz_impl1.lpf -lpf /mnt/2tb/git/awto-2000/fpga/diamond/fuzz/targets/os
     ch_freq_48_00mhz/fuzz.lpf -c 0 
Target Vendor:  LATTICE
Target Device:  LCMXO2-1200HCTQFP100
Target Performance:   5
Mapper:  xo2c00,  version:  Diamond (64-bit) 3.14.0.75.2
Mapped on:  06/29/26  22:53:53

Design Summary
--------------

   Number of registers:      1 out of  1520 (0%)
      PFU registers:            1 out of  1280 (0%)
      PIO registers:            0 out of   240 (0%)
   Number of SLICEs:         1 out of   640 (0%)
      SLICEs as Logic/ROM:      1 out of   640 (0%)
      SLICEs as RAM:            0 out of   480 (0%)
      SLICEs as Carry:          0 out of   640 (0%)
   Number of LUT4s:          1 out of  1280 (0%)
      Number used as logic LUTs:          1
      Number used as distributed RAM:     0
      Number used as ripple logic:        0
      Number used as shift registers:     0
   Number of PIO sites used: 1 + 4(JTAG) out of 80 (6%)
   Number of block RAMs:  0 out of 7 (0%)
   Number of GSRs:        0 out of 1 (0%)
   EFB used :        No
   JTAG used :       No
   Readback used :   No
   Oscillator used : Yes
   Startup used :    No
   POR :             On
   Bandgap :         On
   Number of Power Controller:  0 out of 1 (0%)
   Number of Dynamic Bank Controller (BCINRD):  0 out of 4 (0%)
   Number of Dynamic Bank Controller (BCLVDSO):  0 out of 1 (0%)
   Number of DCCA:  0 out of 8 (0%)
   Number of DCMA:  0 out of 2 (0%)
   Number of PLLs:  0 out of 1 (0%)
   Number of DQSDLLs:  0 out of 2 (0%)
   Number of CLKDIVC:  0 out of 4 (0%)
   Number of ECLKSYNCA:  0 out of 4 (0%)
   Number of ECLKBRIDGECS:  0 out of 2 (0%)
   Notes:-
      1. Total number of LUT4s = (Number of logic LUT4s) + 2*(Number of
     distributed RAMs) + 2*(Number of ripple logic)
      2. Number of logic LUT4s does not include count of distributed RAM and
     ripple logic.
   Number of clocks:  1
     Net osc_w: 1 loads, 1 rising, 0 falling (Driver: u0 )
   Number of Clock Enables:  0
   Number of LSRs:  0

                                    Page 1




Design:  fuzz                                          Date:  06/29/26  22:53:53

Design Summary (cont)
---------------------
   Number of nets driven by tri-state buffers:  0
   Top 10 highest fanout non-clock nets:
     Net out0_c: 2 loads
     Net out0_N_2: 1 loads




   Number of warnings:  5
   Number of errors:    0
     

Design Errors/Warnings
----------------------

WARNING - map: /mnt/2tb/git/awto-2000/fpga/diamond/fuzz/targets/osch_freq_48_00m
     hz/fuzz.lpf(10): Semantic error in "FREQUENCY PORT "clk" 100.000000 MHz ;":
     "clk" matches no ports in the design.  This preference has been disabled.
WARNING - map: /mnt/2tb/git/awto-2000/fpga/diamond/fuzz/targets/osch_freq_48_00m
     hz/fuzz.lpf(5): Semantic error in "IOBUF PORT "clk" IO_TYPE=LVCMOS33 ;":
     Port "clk" does not exist in the design. This preference has been disabled.
WARNING - map: input pad net 'clk' has no legal load.
WARNING - map: OSCH 'u0' has invalid frequency 'NOM_FREQ' value of 48.00 MHz.
     Valid values are 2.08,2.15,2.22,2.29,2.38,2.46,2.56,2.66,2.77,2.89,3.02,3.1
     7,3.33,3.50,3.69,3.91,4.16,4.29,4.43,4.59,4.75,4.93,5.12,5.32,5.54,5.78,6.0
     5,6.33,6.65,7.00,7.39,7.82,8.31,8.58,8.87,9.17,9.50,9.85,10.23,10.64,11.08,
     11.57,12.09,12.67,13.30,14.00,14.78,15.65,16.63,17.73,19.00,20.46,22.17,24.
     18,26.60,29.56,33.25,38.00,44.33,53.20,66.50,88.67,133.00 MHz. Using
     default value of 2.08 MHz.
WARNING - map: IO buffer missing for top level port clk...logic will be
     discarded.

IO (PIO) Attributes
-------------------

+---------------------+-----------+-----------+------------+
| IO Name             | Direction | Levelmode | IO         |
|                     |           |  IO_TYPE  | Register   |
+---------------------+-----------+-----------+------------+
| out0                | OUTPUT    | LVCMOS33  |            |
+---------------------+-----------+-----------+------------+

Removed logic
-------------

Block i15 undriven or does not drive anything - clipped.
Block GSR_INST undriven or does not drive anything - clipped.
Signal GND_net undriven or does not drive anything - clipped.
Signal VCC_net undriven or does not drive anything - clipped.
Block i1 was optimized away.

     





                                    Page 2




Design:  fuzz                                          Date:  06/29/26  22:53:53

OSC Summary
-----------

OSC 1:                                     Pin/Node Value
  OSC Instance Name:                                u0
  OSC Type:                                         OSCH
  STDBY Input:                                      NONE
  OSC Output:                              NODE     osc_w
  OSC Nominal Frequency (MHz):                      2.08

ASIC Components
---------------

Instance Name: u0
         Type: OSCH

Run Time and Memory Usage
-------------------------

   Total CPU Time: 0 secs  
   Total REAL Time: 0 secs  
   Peak Memory Usage: 159 MB
        




































                                    Page 3


Copyright (c) 1991-1994 by NeoCAD Inc. All rights reserved.
     Copyright (c) 1995 AT&T Corp.   All rights reserved.
     Copyright (c) 1995-2001 Lucent Technologies Inc.  All rights reserved.
     Copyright (c) 2001 Agere Systems   All rights reserved.
     Copyright (c) 2002-2024 Lattice Semiconductor Corporation,  All rights
     reserved.
