--------------------------------------------------------------------------------
Lattice Synthesis Timing Report, Version  
Wed Jul 15 23:37:43 2026

Copyright (c) 1991-1994 by NeoCAD Inc. All rights reserved.
Copyright (c) 1995 AT&T Corp.   All rights reserved.
Copyright (c) 1995-2001 Lucent Technologies Inc.  All rights reserved.
Copyright (c) 2001 Agere Systems   All rights reserved.
Copyright (c) 2002-2024 Lattice Semiconductor Corporation,  All rights reserved.

Report Information
------------------
Design:     fuzz
Constraint file:  
Report level:    verbose report, limited to 3 items per constraint
--------------------------------------------------------------------------------



================================================================================
Constraint: create_clock -period 5.000000 -name clk0 [get_nets sck_c]
            7 items scored, 0 timing errors detected.
--------------------------------------------------------------------------------


Passed:  The following path meets requirements by 1.345ns

 Logical Details:  Cell type  Pin type       Cell name  (clock net +/-)

   Source:         FD1S3IX    CK             cnt_14_42__i1  (from sck_c +)
   Destination:    FD1S3IX    D              cnt_14_42__i2  (to sck_c +)

   Delay:                   3.509ns  (48.4% logic, 51.6% route), 3 logic levels.

 Constraint Details:

      3.509ns data_path cnt_14_42__i1 to cnt_14_42__i2 meets
      5.000ns delay constraint less
      0.146ns L_S requirement (totaling 4.854ns) by 1.345ns

 Path Details: cnt_14_42__i1 to cnt_14_42__i2

   Name    Fanout   Delay (ns)          Pins               Resource(Cell.Net)
L_CO        ---     0.403             CK to Q              cnt_14_42__i1 (from sck_c)
Route         2   e 1.002                                  cnt[0]
A1_TO_FCO   ---     0.752           A[2] to COUT           cnt_14_42_add_4_1
Route         1   e 0.020                                  n75
FCI_TO_F    ---     0.544            CIN to S[2]           cnt_14_42_add_4_3
Route         1   e 0.788                                  n19
                  --------
                    3.509  (48.4% logic, 51.6% route), 3 logic levels.


Passed:  The following path meets requirements by 1.345ns

 Logical Details:  Cell type  Pin type       Cell name  (clock net +/-)

   Source:         FD1S3IX    CK             cnt_14_42__i1  (from sck_c +)
   Destination:    FD1S3IX    D              cnt_14_42__i3  (to sck_c +)

   Delay:                   3.509ns  (48.4% logic, 51.6% route), 3 logic levels.

 Constraint Details:

      3.509ns data_path cnt_14_42__i1 to cnt_14_42__i3 meets
      5.000ns delay constraint less
      0.146ns L_S requirement (totaling 4.854ns) by 1.345ns

 Path Details: cnt_14_42__i1 to cnt_14_42__i3

   Name    Fanout   Delay (ns)          Pins               Resource(Cell.Net)
L_CO        ---     0.403             CK to Q              cnt_14_42__i1 (from sck_c)
Route         2   e 1.002                                  cnt[0]
A1_TO_FCO   ---     0.752           A[2] to COUT           cnt_14_42_add_4_1
Route         1   e 0.020                                  n75
FCI_TO_F    ---     0.544            CIN to S[2]           cnt_14_42_add_4_3
Route         1   e 0.788                                  n18
                  --------
                    3.509  (48.4% logic, 51.6% route), 3 logic levels.


Passed:  The following path meets requirements by 2.213ns

 Logical Details:  Cell type  Pin type       Cell name  (clock net +/-)

   Source:         FD1S3IX    CK             cnt_14_42__i1  (from sck_c +)
   Destination:    FD1S3IX    D              cnt_14_42__i1  (to sck_c +)

   Delay:                   2.641ns  (32.2% logic, 67.8% route), 2 logic levels.

 Constraint Details:

      2.641ns data_path cnt_14_42__i1 to cnt_14_42__i1 meets
      5.000ns delay constraint less
      0.146ns L_S requirement (totaling 4.854ns) by 2.213ns

 Path Details: cnt_14_42__i1 to cnt_14_42__i1

   Name    Fanout   Delay (ns)          Pins               Resource(Cell.Net)
L_CO        ---     0.403             CK to Q              cnt_14_42__i1 (from sck_c)
Route         2   e 1.002                                  cnt[0]
A1_TO_F     ---     0.448           A[2] to S[2]           cnt_14_42_add_4_1
Route         1   e 0.788                                  n20
                  --------
                    2.641  (32.2% logic, 67.8% route), 2 logic levels.

Report: 3.655 ns is the maximum delay for this constraint.


Timing Report Summary
--------------
--------------------------------------------------------------------------------
Constraint                              |   Constraint|       Actual|Levels
--------------------------------------------------------------------------------
                                        |             |             |
create_clock -period 5.000000 -name     |             |             |
clk0 [get_nets sck_c]                   |     5.000 ns|     3.655 ns|     3  
                                        |             |             |
--------------------------------------------------------------------------------


All constraints were met.



Timing summary:
---------------

Timing errors: 0  Score: 0

Constraints cover  7 paths, 8 nets, and 10 connections (62.5% coverage)


Peak memory: 181358592 bytes, TRCE: 688128 bytes, DLYMAN: 0 bytes
CPU_TIME_REPORT: 0 secs 
