--------------------------------------------------------------------------------
Lattice Synthesis Timing Report, Version  
Thu Jul 16 00:13:46 2026

Copyright (c) 1991-1994 by NeoCAD Inc. All rights reserved.
Copyright (c) 1995 AT&T Corp.   All rights reserved.
Copyright (c) 1995-2001 Lucent Technologies Inc.  All rights reserved.
Copyright (c) 2001 Agere Systems   All rights reserved.
Copyright (c) 2002-2024 Lattice Semiconductor Corporation,  All rights reserved.

Report Information
------------------
Design:     fuzz
Constraint file:  
Report level:    verbose report, limited to 3 items per constraint
--------------------------------------------------------------------------------



================================================================================
Constraint: create_clock -period 5.000000 -name clk0 [get_nets clk_c]
            18 items scored, 0 timing errors detected.
--------------------------------------------------------------------------------


Passed:  The following path meets requirements by 0.358ns

 Logical Details:  Cell type  Pin type       Cell name  (clock net +/-)

   Source:         PDPW8KC    CLKR           u0  (from clk_c +)
   Destination:    FD1S3AX    D              r_6  (to clk_c +)

   Delay:                   4.496ns  (29.9% logic, 70.1% route), 4 logic levels.

 Constraint Details:

      4.496ns data_path u0 to r_6 meets
      5.000ns delay constraint less
      0.146ns L_S requirement (totaling 4.854ns) by 0.358ns

 Path Details: u0 to r_6

   Name    Fanout   Delay (ns)          Pins               Resource(Cell.Net)
EBR_CO      ---     0.000           CLKR to DO[18]         u0 (from clk_c)
Route         1   e 0.788                                  o[15]
LUT4        ---     0.448              B to Z              i13_4_lut
Route         1   e 0.788                                  n31
LUT4        ---     0.448              A to Z              i16_4_lut
Route         1   e 0.788                                  n34
LUT4        ---     0.448              B to Z              i17_4_lut
Route         1   e 0.788                                  out0_N_1
                  --------
                    4.496  (29.9% logic, 70.1% route), 4 logic levels.


Passed:  The following path meets requirements by 0.358ns

 Logical Details:  Cell type  Pin type       Cell name  (clock net +/-)

   Source:         PDPW8KC    CLKR           u0  (from clk_c +)
   Destination:    FD1S3AX    D              r_6  (to clk_c +)

   Delay:                   4.496ns  (29.9% logic, 70.1% route), 4 logic levels.

 Constraint Details:

      4.496ns data_path u0 to r_6 meets
      5.000ns delay constraint less
      0.146ns L_S requirement (totaling 4.854ns) by 0.358ns

 Path Details: u0 to r_6

   Name    Fanout   Delay (ns)          Pins               Resource(Cell.Net)
EBR_CO      ---     0.000           CLKR to DO[18]         u0 (from clk_c)
Route         1   e 0.788                                  o[6]
LUT4        ---     0.448              B to Z              i10_4_lut
Route         1   e 0.788                                  n28
LUT4        ---     0.448              C to Z              i16_4_lut
Route         1   e 0.788                                  n34
LUT4        ---     0.448              B to Z              i17_4_lut
Route         1   e 0.788                                  out0_N_1
                  --------
                    4.496  (29.9% logic, 70.1% route), 4 logic levels.


Passed:  The following path meets requirements by 0.358ns

 Logical Details:  Cell type  Pin type       Cell name  (clock net +/-)

   Source:         PDPW8KC    CLKR           u0  (from clk_c +)
   Destination:    FD1S3AX    D              r_6  (to clk_c +)

   Delay:                   4.496ns  (29.9% logic, 70.1% route), 4 logic levels.

 Constraint Details:

      4.496ns data_path u0 to r_6 meets
      5.000ns delay constraint less
      0.146ns L_S requirement (totaling 4.854ns) by 0.358ns

 Path Details: u0 to r_6

   Name    Fanout   Delay (ns)          Pins               Resource(Cell.Net)
EBR_CO      ---     0.000           CLKR to DO[18]         u0 (from clk_c)
Route         1   e 0.788                                  o[4]
LUT4        ---     0.448              D to Z              i13_4_lut
Route         1   e 0.788                                  n31
LUT4        ---     0.448              A to Z              i16_4_lut
Route         1   e 0.788                                  n34
LUT4        ---     0.448              B to Z              i17_4_lut
Route         1   e 0.788                                  out0_N_1
                  --------
                    4.496  (29.9% logic, 70.1% route), 4 logic levels.

Report: 4.642 ns is the maximum delay for this constraint.


Timing Report Summary
--------------
--------------------------------------------------------------------------------
Constraint                              |   Constraint|       Actual|Levels
--------------------------------------------------------------------------------
                                        |             |             |
create_clock -period 5.000000 -name     |             |             |
clk0 [get_nets clk_c]                   |     5.000 ns|     4.642 ns|     4  
                                        |             |             |
--------------------------------------------------------------------------------


All constraints were met.



Timing summary:
---------------

Timing errors: 0  Score: 0

Constraints cover  18 paths, 26 nets, and 28 connections (96.6% coverage)


Peak memory: 181587968 bytes, TRCE: 0 bytes, DLYMAN: 0 bytes
CPU_TIME_REPORT: 0 secs 
